TN:
SF:src/assets/brand/movinesta-logo-mark.svg
FNF:0
FNH:0
LF:0
LH:0
BRF:0
BRH:0
end_of_record
TN:
SF:src/assets/brand/movinesta-logo-neon.png
FNF:0
FNH:0
LF:0
LH:0
BRF:0
BRH:0
end_of_record
TN:
SF:src/components/PageChrome.tsx
FN:20,(anonymous_0)
FN:57,(anonymous_1)
FN:115,(anonymous_2)
FNF:3
FNH:0
FNDA:0,(anonymous_0)
FNDA:0,(anonymous_1)
FNDA:0,(anonymous_2)
DA:9,3
DA:20,3
DA:21,0
DA:57,3
DA:115,3
DA:124,0
LF:6
LH:4
BRDA:32,0,0,0
BRDA:32,0,1,0
BRDA:37,1,0,0
BRDA:37,1,1,0
BRDA:61,2,0,0
BRDA:63,3,0,0
BRDA:66,4,0,0
BRDA:66,4,1,0
BRDA:120,5,0,0
BRDA:121,6,0,0
BRDA:124,7,0,0
BRDA:124,7,1,0
BRDA:129,8,0,0
BRDA:129,8,1,0
BRF:14
BRH:0
end_of_record
TN:
SF:src/components/shared/EmptyState.tsx
FN:12,(anonymous_0)
FNF:1
FNH:0
FNDA:0,(anonymous_0)
DA:12,1
LF:1
LH:1
BRDA:21,0,0,0
BRDA:21,0,1,0
BRDA:27,1,0,0
BRDA:27,1,1,0
BRDA:28,2,0,0
BRDA:28,2,1,0
BRF:6
BRH:0
end_of_record
TN:
SF:src/components/shared/SearchField.tsx
FN:8,(anonymous_0)
FNF:1
FNH:0
FNDA:0,(anonymous_0)
DA:8,1
LF:1
LH:1
BRDA:8,0,0,0
BRDA:18,1,0,0
BRDA:18,1,1,0
BRF:3
BRH:0
end_of_record
TN:
SF:src/components/shared/TopBar.tsx
FN:16,(anonymous_0)
FN:26,(anonymous_1)
FNF:2
FNH:0
FNDA:0,(anonymous_0)
FNDA:0,(anonymous_1)
DA:16,1
DA:24,0
DA:26,0
DA:27,0
DA:28,0
DA:29,0
DA:31,0
LF:7
LH:1
BRDA:19,0,0,0
BRDA:22,1,0,0
BRDA:27,2,0,0
BRDA:27,2,1,0
BRDA:36,3,0,0
BRDA:36,3,1,0
BRDA:39,4,0,0
BRDA:39,4,1,0
BRDA:50,5,0,0
BRDA:55,6,0,0
BRDA:55,6,1,0
BRF:11
BRH:0
end_of_record
TN:
SF:src/components/toasts/ToastProvider.tsx
FN:13,(anonymous_0)
FN:34,(anonymous_1)
FNF:2
FNH:0
FNDA:0,(anonymous_0)
FNDA:0,(anonymous_1)
DA:4,4
DA:11,4
DA:13,4
DA:14,0
DA:16,0
DA:34,0
LF:6
LH:3
BRDA:16,0,0,0
BRDA:16,0,1,0
BRDA:23,1,0,0
BRDA:23,1,1,0
BRF:4
BRH:0
end_of_record
TN:
SF:src/components/toasts/index.ts
FNF:0
FNH:0
LF:0
LH:0
BRF:0
BRH:0
end_of_record
TN:
SF:src/components/toasts/toast-store.ts
FN:17,(anonymous_0)
FN:18,(anonymous_1)
FN:21,(anonymous_2)
FN:24,(anonymous_3)
FN:26,(anonymous_4)
FN:28,(anonymous_5)
FN:31,(anonymous_6)
FN:32,(anonymous_7)
FN:38,(anonymous_8)
FN:55,(anonymous_9)
FN:61,(anonymous_10)
FNF:11
FNH:0
FNDA:0,(anonymous_0)
FNDA:0,(anonymous_1)
FNDA:0,(anonymous_2)
FNDA:0,(anonymous_3)
FNDA:0,(anonymous_4)
FNDA:0,(anonymous_5)
FNDA:0,(anonymous_6)
FNDA:0,(anonymous_7)
FNDA:0,(anonymous_8)
FNDA:0,(anonymous_9)
FNDA:0,(anonymous_10)
DA:14,4
DA:15,4
DA:17,4
DA:18,0
DA:21,4
DA:22,0
DA:24,4
DA:26,4
DA:27,0
DA:28,0
DA:31,4
DA:32,0
DA:33,0
DA:34,0
DA:35,0
DA:38,4
DA:43,0
DA:44,0
DA:50,0
DA:51,0
DA:53,0
DA:54,0
DA:55,0
DA:58,0
DA:61,0
LF:25
LH:8
BRDA:22,0,0,0
BRDA:22,0,1,0
BRDA:33,1,0,0
BRDA:33,1,1,0
BRDA:53,2,0,0
BRDA:53,2,1,0
BRDA:54,3,0,0
BRDA:54,3,1,0
BRF:8
BRH:0
end_of_record
TN:
SF:src/components/toasts/useToast.ts
FN:3,(anonymous_0)
FN:15,(anonymous_1)
FN:30,(anonymous_2)
FN:37,(anonymous_3)
FNF:4
FNH:0
FNDA:0,(anonymous_0)
FNDA:0,(anonymous_1)
FNDA:0,(anonymous_2)
FNDA:0,(anonymous_3)
DA:3,4
DA:4,0
DA:6,0
DA:8,0
DA:10,0
DA:14,4
DA:17,0
DA:30,0
DA:37,0
LF:9
LH:2
BRDA:4,0,0,0
BRDA:4,0,1,0
BRDA:4,0,2,0
BRDA:25,1,0,0
BRDA:25,1,1,0
BRDA:32,2,0,0
BRDA:32,2,1,0
BRDA:39,3,0,0
BRDA:39,3,1,0
BRF:9
BRH:0
end_of_record
TN:
SF:src/components/ui/Button.tsx
FN:41,(anonymous_0)
FNF:1
FNH:0
FNDA:0,(anonymous_0)
DA:7,1
DA:40,1
DA:42,0
DA:48,1
LF:4
LH:3
BRDA:41,0,0,0
BRDA:42,1,0,0
BRDA:42,1,1,0
BRF:3
BRH:0
end_of_record
TN:
SF:src/constants/brand.ts
FNF:0
FNH:0
DA:4,3
DA:5,3
LF:2
LH:2
BRF:0
BRH:0
end_of_record
TN:
SF:src/i18n/en.json
FNF:0
FNH:0
LF:0
LH:0
BRF:0
BRH:0
end_of_record
TN:
SF:src/i18n/es.json
FNF:0
FNH:0
LF:0
LH:0
BRF:0
BRH:0
end_of_record
TN:
SF:src/i18n/useI18n.ts
FN:15,resolveSystemLanguage
FN:22,resolveLanguagePreference
FN:29,getPreferredLanguageForTmdb
FN:34,useI18n
FN:35,(anonymous_4)
FN:37,(anonymous_5)
FN:40,(anonymous_6)
FNF:7
FNH:0
FNDA:0,resolveSystemLanguage
FNDA:0,resolveLanguagePreference
FNDA:0,getPreferredLanguageForTmdb
FNDA:0,useI18n
FNDA:0,(anonymous_4)
FNDA:0,(anonymous_5)
FNDA:0,(anonymous_6)
DA:6,5
DA:16,0
DA:17,0
DA:18,0
DA:19,0
DA:23,0
DA:24,0
DA:26,0
DA:30,0
DA:31,0
DA:35,0
DA:37,0
DA:39,0
DA:41,0
DA:42,0
DA:47,0
LF:16
LH:1
BRDA:16,0,0,0
BRDA:16,0,1,0
BRDA:17,1,0,0
BRDA:17,1,1,0
BRDA:18,2,0,0
BRDA:18,2,1,0
BRDA:23,3,0,0
BRDA:23,3,1,0
BRDA:26,4,0,0
BRDA:26,4,1,0
BRDA:31,5,0,0
BRDA:31,5,1,0
BRDA:41,6,0,0
BRDA:41,6,1,0
BRDA:42,7,0,0
BRDA:42,7,1,0
BRDA:42,7,2,0
BRF:17
BRH:0
end_of_record
TN:
SF:src/lib/callSupabaseFunction.ts
FN:8,callSupabaseFunction
FN:19,(anonymous_1)
FN:21,(anonymous_2)
FNF:3
FNH:1
FNDA:2,callSupabaseFunction
FNDA:0,(anonymous_1)
FNDA:0,(anonymous_2)
DA:13,2
DA:14,0
DA:17,2
DA:18,2
DA:19,2
DA:21,2
DA:22,2
DA:24,2
DA:25,2
DA:30,2
DA:31,0
DA:32,0
DA:33,0
DA:36,2
DA:37,0
DA:40,2
DA:42,2
DA:43,2
LF:18
LH:13
BRDA:13,0,0,0
BRDA:13,0,1,2
BRDA:14,1,0,0
BRDA:14,1,1,0
BRDA:18,2,0,2
BRDA:18,2,1,2
BRDA:30,3,0,0
BRDA:30,3,1,2
BRDA:31,4,0,0
BRDA:31,4,1,0
BRDA:36,5,0,0
BRDA:36,5,1,2
BRDA:36,6,0,2
BRDA:36,6,1,2
BRF:14
BRH:7
end_of_record
TN:
SF:src/lib/queryKeys.ts
FN:5,(anonymous_0)
FN:6,(anonymous_1)
FN:7,(anonymous_2)
FN:8,(anonymous_3)
FN:9,(anonymous_4)
FN:11,(anonymous_5)
FN:12,(anonymous_6)
FNF:7
FNH:0
FNDA:0,(anonymous_0)
FNDA:0,(anonymous_1)
FNDA:0,(anonymous_2)
FNDA:0,(anonymous_3)
FNDA:0,(anonymous_4)
FNDA:0,(anonymous_5)
FNDA:0,(anonymous_6)
DA:4,5
DA:5,0
DA:6,0
DA:7,0
DA:8,0
DA:10,0
DA:11,0
DA:13,0
LF:8
LH:1
BRF:0
BRH:0
end_of_record
TN:
SF:src/lib/react-query.ts
FN:4,(anonymous_0)
FN:24,(anonymous_1)
FN:29,(anonymous_2)
FNF:3
FNH:0
FNDA:0,(anonymous_0)
FNDA:0,(anonymous_1)
FNDA:0,(anonymous_2)
DA:4,4
DA:5,0
DA:6,0
DA:7,0
DA:8,0
DA:9,0
DA:11,0
DA:14,4
DA:16,4
DA:25,0
DA:30,0
LF:11
LH:3
BRDA:5,0,0,0
BRDA:5,0,1,0
BRDA:6,1,0,0
BRDA:6,1,1,0
BRDA:7,2,0,0
BRDA:7,2,1,0
BRDA:7,3,0,0
BRDA:7,3,1,0
BRDA:7,3,2,0
BRDA:9,4,0,0
BRDA:9,4,1,0
BRF:11
BRH:0
end_of_record
TN:
SF:src/lib/supabase.ts
FNF:0
FNH:0
DA:4,3
DA:5,3
DA:7,3
DA:8,0
DA:11,3
DA:12,0
DA:27,3
DA:44,3
DA:45,3
LF:9
LH:7
BRDA:7,0,0,0
BRDA:7,0,1,3
BRDA:11,1,0,0
BRDA:11,1,1,3
BRDA:44,2,0,3
BRDA:44,2,1,0
BRDA:44,3,0,3
BRDA:44,3,1,3
BRF:8
BRH:5
end_of_record
TN:
SF:src/lib/tmdb.ts
FN:22,fetchTmdbJson
FN:46,tmdbImageUrl
FN:63,fetchTrendingTitles
FN:76,(anonymous_3)
FN:84,(anonymous_4)
FNF:5
FNH:0
FNDA:0,fetchTmdbJson
FNDA:0,tmdbImageUrl
FNDA:0,fetchTrendingTitles
FNDA:0,(anonymous_3)
FNDA:0,(anonymous_4)
DA:27,0
DA:35,0
DA:36,0
DA:37,0
DA:39,0
DA:40,0
DA:47,0
DA:48,0
DA:64,0
DA:73,0
DA:75,0
DA:77,0
DA:85,0
DA:86,0
LF:14
LH:0
BRDA:46,0,0,0
BRDA:47,1,0,0
BRDA:47,1,1,0
BRDA:63,2,0,0
BRDA:73,3,0,0
BRDA:73,3,1,0
BRDA:78,4,0,0
BRDA:78,4,1,0
BRDA:78,4,2,0
BRDA:78,4,3,0
BRDA:85,5,0,0
BRDA:85,5,1,0
BRDA:85,5,2,0
BRDA:88,6,0,0
BRDA:88,6,1,0
BRDA:88,6,2,0
BRDA:89,7,0,0
BRDA:89,7,1,0
BRDA:91,8,0,0
BRDA:91,8,1,0
BRDA:92,9,0,0
BRDA:92,9,1,0
BRDA:93,10,0,0
BRDA:93,10,1,0
BRF:24
BRH:0
end_of_record
TN:
SF:src/lib/ui-store.ts
FN:23,resolvePreferredTheme
FN:31,applyTheme
FN:45,(anonymous_2)
FN:51,(anonymous_3)
FN:52,(anonymous_4)
FN:53,(anonymous_5)
FN:57,(anonymous_6)
FN:58,(anonymous_7)
FN:62,(anonymous_8)
FN:62,(anonymous_9)
FN:72,(anonymous_10)
FN:76,(anonymous_11)
FN:86,(anonymous_12)
FNF:13
FNH:5
FNDA:5,resolvePreferredTheme
FNDA:5,applyTheme
FNDA:5,(anonymous_2)
FNDA:0,(anonymous_3)
FNDA:0,(anonymous_4)
FNDA:0,(anonymous_5)
FNDA:0,(anonymous_6)
FNDA:0,(anonymous_7)
FNDA:5,(anonymous_8)
FNDA:5,(anonymous_9)
FNDA:0,(anonymous_10)
FNDA:0,(anonymous_11)
FNDA:0,(anonymous_12)
DA:21,5
DA:24,5
DA:25,0
DA:26,0
DA:28,5
DA:32,5
DA:33,5
DA:34,5
DA:35,5
DA:37,0
DA:41,5
DA:43,5
DA:45,5
DA:51,0
DA:52,0
DA:54,0
DA:55,0
DA:57,0
DA:58,0
DA:62,5
DA:63,5
DA:64,5
DA:72,5
DA:73,0
DA:74,0
DA:76,0
DA:77,0
DA:78,0
DA:79,0
DA:83,0
DA:84,0
DA:86,0
LF:32
LH:14
BRDA:24,0,0,0
BRDA:24,0,1,5
BRDA:25,1,0,0
BRDA:25,1,1,0
BRDA:26,2,0,0
BRDA:26,2,1,0
BRDA:32,3,0,0
BRDA:32,3,1,5
BRDA:34,4,0,5
BRDA:34,4,1,0
BRDA:63,5,0,5
BRDA:63,5,1,0
BRDA:73,6,0,0
BRDA:73,6,1,0
BRDA:78,7,0,0
BRDA:78,7,1,0
BRF:16
BRH:4
end_of_record
TN:
SF:src/lib/utils.ts
FN:4,cn
FNF:1
FNH:0
FNDA:0,cn
DA:5,0
LF:1
LH:0
BRF:0
BRH:0
end_of_record
TN:
SF:src/modules/auth/AuthProvider.tsx
FN:32,(anonymous_0)
FN:37,(anonymous_1)
FN:49,(anonymous_2)
FN:56,(anonymous_3)
FN:61,(anonymous_4)
FN:66,(anonymous_5)
FN:85,(anonymous_6)
FN:90,(anonymous_7)
FN:94,(anonymous_8)
FN:98,(anonymous_9)
FN:100,(anonymous_10)
FN:111,(anonymous_11)
FN:128,(anonymous_12)
FNF:13
FNH:7
FNDA:10,(anonymous_0)
FNDA:3,(anonymous_1)
FNDA:3,(anonymous_2)
FNDA:3,(anonymous_3)
FNDA:0,(anonymous_4)
FNDA:6,(anonymous_5)
FNDA:0,(anonymous_6)
FNDA:0,(anonymous_7)
FNDA:0,(anonymous_8)
FNDA:0,(anonymous_9)
FNDA:0,(anonymous_10)
FNDA:1,(anonymous_11)
FNDA:9,(anonymous_12)
DA:26,4
DA:32,4
DA:33,10
DA:34,10
DA:35,10
DA:37,10
DA:38,3
DA:39,3
DA:41,3
DA:42,0
DA:45,3
DA:46,3
DA:49,10
DA:51,3
DA:56,3
DA:57,3
DA:58,3
DA:61,3
DA:62,0
DA:66,10
DA:67,6
DA:69,0
DA:70,6
DA:71,0
DA:72,0
DA:75,0
DA:76,0
DA:78,0
DA:85,0
DA:86,0
DA:90,0
DA:94,0
DA:98,0
DA:100,0
DA:108,0
DA:111,10
DA:112,1
DA:113,1
DA:114,0
DA:116,1
DA:119,10
DA:128,4
DA:129,9
DA:130,9
DA:131,0
DA:133,9
LF:46
LH:29
BRDA:41,0,0,0
BRDA:41,0,1,3
BRDA:45,1,0,3
BRDA:45,1,1,1
BRDA:57,2,0,3
BRDA:57,2,1,3
BRDA:67,3,0,6
BRDA:67,3,1,0
BRDA:70,4,0,0
BRDA:70,4,1,6
BRDA:75,5,0,0
BRDA:75,5,1,0
BRDA:90,6,0,0
BRDA:90,6,1,0
BRDA:102,7,0,0
BRDA:102,7,1,0
BRDA:113,8,0,0
BRDA:113,8,1,1
BRDA:130,9,0,0
BRDA:130,9,1,9
BRF:20
BRH:9
end_of_record
TN:
SF:src/modules/diary/diaryStatsReducer.ts
FN:52,(anonymous_0)
FN:53,(anonymous_1)
FN:56,(anonymous_2)
FN:67,(anonymous_3)
FN:68,(anonymous_4)
FN:69,(anonymous_5)
FN:74,(anonymous_6)
FN:82,(anonymous_7)
FN:84,(anonymous_8)
FN:87,(anonymous_9)
FN:92,(anonymous_10)
FN:98,(anonymous_11)
FN:110,(anonymous_12)
FN:111,(anonymous_13)
FN:117,(anonymous_14)
FN:126,(anonymous_15)
FN:127,(anonymous_16)
FNF:17
FNH:17
FNDA:1,(anonymous_0)
FNDA:3,(anonymous_1)
FNDA:1,(anonymous_2)
FNDA:3,(anonymous_3)
FNDA:2,(anonymous_4)
FNDA:2,(anonymous_5)
FNDA:4,(anonymous_6)
FNDA:1,(anonymous_7)
FNDA:2,(anonymous_8)
FNDA:2,(anonymous_9)
FNDA:7,(anonymous_10)
FNDA:5,(anonymous_11)
FNDA:1,(anonymous_12)
FNDA:3,(anonymous_13)
FNDA:6,(anonymous_14)
FNDA:3,(anonymous_15)
FNDA:4,(anonymous_16)
DA:27,5
DA:52,5
DA:53,3
DA:56,5
DA:61,1
DA:62,0
DA:65,1
DA:67,3
DA:68,2
DA:69,2
DA:72,1
DA:74,1
DA:75,4
DA:76,3
DA:77,3
DA:78,3
DA:81,1
DA:82,1
DA:84,2
DA:87,5
DA:92,7
DA:94,2
DA:95,2
DA:96,2
DA:98,2
DA:99,5
DA:100,5
DA:102,4
DA:103,4
DA:105,5
DA:106,5
DA:109,2
DA:110,1
DA:111,3
DA:113,2
DA:115,2
DA:117,2
DA:118,6
DA:119,6
DA:121,5
DA:122,5
DA:125,2
DA:126,3
DA:127,4
DA:129,2
LF:45
LH:44
BRDA:61,0,0,0
BRDA:61,0,1,1
BRDA:61,1,0,1
BRDA:61,1,1,1
BRDA:61,1,2,1
BRDA:75,2,0,1
BRDA:75,2,1,3
BRDA:77,3,0,0
BRDA:77,3,1,3
BRDA:78,4,0,3
BRDA:78,4,1,2
BRDA:90,5,0,2
BRDA:100,6,0,1
BRDA:100,6,1,4
BRDA:100,7,0,5
BRDA:100,7,1,5
BRDA:103,8,0,4
BRDA:103,8,1,3
BRDA:113,9,0,2
BRDA:113,9,1,0
BRDA:119,10,0,1
BRDA:119,10,1,5
BRDA:122,11,0,5
BRDA:122,11,1,4
BRF:24
BRH:21
end_of_record
TN:
SF:src/modules/diary/useDiaryStats.ts
FN:10,(anonymous_0)
FN:17,(anonymous_1)
FN:29,(anonymous_2)
FN:41,(anonymous_3)
FN:65,(anonymous_4)
FN:77,(anonymous_5)
FN:84,(anonymous_6)
FNF:7
FNH:0
FNDA:0,(anonymous_0)
FNDA:0,(anonymous_1)
FNDA:0,(anonymous_2)
FNDA:0,(anonymous_3)
FNDA:0,(anonymous_4)
FNDA:0,(anonymous_5)
FNDA:0,(anonymous_6)
DA:10,4
DA:11,0
DA:13,0
DA:18,0
DA:19,0
DA:20,0
DA:21,0
DA:22,0
DA:27,0
DA:30,0
DA:31,0
DA:32,0
DA:33,0
DA:34,0
DA:39,0
DA:42,0
DA:43,0
DA:44,0
DA:45,0
DA:46,0
DA:51,0
DA:53,0
DA:55,0
DA:65,4
DA:66,0
DA:70,0
DA:71,0
DA:74,0
DA:77,4
DA:78,0
DA:79,0
DA:81,0
DA:85,0
DA:87,0
DA:91,0
LF:35
LH:3
BRDA:11,0,0,0
BRDA:11,0,1,0
BRDA:13,1,0,0
BRDA:13,1,1,0
BRDA:18,2,0,0
BRDA:18,2,1,0
BRDA:18,3,0,0
BRDA:18,3,1,0
BRDA:21,4,0,0
BRDA:21,4,1,0
BRDA:21,5,0,0
BRDA:21,5,1,0
BRDA:27,6,0,0
BRDA:27,6,1,0
BRDA:30,7,0,0
BRDA:30,7,1,0
BRDA:30,8,0,0
BRDA:30,8,1,0
BRDA:33,9,0,0
BRDA:33,9,1,0
BRDA:33,10,0,0
BRDA:33,10,1,0
BRDA:39,11,0,0
BRDA:39,11,1,0
BRDA:42,12,0,0
BRDA:42,12,1,0
BRDA:42,13,0,0
BRDA:42,13,1,0
BRDA:45,14,0,0
BRDA:45,14,1,0
BRDA:45,15,0,0
BRDA:45,15,1,0
BRDA:53,16,0,0
BRDA:53,16,1,0
BRDA:53,17,0,0
BRDA:53,17,1,0
BRDA:56,18,0,0
BRDA:56,18,1,0
BRDA:57,19,0,0
BRDA:57,19,1,0
BRDA:58,20,0,0
BRDA:58,20,1,0
BRDA:58,21,0,0
BRDA:58,21,1,0
BRDA:70,22,0,0
BRDA:70,22,1,0
BRDA:79,23,0,0
BRDA:79,23,1,0
BRDA:85,24,0,0
BRDA:85,24,1,0
BRDA:92,25,0,0
BRDA:92,25,1,0
BRDA:95,26,0,0
BRDA:95,26,1,0
BRF:54
BRH:0
end_of_record
TN:
SF:src/modules/home/HomeFeedItemCard.tsx
FN:74,(anonymous_0)
FNF:1
FNH:0
FNDA:0,(anonymous_0)
DA:5,1
DA:74,1
DA:75,0
DA:127,0
LF:4
LH:2
BRDA:75,0,0,0
BRDA:75,0,1,NaN
BRDA:75,0,2,NaN
BRDA:75,0,3,NaN
BRDA:75,0,4,NaN
BRDA:82,1,0,0
BRDA:82,1,1,0
BRF:7
BRH:0
end_of_record
TN:
SF:src/modules/home/HomeFeedTab.tsx
FN:18,(anonymous_0)
FN:23,(anonymous_1)
FN:91,(anonymous_2)
FN:96,(anonymous_3)
FN:96,(anonymous_4)
FN:100,(anonymous_5)
FN:113,(anonymous_6)
FN:148,(anonymous_7)
FN:152,List
FNF:9
FNH:0
FNDA:0,(anonymous_0)
FNDA:0,(anonymous_1)
FNDA:0,(anonymous_2)
FNDA:0,(anonymous_3)
FNDA:0,(anonymous_4)
FNDA:0,(anonymous_5)
FNDA:0,(anonymous_6)
FNDA:0,(anonymous_7)
FNDA:0,List
DA:8,1
DA:18,1
DA:23,0
DA:24,0
DA:26,0
DA:28,0
DA:30,0
DA:32,0
DA:35,0
DA:39,0
DA:41,0
DA:42,0
DA:45,0
DA:46,0
DA:53,0
DA:91,1
DA:92,0
DA:93,0
DA:95,0
DA:96,0
DA:100,0
DA:101,0
DA:102,0
DA:113,0
DA:148,0
LF:25
LH:3
BRDA:24,0,0,0
BRDA:24,0,1,0
BRDA:24,0,2,0
BRDA:24,0,3,0
BRDA:24,0,4,0
BRDA:24,0,5,0
BRDA:39,1,0,0
BRDA:39,1,1,0
BRDA:41,2,0,0
BRDA:41,2,1,0
BRDA:45,3,0,0
BRDA:45,3,1,0
BRDA:47,4,0,0
BRDA:47,4,1,0
BRDA:47,4,2,0
BRDA:101,5,0,0
BRDA:101,5,1,0
BRDA:101,6,0,0
BRDA:101,6,1,0
BRDA:115,7,0,0
BRDA:115,7,1,0
BRDA:165,8,0,0
BRDA:165,8,1,0
BRF:23
BRH:0
end_of_record
TN:
SF:src/modules/home/HomeForYouTab.tsx
FN:50,(anonymous_0)
FN:102,(anonymous_1)
FN:107,(anonymous_2)
FN:154,(anonymous_3)
FN:154,(anonymous_4)
FN:181,(anonymous_5)
FN:190,(anonymous_6)
FN:204,(anonymous_7)
FN:228,(anonymous_8)
FN:257,(anonymous_9)
FN:287,(anonymous_10)
FN:302,(anonymous_11)
FN:306,(anonymous_12)
FN:337,(anonymous_13)
FN:368,(anonymous_14)
FN:395,(anonymous_15)
FN:399,(anonymous_16)
FN:437,(anonymous_17)
FN:449,(anonymous_18)
FN:474,(anonymous_19)
FN:524,(anonymous_20)
FN:636,(anonymous_21)
FN:696,(anonymous_22)
FN:776,(anonymous_23)
FN:799,(anonymous_24)
FN:821,(anonymous_25)
FN:845,(anonymous_26)
FNF:27
FNH:2
FNDA:0,(anonymous_0)
FNDA:0,(anonymous_1)
FNDA:0,(anonymous_2)
FNDA:0,(anonymous_3)
FNDA:0,(anonymous_4)
FNDA:0,(anonymous_5)
FNDA:0,(anonymous_6)
FNDA:0,(anonymous_7)
FNDA:0,(anonymous_8)
FNDA:0,(anonymous_9)
FNDA:0,(anonymous_10)
FNDA:0,(anonymous_11)
FNDA:0,(anonymous_12)
FNDA:0,(anonymous_13)
FNDA:0,(anonymous_14)
FNDA:0,(anonymous_15)
FNDA:0,(anonymous_16)
FNDA:0,(anonymous_17)
FNDA:0,(anonymous_18)
FNDA:0,(anonymous_19)
FNDA:0,(anonymous_20)
FNDA:0,(anonymous_21)
FNDA:0,(anonymous_22)
FNDA:1,(anonymous_23)
FNDA:1,(anonymous_24)
FNDA:0,(anonymous_25)
FNDA:0,(anonymous_26)
DA:50,1
DA:51,0
DA:52,0
DA:54,0
DA:59,0
DA:62,0
DA:63,0
DA:66,0
DA:102,1
DA:105,0
DA:107,1
DA:115,0
DA:133,0
DA:135,0
DA:136,0
DA:139,0
DA:140,0
DA:143,0
DA:144,0
DA:145,0
DA:146,0
DA:149,0
DA:150,0
DA:152,0
DA:154,0
DA:156,0
DA:157,0
DA:162,0
DA:164,0
DA:165,0
DA:172,0
DA:173,0
DA:174,0
DA:177,0
DA:180,0
DA:181,0
DA:182,0
DA:183,0
DA:184,0
DA:188,0
DA:189,0
DA:190,0
DA:191,0
DA:196,0
DA:197,0
DA:203,0
DA:204,0
DA:205,0
DA:206,0
DA:207,0
DA:213,0
DA:222,0
DA:223,0
DA:224,0
DA:227,0
DA:228,0
DA:230,0
DA:240,0
DA:241,0
DA:244,0
DA:251,0
DA:252,0
DA:255,0
DA:256,0
DA:257,0
DA:258,0
DA:261,0
DA:266,0
DA:268,0
DA:269,0
DA:270,0
DA:272,0
DA:287,0
DA:292,0
DA:298,0
DA:301,0
DA:302,0
DA:303,0
DA:304,0
DA:306,0
DA:308,0
DA:318,0
DA:321,0
DA:322,0
DA:333,0
DA:334,0
DA:335,0
DA:337,0
DA:338,0
DA:339,0
DA:341,0
DA:350,0
DA:353,0
DA:354,0
DA:366,0
DA:368,0
DA:369,0
DA:370,0
DA:379,0
DA:382,0
DA:383,0
DA:394,0
DA:395,0
DA:396,0
DA:397,0
DA:399,0
DA:400,0
DA:401,0
DA:404,0
DA:405,0
DA:406,0
DA:407,0
DA:410,0
DA:420,0
DA:423,0
DA:424,0
DA:434,0
DA:437,1
DA:438,0
DA:440,0
DA:450,0
DA:451,0
DA:453,0
DA:457,0
DA:459,0
DA:460,0
DA:463,0
DA:465,0
DA:474,1
DA:475,0
DA:477,0
DA:524,1
DA:526,0
DA:529,0
DA:636,1
DA:637,0
DA:684,1
DA:696,1
DA:697,0
DA:699,0
DA:700,0
DA:703,0
DA:704,0
DA:708,0
DA:711,0
DA:715,0
DA:716,0
DA:719,0
DA:720,0
DA:723,0
DA:724,0
DA:776,1
DA:799,1
DA:821,1
DA:845,1
LF:155
LH:13
BRDA:51,0,0,0
BRDA:51,0,1,0
BRDA:54,1,0,0
BRDA:54,1,1,0
BRDA:55,2,0,0
BRDA:55,2,1,0
BRDA:55,2,2,0
BRDA:62,3,0,0
BRDA:62,3,1,0
BRDA:62,4,0,0
BRDA:62,4,1,0
BRDA:62,4,2,0
BRDA:105,5,0,0
BRDA:105,5,1,0
BRDA:105,5,2,0
BRDA:135,6,0,0
BRDA:135,6,1,0
BRDA:139,7,0,0
BRDA:139,7,1,0
BRDA:144,8,0,0
BRDA:144,8,1,0
BRDA:149,9,0,0
BRDA:149,9,1,0
BRDA:150,10,0,0
BRDA:150,10,1,0
BRDA:152,11,0,0
BRDA:152,11,1,0
BRDA:154,12,0,0
BRDA:154,12,1,0
BRDA:156,13,0,0
BRDA:156,13,1,0
BRDA:156,13,2,0
BRDA:157,14,0,0
BRDA:157,14,1,0
BRDA:164,15,0,0
BRDA:164,15,1,0
BRDA:172,16,0,0
BRDA:172,16,1,0
BRDA:177,17,0,0
BRDA:177,17,1,0
BRDA:182,18,0,0
BRDA:182,18,1,0
BRDA:183,19,0,0
BRDA:183,19,1,0
BRDA:189,20,0,0
BRDA:189,20,1,0
BRDA:191,21,0,0
BRDA:191,21,1,0
BRDA:192,22,0,0
BRDA:192,22,1,0
BRDA:192,22,2,0
BRDA:192,22,3,0
BRDA:196,23,0,0
BRDA:196,23,1,0
BRDA:205,24,0,0
BRDA:205,24,1,0
BRDA:205,25,0,0
BRDA:205,25,1,0
BRDA:205,25,2,0
BRDA:206,26,0,0
BRDA:206,26,1,0
BRDA:222,27,0,0
BRDA:222,27,1,0
BRDA:227,28,0,0
BRDA:227,28,1,0
BRDA:232,29,0,0
BRDA:232,29,1,0
BRDA:240,30,0,0
BRDA:240,30,1,0
BRDA:251,31,0,0
BRDA:251,31,1,0
BRDA:255,32,0,0
BRDA:255,32,1,0
BRDA:268,33,0,0
BRDA:268,33,1,0
BRDA:268,34,0,0
BRDA:268,34,1,0
BRDA:270,35,0,0
BRDA:270,35,1,0
BRDA:274,36,0,0
BRDA:274,36,1,0
BRDA:275,37,0,0
BRDA:275,37,1,0
BRDA:276,38,0,0
BRDA:276,38,1,0
BRDA:278,39,0,0
BRDA:278,39,1,0
BRDA:278,40,0,0
BRDA:278,40,1,0
BRDA:281,41,0,0
BRDA:281,41,1,0
BRDA:284,42,0,0
BRDA:284,42,1,0
BRDA:289,43,0,0
BRDA:289,43,1,0
BRDA:290,44,0,0
BRDA:290,44,1,0
BRDA:304,45,0,0
BRDA:304,45,1,0
BRDA:304,46,0,0
BRDA:304,46,1,0
BRDA:310,47,0,0
BRDA:310,47,1,0
BRDA:311,48,0,0
BRDA:311,48,1,0
BRDA:313,49,0,0
BRDA:313,49,1,0
BRDA:315,50,0,0
BRDA:315,50,1,0
BRDA:316,51,0,0
BRDA:316,51,1,0
BRDA:321,52,0,0
BRDA:321,52,1,0
BRDA:333,53,0,0
BRDA:333,53,1,0
BRDA:333,54,0,0
BRDA:333,54,1,0
BRDA:333,54,2,0
BRDA:339,55,0,0
BRDA:339,55,1,0
BRDA:339,56,0,0
BRDA:339,56,1,0
BRDA:343,57,0,0
BRDA:343,57,1,0
BRDA:344,58,0,0
BRDA:344,58,1,0
BRDA:345,59,0,0
BRDA:345,59,1,0
BRDA:347,60,0,0
BRDA:347,60,1,0
BRDA:348,61,0,0
BRDA:348,61,1,0
BRDA:353,62,0,0
BRDA:353,62,1,0
BRDA:357,63,0,0
BRDA:357,63,1,0
BRDA:369,64,0,0
BRDA:369,64,1,0
BRDA:372,65,0,0
BRDA:372,65,1,0
BRDA:373,66,0,0
BRDA:373,66,1,0
BRDA:376,67,0,0
BRDA:376,67,1,0
BRDA:377,68,0,0
BRDA:377,68,1,0
BRDA:382,69,0,0
BRDA:382,69,1,0
BRDA:397,70,0,0
BRDA:397,70,1,0
BRDA:397,71,0,0
BRDA:397,71,1,0
BRDA:400,72,0,0
BRDA:400,72,1,0
BRDA:401,73,0,0
BRDA:401,73,1,0
BRDA:404,74,0,0
BRDA:404,74,1,0
BRDA:406,75,0,0
BRDA:406,75,1,0
BRDA:412,76,0,0
BRDA:412,76,1,0
BRDA:413,77,0,0
BRDA:413,77,1,0
BRDA:414,78,0,0
BRDA:414,78,1,0
BRDA:423,79,0,0
BRDA:423,79,1,0
BRDA:450,80,0,0
BRDA:450,80,1,0
BRDA:457,81,0,0
BRDA:457,81,1,0
BRDA:459,82,0,0
BRDA:459,82,1,0
BRDA:463,83,0,0
BRDA:463,83,1,0
BRDA:463,83,2,0
BRDA:468,84,0,0
BRDA:468,84,1,0
BRDA:469,85,0,0
BRDA:469,85,1,0
BRDA:470,86,0,0
BRDA:470,86,1,0
BRDA:477,87,0,0
BRDA:477,87,1,0
BRDA:526,88,0,0
BRDA:526,88,1,0
BRDA:526,88,2,0
BRDA:529,89,0,0
BRDA:529,89,1,0
BRDA:529,89,2,0
BRDA:540,90,0,0
BRDA:540,90,1,0
BRDA:576,91,0,0
BRDA:576,91,1,0
BRDA:601,92,0,0
BRDA:601,92,1,0
BRDA:637,93,0,0
BRDA:637,93,1,0
BRDA:699,94,0,0
BRDA:699,94,1,0
BRDA:703,95,0,0
BRDA:703,95,1,0
BRDA:708,96,0,0
BRDA:708,96,1,0
BRDA:708,96,2,0
BRDA:711,97,0,0
BRDA:711,97,1,0
BRDA:711,97,2,0
BRDA:715,98,0,0
BRDA:715,98,1,0
BRDA:719,99,0,0
BRDA:719,99,1,0
BRF:213
BRH:0
end_of_record
TN:
SF:src/modules/home/useHomeFeed.ts
FN:33,(anonymous_0)
FN:67,(anonymous_1)
FN:78,(anonymous_2)
FN:106,(anonymous_3)
FN:124,(anonymous_4)
FN:201,(anonymous_5)
FN:225,(anonymous_6)
FN:225,(anonymous_7)
FN:229,(anonymous_8)
FN:229,(anonymous_9)
FN:256,(anonymous_10)
FN:261,(anonymous_11)
FN:267,(anonymous_12)
FN:288,(anonymous_13)
FN:300,(anonymous_14)
FN:306,(anonymous_15)
FN:310,(anonymous_16)
FN:324,(anonymous_17)
FNF:18
FNH:0
FNDA:0,(anonymous_0)
FNDA:0,(anonymous_1)
FNDA:0,(anonymous_2)
FNDA:0,(anonymous_3)
FNDA:0,(anonymous_4)
FNDA:0,(anonymous_5)
FNDA:0,(anonymous_6)
FNDA:0,(anonymous_7)
FNDA:0,(anonymous_8)
FNDA:0,(anonymous_9)
FNDA:0,(anonymous_10)
FNDA:0,(anonymous_11)
FNDA:0,(anonymous_12)
FNDA:0,(anonymous_13)
FNDA:0,(anonymous_14)
FNDA:0,(anonymous_15)
FNDA:0,(anonymous_16)
FNDA:0,(anonymous_17)
DA:19,4
DA:33,4
DA:34,0
DA:35,0
DA:37,0
DA:38,0
DA:39,0
DA:41,0
DA:43,0
DA:44,0
DA:46,0
DA:47,0
DA:49,0
DA:50,0
DA:51,0
DA:53,0
DA:54,0
DA:55,0
DA:58,0
DA:59,0
DA:60,0
DA:63,0
DA:64,0
DA:67,4
DA:68,0
DA:69,0
DA:70,0
DA:72,0
DA:73,0
DA:74,0
DA:75,0
DA:78,4
DA:79,0
DA:81,0
DA:82,0
DA:85,0
DA:87,0
DA:88,0
DA:89,0
DA:90,0
DA:91,0
DA:94,0
DA:95,0
DA:96,0
DA:99,0
DA:100,0
DA:103,0
DA:106,4
DA:107,0
DA:108,0
DA:110,0
DA:121,0
DA:124,4
DA:129,0
DA:130,0
DA:132,0
DA:133,0
DA:134,0
DA:136,0
DA:144,0
DA:153,0
DA:159,0
DA:161,0
DA:162,0
DA:172,0
DA:182,0
DA:190,0
DA:197,0
DA:201,4
DA:205,0
DA:211,0
DA:212,0
DA:215,0
DA:217,0
DA:218,0
DA:221,0
DA:222,0
DA:224,0
DA:225,0
DA:228,0
DA:229,0
DA:232,0
DA:247,0
DA:248,0
DA:251,0
DA:252,0
DA:255,0
DA:256,0
DA:257,0
DA:260,0
DA:261,0
DA:262,0
DA:265,0
DA:267,0
DA:268,0
DA:269,0
DA:270,0
DA:274,0
DA:276,0
DA:288,4
DA:289,0
DA:291,0
DA:301,0
DA:302,0
DA:304,0
DA:306,0
DA:310,0
DA:312,0
DA:316,0
DA:318,0
DA:325,0
DA:326,0
LF:112
LH:8
BRDA:35,0,0,0
BRDA:35,0,1,0
BRDA:41,1,0,0
BRDA:41,1,1,0
BRDA:44,2,0,0
BRDA:44,2,1,0
BRDA:47,3,0,0
BRDA:47,3,1,0
BRDA:50,4,0,0
BRDA:50,4,1,0
BRDA:51,5,0,0
BRDA:51,5,1,0
BRDA:54,6,0,0
BRDA:54,6,1,0
BRDA:55,7,0,0
BRDA:55,7,1,0
BRDA:59,8,0,0
BRDA:59,8,1,0
BRDA:60,9,0,0
BRDA:60,9,1,0
BRDA:64,10,0,0
BRDA:64,10,1,0
BRDA:73,11,0,0
BRDA:73,11,1,0
BRDA:74,12,0,0
BRDA:74,12,1,0
BRDA:79,13,0,0
BRDA:79,13,1,0
BRDA:79,13,2,0
BRDA:81,14,0,0
BRDA:81,14,1,0
BRDA:87,15,0,0
BRDA:87,15,1,0
BRDA:88,16,0,0
BRDA:88,16,1,0
BRDA:89,17,0,0
BRDA:89,17,1,0
BRDA:91,18,0,0
BRDA:91,18,1,0
BRDA:95,19,0,0
BRDA:95,19,1,0
BRDA:99,20,0,0
BRDA:99,20,1,0
BRDA:107,21,0,0
BRDA:107,21,1,0
BRDA:107,22,0,0
BRDA:107,22,1,0
BRDA:107,22,2,0
BRDA:111,23,0,0
BRDA:111,23,1,0
BRDA:112,24,0,0
BRDA:112,24,1,0
BRDA:113,25,0,0
BRDA:113,25,1,0
BRDA:114,26,0,0
BRDA:114,26,1,0
BRDA:115,27,0,0
BRDA:115,27,1,0
BRDA:116,28,0,0
BRDA:116,28,1,0
BRDA:117,29,0,0
BRDA:117,29,1,0
BRDA:130,30,0,0
BRDA:130,30,1,0
BRDA:133,31,0,0
BRDA:133,31,1,0
BRDA:134,32,0,0
BRDA:134,32,1,0
BRDA:138,33,0,0
BRDA:138,33,1,0
BRDA:139,34,0,0
BRDA:139,34,1,0
BRDA:140,35,0,0
BRDA:140,35,1,0
BRDA:141,36,0,0
BRDA:141,36,1,0
BRDA:146,37,0,0
BRDA:146,37,1,0
BRDA:146,37,2,0
BRDA:147,38,0,0
BRDA:147,38,1,0
BRDA:147,38,2,0
BRDA:148,39,0,0
BRDA:148,39,1,0
BRDA:159,40,0,0
BRDA:159,40,1,0
BRDA:159,40,2,0
BRDA:159,40,3,0
BRDA:159,40,4,0
BRDA:161,41,0,0
BRDA:161,41,1,0
BRDA:178,42,0,0
BRDA:178,42,1,0
BRDA:187,43,0,0
BRDA:187,43,1,0
BRDA:203,44,0,0
BRDA:211,45,0,0
BRDA:211,45,1,0
BRDA:215,46,0,0
BRDA:215,46,1,0
BRDA:217,47,0,0
BRDA:217,47,1,0
BRDA:222,48,0,0
BRDA:222,48,1,0
BRDA:233,49,0,0
BRDA:233,49,1,0
BRDA:239,50,0,0
BRDA:239,50,1,0
BRDA:247,51,0,0
BRDA:247,51,1,0
BRDA:251,52,0,0
BRDA:251,52,1,0
BRDA:256,53,0,0
BRDA:256,53,1,0
BRDA:261,54,0,0
BRDA:261,54,1,0
BRDA:269,55,0,0
BRDA:269,55,1,0
BRDA:274,56,0,0
BRDA:274,56,1,0
BRDA:274,57,0,0
BRDA:274,57,1,0
BRDA:294,58,0,0
BRDA:294,58,1,0
BRDA:301,59,0,0
BRDA:301,59,1,0
BRDA:306,60,0,0
BRDA:306,60,1,0
BRDA:310,61,0,0
BRDA:310,61,1,0
BRDA:310,62,0,0
BRDA:310,62,1,0
BRDA:312,63,0,0
BRDA:312,63,1,0
BRDA:316,64,0,0
BRDA:316,64,1,0
BRDA:316,64,2,0
BRDA:325,65,0,0
BRDA:325,65,1,0
BRF:139
BRH:0
end_of_record
TN:
SF:src/modules/messages/ConversationPage.tsx
FN:57,(anonymous_0)
FN:64,(anonymous_1)
FN:72,(anonymous_2)
FN:86,(anonymous_3)
FN:95,(anonymous_4)
FN:103,(anonymous_5)
FN:117,(anonymous_6)
FN:133,(anonymous_7)
FN:146,(anonymous_8)
FN:206,(anonymous_9)
FN:232,(anonymous_10)
FN:235,(anonymous_11)
FN:247,(anonymous_12)
FN:261,(anonymous_13)
FN:269,(anonymous_14)
FN:275,(anonymous_15)
FN:278,(anonymous_16)
FN:279,(anonymous_17)
FN:280,(anonymous_18)
FN:287,(anonymous_19)
FN:301,(anonymous_20)
FN:307,(anonymous_21)
FN:344,(anonymous_22)
FN:347,(anonymous_23)
FN:349,(anonymous_24)
FN:355,(anonymous_25)
FN:362,(anonymous_26)
FN:401,(anonymous_27)
FN:404,(anonymous_28)
FN:406,(anonymous_29)
FN:416,(anonymous_30)
FN:420,(anonymous_31)
FN:422,(anonymous_32)
FN:436,(anonymous_33)
FN:456,(anonymous_34)
FN:480,(anonymous_35)
FN:485,(anonymous_36)
FN:488,(anonymous_37)
FN:490,(anonymous_38)
FN:498,(anonymous_39)
FN:500,(anonymous_40)
FN:505,(anonymous_41)
FN:507,(anonymous_42)
FN:534,(anonymous_43)
FN:535,(anonymous_44)
FN:542,(anonymous_45)
FN:544,(anonymous_46)
FN:545,(anonymous_47)
FN:558,(anonymous_48)
FN:582,(anonymous_49)
FN:644,(anonymous_50)
FN:652,(anonymous_51)
FN:663,(anonymous_52)
FN:690,(anonymous_53)
FN:694,(anonymous_54)
FN:697,(anonymous_55)
FN:700,(anonymous_56)
FN:743,(anonymous_57)
FN:743,(anonymous_58)
FN:749,(anonymous_59)
FN:753,(anonymous_60)
FN:754,(anonymous_61)
FN:762,(anonymous_62)
FN:774,(anonymous_63)
FN:789,(anonymous_64)
FN:794,(anonymous_65)
FN:796,(anonymous_66)
FN:796,(anonymous_67)
FN:802,(anonymous_68)
FN:802,(anonymous_69)
FN:805,(anonymous_70)
FN:809,(anonymous_71)
FN:810,(anonymous_72)
FN:821,(anonymous_73)
FN:834,(anonymous_74)
FN:860,(anonymous_75)
FN:862,(anonymous_76)
FN:867,(anonymous_77)
FN:885,(anonymous_78)
FN:890,(anonymous_79)
FN:908,(anonymous_80)
FN:929,(anonymous_81)
FN:931,(anonymous_82)
FN:941,(anonymous_83)
FN:948,(anonymous_84)
FN:954,(anonymous_85)
FN:979,(anonymous_86)
FN:987,(anonymous_87)
FN:994,(anonymous_88)
FN:1007,(anonymous_89)
FN:1021,(anonymous_90)
FN:1027,(anonymous_91)
FN:1034,(anonymous_92)
FN:1040,(anonymous_93)
FN:1053,(anonymous_94)
FN:1059,(anonymous_95)
FN:1066,(anonymous_96)
FN:1072,(anonymous_97)
FN:1085,(anonymous_98)
FN:1091,(anonymous_99)
FN:1098,(anonymous_100)
FN:1104,(anonymous_101)
FN:1107,(anonymous_102)
FN:1120,(anonymous_103)
FN:1123,(anonymous_104)
FN:1133,(anonymous_105)
FN:1137,(anonymous_106)
FN:1162,(anonymous_107)
FN:1186,(anonymous_108)
FN:1194,(anonymous_109)
FN:1196,(anonymous_110)
FN:1204,(anonymous_111)
FN:1208,(anonymous_112)
FN:1215,(anonymous_113)
FN:1223,(anonymous_114)
FN:1240,(anonymous_115)
FN:1246,(anonymous_116)
FN:1253,(anonymous_117)
FN:1271,(anonymous_118)
FN:1281,(anonymous_119)
FN:1324,(anonymous_120)
FN:1340,(anonymous_121)
FN:1345,(anonymous_122)
FN:1351,(anonymous_123)
FN:1379,(anonymous_124)
FN:1400,(anonymous_125)
FN:1403,(anonymous_126)
FN:1482,(anonymous_127)
FN:1483,(anonymous_128)
FN:1530,(anonymous_129)
FN:1550,(anonymous_130)
FN:1615,(anonymous_131)
FN:1619,(anonymous_132)
FN:1625,(anonymous_133)
FN:1653,(anonymous_134)
FN:1689,(anonymous_135)
FN:1707,(anonymous_136)
FN:1727,(anonymous_137)
FN:1755,(anonymous_138)
FN:1855,(anonymous_139)
FN:1907,(anonymous_140)
FN:1919,(anonymous_141)
FN:1919,(anonymous_142)
FN:1948,(anonymous_143)
FN:1964,(anonymous_144)
FN:1965,(anonymous_145)
FN:2021,(anonymous_146)
FN:2022,(anonymous_147)
FN:2042,(anonymous_148)
FN:2052,(anonymous_149)
FN:2055,(anonymous_150)
FN:2086,(anonymous_151)
FN:2103,(anonymous_152)
FN:2104,(anonymous_153)
FN:2117,(anonymous_154)
FN:2121,(anonymous_155)
FN:2137,(anonymous_156)
FN:2195,(anonymous_157)
FN:2224,(anonymous_158)
FN:2243,(anonymous_159)
FN:2246,(anonymous_160)
FN:2251,(anonymous_161)
FN:2260,(anonymous_162)
FNF:163
FNH:12
FNDA:0,(anonymous_0)
FNDA:0,(anonymous_1)
FNDA:0,(anonymous_2)
FNDA:0,(anonymous_3)
FNDA:0,(anonymous_4)
FNDA:0,(anonymous_5)
FNDA:0,(anonymous_6)
FNDA:4,(anonymous_7)
FNDA:2,(anonymous_8)
FNDA:2,(anonymous_9)
FNDA:2,(anonymous_10)
FNDA:0,(anonymous_11)
FNDA:1,(anonymous_12)
FNDA:1,(anonymous_13)
FNDA:1,(anonymous_14)
FNDA:1,(anonymous_15)
FNDA:1,(anonymous_16)
FNDA:0,(anonymous_17)
FNDA:0,(anonymous_18)
FNDA:0,(anonymous_19)
FNDA:0,(anonymous_20)
FNDA:0,(anonymous_21)
FNDA:0,(anonymous_22)
FNDA:0,(anonymous_23)
FNDA:0,(anonymous_24)
FNDA:0,(anonymous_25)
FNDA:0,(anonymous_26)
FNDA:0,(anonymous_27)
FNDA:0,(anonymous_28)
FNDA:0,(anonymous_29)
FNDA:6,(anonymous_30)
FNDA:3,(anonymous_31)
FNDA:3,(anonymous_32)
FNDA:0,(anonymous_33)
FNDA:0,(anonymous_34)
FNDA:0,(anonymous_35)
FNDA:0,(anonymous_36)
FNDA:0,(anonymous_37)
FNDA:0,(anonymous_38)
FNDA:0,(anonymous_39)
FNDA:0,(anonymous_40)
FNDA:0,(anonymous_41)
FNDA:0,(anonymous_42)
FNDA:0,(anonymous_43)
FNDA:0,(anonymous_44)
FNDA:0,(anonymous_45)
FNDA:0,(anonymous_46)
FNDA:0,(anonymous_47)
FNDA:0,(anonymous_48)
FNDA:0,(anonymous_49)
FNDA:0,(anonymous_50)
FNDA:0,(anonymous_51)
FNDA:0,(anonymous_52)
FNDA:0,(anonymous_53)
FNDA:0,(anonymous_54)
FNDA:0,(anonymous_55)
FNDA:0,(anonymous_56)
FNDA:0,(anonymous_57)
FNDA:0,(anonymous_58)
FNDA:0,(anonymous_59)
FNDA:0,(anonymous_60)
FNDA:0,(anonymous_61)
FNDA:0,(anonymous_62)
FNDA:0,(anonymous_63)
FNDA:0,(anonymous_64)
FNDA:0,(anonymous_65)
FNDA:0,(anonymous_66)
FNDA:0,(anonymous_67)
FNDA:0,(anonymous_68)
FNDA:0,(anonymous_69)
FNDA:0,(anonymous_70)
FNDA:0,(anonymous_71)
FNDA:0,(anonymous_72)
FNDA:0,(anonymous_73)
FNDA:0,(anonymous_74)
FNDA:0,(anonymous_75)
FNDA:0,(anonymous_76)
FNDA:0,(anonymous_77)
FNDA:0,(anonymous_78)
FNDA:0,(anonymous_79)
FNDA:0,(anonymous_80)
FNDA:0,(anonymous_81)
FNDA:0,(anonymous_82)
FNDA:0,(anonymous_83)
FNDA:0,(anonymous_84)
FNDA:0,(anonymous_85)
FNDA:0,(anonymous_86)
FNDA:0,(anonymous_87)
FNDA:0,(anonymous_88)
FNDA:0,(anonymous_89)
FNDA:0,(anonymous_90)
FNDA:0,(anonymous_91)
FNDA:0,(anonymous_92)
FNDA:0,(anonymous_93)
FNDA:0,(anonymous_94)
FNDA:0,(anonymous_95)
FNDA:0,(anonymous_96)
FNDA:0,(anonymous_97)
FNDA:0,(anonymous_98)
FNDA:0,(anonymous_99)
FNDA:0,(anonymous_100)
FNDA:0,(anonymous_101)
FNDA:0,(anonymous_102)
FNDA:0,(anonymous_103)
FNDA:0,(anonymous_104)
FNDA:0,(anonymous_105)
FNDA:0,(anonymous_106)
FNDA:0,(anonymous_107)
FNDA:0,(anonymous_108)
FNDA:0,(anonymous_109)
FNDA:0,(anonymous_110)
FNDA:0,(anonymous_111)
FNDA:0,(anonymous_112)
FNDA:0,(anonymous_113)
FNDA:0,(anonymous_114)
FNDA:0,(anonymous_115)
FNDA:0,(anonymous_116)
FNDA:0,(anonymous_117)
FNDA:0,(anonymous_118)
FNDA:0,(anonymous_119)
FNDA:0,(anonymous_120)
FNDA:0,(anonymous_121)
FNDA:0,(anonymous_122)
FNDA:0,(anonymous_123)
FNDA:0,(anonymous_124)
FNDA:0,(anonymous_125)
FNDA:0,(anonymous_126)
FNDA:0,(anonymous_127)
FNDA:0,(anonymous_128)
FNDA:0,(anonymous_129)
FNDA:0,(anonymous_130)
FNDA:0,(anonymous_131)
FNDA:0,(anonymous_132)
FNDA:0,(anonymous_133)
FNDA:0,(anonymous_134)
FNDA:0,(anonymous_135)
FNDA:0,(anonymous_136)
FNDA:0,(anonymous_137)
FNDA:0,(anonymous_138)
FNDA:0,(anonymous_139)
FNDA:0,(anonymous_140)
FNDA:0,(anonymous_141)
FNDA:0,(anonymous_142)
FNDA:0,(anonymous_143)
FNDA:0,(anonymous_144)
FNDA:0,(anonymous_145)
FNDA:0,(anonymous_146)
FNDA:0,(anonymous_147)
FNDA:0,(anonymous_148)
FNDA:0,(anonymous_149)
FNDA:0,(anonymous_150)
FNDA:0,(anonymous_151)
FNDA:0,(anonymous_152)
FNDA:0,(anonymous_153)
FNDA:0,(anonymous_154)
FNDA:0,(anonymous_155)
FNDA:0,(anonymous_156)
FNDA:0,(anonymous_157)
FNDA:0,(anonymous_158)
FNDA:0,(anonymous_159)
FNDA:0,(anonymous_160)
FNDA:0,(anonymous_161)
FNDA:0,(anonymous_162)
DA:53,2
DA:55,2
DA:57,2
DA:58,0
DA:60,0
DA:61,0
DA:64,2
DA:65,0
DA:73,0
DA:75,0
DA:81,0
DA:82,0
DA:83,0
DA:86,0
DA:95,2
DA:96,0
DA:104,0
DA:106,0
DA:112,0
DA:113,0
DA:114,0
DA:117,0
DA:133,2
DA:141,4
DA:142,4
DA:143,4
DA:145,4
DA:147,2
DA:148,2
DA:150,2
DA:151,2
DA:153,2
DA:154,0
DA:157,2
DA:158,1
DA:162,1
DA:164,1
DA:170,2
DA:181,1
DA:182,0
DA:183,0
DA:186,1
DA:195,2
DA:196,2
DA:201,0
DA:204,1
DA:207,2
DA:209,2
DA:210,2
DA:212,2
DA:221,2
DA:224,2
DA:230,2
DA:233,2
DA:234,2
DA:235,2
DA:236,2
DA:240,2
DA:248,1
DA:249,1
DA:250,1
DA:252,1
DA:260,1
DA:261,1
DA:262,1
DA:264,1
DA:265,0
DA:270,1
DA:271,1
DA:273,1
DA:276,1
DA:277,1
DA:278,1
DA:279,0
DA:280,1
DA:281,1
DA:282,0
DA:283,0
DA:284,0
DA:286,1
DA:287,1
DA:288,1
DA:292,1
DA:294,1
DA:295,0
DA:301,2
DA:302,0
DA:303,0
DA:304,0
DA:306,0
DA:308,0
DA:309,0
DA:311,0
DA:312,0
DA:318,0
DA:328,0
DA:329,0
DA:330,0
DA:333,0
DA:342,0
DA:345,0
DA:346,0
DA:347,0
DA:348,0
DA:349,0
DA:355,2
DA:356,0
DA:357,0
DA:358,0
DA:361,0
DA:363,0
DA:364,0
DA:366,0
DA:367,0
DA:374,0
DA:385,0
DA:386,0
DA:387,0
DA:390,0
DA:399,0
DA:402,0
DA:403,0
DA:404,0
DA:405,0
DA:406,0
DA:408,0
DA:416,2
DA:417,6
DA:418,6
DA:420,6
DA:421,3
DA:422,3
DA:423,3
DA:427,3
DA:428,3
DA:429,2
DA:430,2
DA:431,2
DA:433,1
DA:435,3
DA:436,3
DA:437,0
DA:441,6
DA:445,4
DA:456,2
DA:457,0
DA:460,0
DA:462,0
DA:463,0
DA:464,0
DA:466,0
DA:472,0
DA:474,0
DA:475,0
DA:476,0
DA:477,0
DA:478,0
DA:480,0
DA:481,0
DA:482,0
DA:483,0
DA:484,0
DA:485,0
DA:488,0
DA:489,0
DA:490,0
DA:491,0
DA:492,0
DA:493,0
DA:494,0
DA:498,0
DA:499,0
DA:500,0
DA:503,0
DA:505,0
DA:506,0
DA:507,0
DA:508,0
DA:509,0
DA:510,0
DA:512,0
DA:515,0
DA:520,0
DA:521,0
DA:523,0
DA:524,0
DA:525,0
DA:527,0
DA:528,0
DA:529,0
DA:530,0
DA:532,0
DA:534,0
DA:535,0
DA:536,0
DA:537,0
DA:542,0
DA:543,0
DA:544,0
DA:545,0
DA:546,0
DA:547,0
DA:548,0
DA:549,0
DA:550,0
DA:551,0
DA:554,0
DA:558,0
DA:559,0
DA:560,0
DA:561,0
DA:562,0
DA:564,0
DA:574,0
DA:576,0
DA:577,0
DA:579,0
DA:582,0
DA:583,0
DA:584,0
DA:585,0
DA:586,0
DA:587,0
DA:588,0
DA:589,0
DA:593,0
DA:596,0
DA:597,0
DA:598,0
DA:599,0
DA:609,0
DA:617,0
DA:622,0
DA:623,0
DA:624,0
DA:625,0
DA:627,0
DA:628,0
DA:630,0
DA:631,0
DA:632,0
DA:634,0
DA:638,0
DA:639,0
DA:640,0
DA:642,0
DA:644,0
DA:645,0
DA:646,0
DA:647,0
DA:648,0
DA:652,0
DA:653,0
DA:654,0
DA:657,0
DA:659,0
DA:663,0
DA:664,0
DA:666,0
DA:667,0
DA:668,0
DA:669,0
DA:672,0
DA:674,0
DA:675,0
DA:677,0
DA:678,0
DA:679,0
DA:680,0
DA:682,0
DA:683,0
DA:684,0
DA:688,0
DA:690,0
DA:691,0
DA:694,0
DA:697,0
DA:698,0
DA:700,0
DA:701,0
DA:702,0
DA:704,0
DA:705,0
DA:715,0
DA:720,0
DA:742,0
DA:743,0
DA:747,0
DA:749,0
DA:750,0
DA:753,0
DA:754,0
DA:755,0
DA:756,0
DA:762,0
DA:763,0
DA:765,0
DA:771,0
DA:773,0
DA:775,0
DA:777,0
DA:779,0
DA:780,0
DA:781,0
DA:783,0
DA:784,0
DA:785,0
DA:788,0
DA:789,0
DA:790,0
DA:791,0
DA:794,0
DA:795,0
DA:796,0
DA:799,0
DA:801,0
DA:802,0
DA:806,0
DA:809,0
DA:810,0
DA:811,0
DA:813,0
DA:814,0
DA:816,0
DA:821,0
DA:822,0
DA:824,0
DA:835,0
DA:836,0
DA:845,0
DA:846,0
DA:849,0
DA:858,0
DA:861,0
DA:862,0
DA:863,0
DA:865,0
DA:866,0
DA:867,0
DA:869,0
DA:873,0
DA:876,0
DA:877,0
DA:886,0
DA:887,0
DA:891,0
DA:909,0
DA:918,0
DA:927,0
DA:930,0
DA:931,0
DA:932,0
DA:933,0
DA:934,0
DA:935,0
DA:941,0
DA:942,0
DA:943,0
DA:944,0
DA:948,0
DA:949,0
DA:954,0
DA:955,0
DA:957,0
DA:959,0
DA:964,0
DA:967,0
DA:980,0
DA:985,0
DA:988,0
DA:994,0
DA:995,0
DA:997,0
DA:1008,0
DA:1022,0
DA:1028,0
DA:1029,0
DA:1030,0
DA:1034,0
DA:1035,0
DA:1040,0
DA:1041,0
DA:1043,0
DA:1054,0
DA:1055,0
DA:1060,0
DA:1061,0
DA:1062,0
DA:1066,0
DA:1067,0
DA:1072,0
DA:1073,0
DA:1075,0
DA:1086,0
DA:1092,0
DA:1093,0
DA:1094,0
DA:1098,0
DA:1099,0
DA:1104,0
DA:1105,0
DA:1107,0
DA:1108,0
DA:1109,0
DA:1115,0
DA:1119,0
DA:1120,0
DA:1123,0
DA:1124,0
DA:1125,0
DA:1127,0
DA:1128,0
DA:1129,0
DA:1130,0
DA:1133,0
DA:1134,0
DA:1137,0
DA:1138,0
DA:1139,0
DA:1141,0
DA:1142,0
DA:1143,0
DA:1145,0
DA:1146,0
DA:1147,0
DA:1157,0
DA:1158,0
DA:1161,0
DA:1162,0
DA:1163,0
DA:1164,0
DA:1173,0
DA:1174,0
DA:1175,0
DA:1186,0
DA:1187,0
DA:1188,0
DA:1189,0
DA:1190,0
DA:1191,0
DA:1194,0
DA:1195,0
DA:1196,0
DA:1197,0
DA:1198,0
DA:1199,0
DA:1200,0
DA:1204,0
DA:1205,0
DA:1209,0
DA:1210,0
DA:1211,0
DA:1212,0
DA:1213,0
DA:1216,0
DA:1217,0
DA:1223,0
DA:1224,0
DA:1226,0
DA:1228,0
DA:1229,0
DA:1231,0
DA:1232,0
DA:1233,0
DA:1234,0
DA:1235,0
DA:1237,0
DA:1240,0
DA:1241,0
DA:1242,0
DA:1243,0
DA:1246,0
DA:1247,0
DA:1248,0
DA:1250,0
DA:1253,0
DA:1254,0
DA:1256,0
DA:1258,0
DA:1259,0
DA:1261,0
DA:1262,0
DA:1263,0
DA:1266,0
DA:1267,0
DA:1268,0
DA:1271,0
DA:1272,0
DA:1273,0
DA:1275,0
DA:1276,0
DA:1277,0
DA:1278,0
DA:1281,0
DA:1282,0
DA:1283,0
DA:1285,0
DA:1286,0
DA:1288,0
DA:1289,0
DA:1291,0
DA:1298,0
DA:1299,0
DA:1300,0
DA:1301,0
DA:1304,0
DA:1308,0
DA:1309,0
DA:1310,0
DA:1311,0
DA:1314,0
DA:1315,0
DA:1317,0
DA:1318,0
DA:1320,0
DA:1324,0
DA:1325,0
DA:1327,0
DA:1328,0
DA:1330,0
DA:1333,0
DA:1334,0
DA:1340,0
DA:1341,0
DA:1342,0
DA:1344,0
DA:1345,0
DA:1346,0
DA:1347,0
DA:1351,0
DA:1352,0
DA:1353,0
DA:1354,0
DA:1358,0
DA:1379,0
DA:1380,0
DA:1381,0
DA:1382,0
DA:1383,0
DA:1400,0
DA:1404,0
DA:1405,0
DA:1407,0
DA:1482,0
DA:1492,0
DA:1494,0
DA:1496,0
DA:1501,0
DA:1502,0
DA:1505,0
DA:1508,0
DA:1510,0
DA:1511,0
DA:1514,0
DA:1519,0
DA:1521,0
DA:1522,0
DA:1523,0
DA:1525,0
DA:1526,0
DA:1530,0
DA:1531,0
DA:1533,0
DA:1534,0
DA:1537,0
DA:1538,0
DA:1541,0
DA:1542,0
DA:1545,0
DA:1548,0
DA:1550,0
DA:1551,0
DA:1552,0
DA:1553,0
DA:1555,0
DA:1556,0
DA:1558,0
DA:1616,0
DA:1617,0
DA:1620,0
DA:1621,0
DA:1622,0
DA:1625,0
DA:1654,0
DA:1690,0
DA:1694,0
DA:1708,0
DA:1709,0
DA:1713,0
DA:1714,0
DA:1715,0
DA:1716,0
DA:1728,0
DA:1729,0
DA:1755,0
DA:1856,0
DA:1857,0
DA:1907,0
DA:1919,0
DA:1949,0
DA:1950,0
DA:1951,0
DA:1952,0
DA:1964,0
DA:1965,0
DA:2022,0
DA:2043,0
DA:2044,0
DA:2045,0
DA:2046,0
DA:2053,0
DA:2056,0
DA:2086,0
DA:2104,0
DA:2108,0
DA:2118,0
DA:2122,0
DA:2137,0
DA:2195,0
DA:2224,2
DA:2232,0
DA:2233,0
DA:2235,0
DA:2236,0
DA:2239,0
DA:2240,0
DA:2243,0
DA:2244,0
DA:2246,0
DA:2247,0
DA:2249,0
DA:2250,0
DA:2251,0
DA:2253,0
DA:2255,0
DA:2256,0
DA:2257,0
DA:2259,0
DA:2260,0
DA:2261,0
DA:2262,0
DA:2263,0
DA:2264,0
DA:2265,0
DA:2266,0
DA:2267,0
DA:2272,0
DA:2273,0
DA:2274,0
DA:2277,0
DA:2278,0
DA:2281,0
LF:652
LH:79
BRDA:58,0,0,0
BRDA:58,0,1,0
BRDA:60,1,0,0
BRDA:60,1,1,0
BRDA:60,2,0,0
BRDA:60,2,1,0
BRDA:70,3,0,0
BRDA:70,3,1,0
BRDA:73,4,0,0
BRDA:73,4,1,0
BRDA:81,5,0,0
BRDA:81,5,1,0
BRDA:86,6,0,0
BRDA:86,6,1,0
BRDA:88,7,0,0
BRDA:88,7,1,0
BRDA:89,8,0,0
BRDA:89,8,1,0
BRDA:101,9,0,0
BRDA:101,9,1,0
BRDA:104,10,0,0
BRDA:104,10,1,0
BRDA:112,11,0,0
BRDA:112,11,1,0
BRDA:117,12,0,0
BRDA:117,12,1,0
BRDA:122,13,0,0
BRDA:122,13,1,0
BRDA:142,14,0,4
BRDA:142,14,1,0
BRDA:147,15,0,0
BRDA:147,15,1,2
BRDA:148,16,0,0
BRDA:148,16,1,2
BRDA:150,17,0,2
BRDA:150,17,1,0
BRDA:153,18,0,0
BRDA:153,18,1,2
BRDA:157,19,0,1
BRDA:157,19,1,1
BRDA:164,20,0,0
BRDA:164,20,1,1
BRDA:164,21,0,1
BRDA:164,21,1,0
BRDA:166,22,0,0
BRDA:166,22,1,1
BRDA:176,23,0,2
BRDA:176,23,1,1
BRDA:181,24,0,0
BRDA:181,24,1,1
BRDA:190,25,0,1
BRDA:190,25,1,0
BRDA:191,26,0,2
BRDA:191,26,1,1
BRDA:207,27,0,0
BRDA:207,27,1,2
BRDA:207,28,0,2
BRDA:207,28,1,2
BRDA:217,29,0,2
BRDA:217,29,1,2
BRDA:233,30,0,2
BRDA:233,30,1,2
BRDA:244,31,0,2
BRDA:244,31,1,2
BRDA:249,32,0,1
BRDA:249,32,1,0
BRDA:250,33,0,1
BRDA:250,33,1,0
BRDA:252,34,0,1
BRDA:252,34,1,1
BRDA:252,34,2,0
BRDA:260,35,0,1
BRDA:260,35,1,0
BRDA:264,36,0,0
BRDA:264,36,1,1
BRDA:264,37,0,1
BRDA:264,37,1,1
BRDA:264,37,2,1
BRDA:270,38,0,0
BRDA:270,38,1,1
BRDA:276,39,0,1
BRDA:276,39,1,0
BRDA:277,40,0,1
BRDA:277,40,1,0
BRDA:281,41,0,0
BRDA:281,41,1,1
BRDA:294,42,0,0
BRDA:294,42,1,1
BRDA:295,43,0,0
BRDA:295,43,1,0
BRDA:303,44,0,0
BRDA:303,44,1,0
BRDA:308,45,0,0
BRDA:308,45,1,0
BRDA:309,46,0,0
BRDA:309,46,1,0
BRDA:328,47,0,0
BRDA:328,47,1,0
BRDA:337,48,0,0
BRDA:337,48,1,0
BRDA:338,49,0,0
BRDA:338,49,1,0
BRDA:345,50,0,0
BRDA:345,50,1,0
BRDA:348,51,0,0
BRDA:348,51,1,0
BRDA:349,52,0,0
BRDA:349,52,1,0
BRDA:357,53,0,0
BRDA:357,53,1,0
BRDA:363,54,0,0
BRDA:363,54,1,0
BRDA:364,55,0,0
BRDA:364,55,1,0
BRDA:385,56,0,0
BRDA:385,56,1,0
BRDA:394,57,0,0
BRDA:394,57,1,0
BRDA:395,58,0,0
BRDA:395,58,1,0
BRDA:402,59,0,0
BRDA:402,59,1,0
BRDA:405,60,0,0
BRDA:405,60,1,0
BRDA:406,61,0,0
BRDA:406,61,1,0
BRDA:427,62,0,0
BRDA:427,62,1,3
BRDA:428,63,0,2
BRDA:428,63,1,1
BRDA:428,64,0,3
BRDA:428,64,1,2
BRDA:441,65,0,2
BRDA:441,65,1,4
BRDA:445,66,0,3
BRDA:445,66,1,1
BRDA:460,67,0,0
BRDA:460,67,1,0
BRDA:489,68,0,0
BRDA:489,68,1,0
BRDA:491,69,0,0
BRDA:491,69,1,0
BRDA:499,70,0,0
BRDA:499,70,1,0
BRDA:499,71,0,0
BRDA:499,71,1,0
BRDA:500,72,0,0
BRDA:500,72,1,0
BRDA:503,73,0,0
BRDA:503,73,1,0
BRDA:506,74,0,0
BRDA:506,74,1,0
BRDA:508,75,0,0
BRDA:508,75,1,0
BRDA:509,76,0,0
BRDA:509,76,1,0
BRDA:518,77,0,0
BRDA:518,77,1,0
BRDA:518,78,0,0
BRDA:518,78,1,0
BRDA:536,79,0,0
BRDA:536,79,1,0
BRDA:543,80,0,0
BRDA:543,80,1,0
BRDA:549,81,0,0
BRDA:549,81,1,0
BRDA:554,82,0,0
BRDA:554,82,1,0
BRDA:560,83,0,0
BRDA:560,83,1,0
BRDA:574,84,0,0
BRDA:574,84,1,0
BRDA:574,85,0,0
BRDA:574,85,1,0
BRDA:576,86,0,0
BRDA:576,86,1,0
BRDA:577,87,0,0
BRDA:577,87,1,0
BRDA:577,87,2,0
BRDA:579,88,0,0
BRDA:579,88,1,0
BRDA:583,89,0,0
BRDA:583,89,1,0
BRDA:583,90,0,0
BRDA:583,90,1,0
BRDA:586,91,0,0
BRDA:586,91,1,0
BRDA:588,92,0,0
BRDA:588,92,1,0
BRDA:647,93,0,0
BRDA:647,93,1,0
BRDA:653,94,0,0
BRDA:653,94,1,0
BRDA:664,95,0,0
BRDA:664,95,1,0
BRDA:666,96,0,0
BRDA:666,96,1,0
BRDA:672,97,0,0
BRDA:672,97,1,0
BRDA:672,98,0,0
BRDA:672,98,1,0
BRDA:672,98,2,0
BRDA:677,99,0,0
BRDA:677,99,1,0
BRDA:678,100,0,0
BRDA:678,100,1,0
BRDA:682,101,0,0
BRDA:682,101,1,0
BRDA:698,102,0,0
BRDA:698,102,1,0
BRDA:702,103,0,0
BRDA:702,103,1,0
BRDA:704,104,0,0
BRDA:704,104,1,0
BRDA:704,104,2,0
BRDA:707,105,0,0
BRDA:707,105,1,0
BRDA:715,106,0,0
BRDA:715,106,1,0
BRDA:715,106,2,0
BRDA:715,106,3,0
BRDA:715,106,4,0
BRDA:727,107,0,0
BRDA:727,107,1,0
BRDA:755,108,0,0
BRDA:755,108,1,0
BRDA:763,109,0,0
BRDA:763,109,1,0
BRDA:763,110,0,0
BRDA:763,110,1,0
BRDA:777,111,0,0
BRDA:777,111,1,0
BRDA:777,112,0,0
BRDA:777,112,1,0
BRDA:780,113,0,0
BRDA:780,113,1,0
BRDA:784,114,0,0
BRDA:784,114,1,0
BRDA:788,115,0,0
BRDA:788,115,1,0
BRDA:790,116,0,0
BRDA:790,116,1,0
BRDA:813,117,0,0
BRDA:813,117,1,0
BRDA:822,118,0,0
BRDA:822,118,1,0
BRDA:845,119,0,0
BRDA:845,119,1,0
BRDA:845,120,0,0
BRDA:845,120,1,0
BRDA:861,121,0,0
BRDA:861,121,1,0
BRDA:863,122,0,0
BRDA:863,122,1,0
BRDA:876,123,0,0
BRDA:876,123,1,0
BRDA:876,124,0,0
BRDA:876,124,1,0
BRDA:886,125,0,0
BRDA:886,125,1,0
BRDA:930,126,0,0
BRDA:930,126,1,0
BRDA:932,127,0,0
BRDA:932,127,1,0
BRDA:943,128,0,0
BRDA:943,128,1,0
BRDA:955,129,0,0
BRDA:955,129,1,0
BRDA:955,130,0,0
BRDA:955,130,1,0
BRDA:955,130,2,0
BRDA:955,130,3,0
BRDA:959,131,0,0
BRDA:959,131,1,0
BRDA:960,132,0,0
BRDA:960,132,1,0
BRDA:960,132,2,0
BRDA:995,133,0,0
BRDA:995,133,1,0
BRDA:1029,134,0,0
BRDA:1029,134,1,0
BRDA:1041,135,0,0
BRDA:1041,135,1,0
BRDA:1054,136,0,0
BRDA:1054,136,1,0
BRDA:1061,137,0,0
BRDA:1061,137,1,0
BRDA:1073,138,0,0
BRDA:1073,138,1,0
BRDA:1093,139,0,0
BRDA:1093,139,1,0
BRDA:1105,140,0,0
BRDA:1105,140,1,0
BRDA:1109,141,0,0
BRDA:1109,141,1,0
BRDA:1110,142,0,0
BRDA:1110,142,1,0
BRDA:1110,142,2,0
BRDA:1110,142,3,0
BRDA:1125,143,0,0
BRDA:1125,143,1,0
BRDA:1130,144,0,0
BRDA:1130,144,1,0
BRDA:1139,145,0,0
BRDA:1139,145,1,0
BRDA:1139,146,0,0
BRDA:1139,146,1,0
BRDA:1139,146,2,0
BRDA:1145,147,0,0
BRDA:1145,147,1,0
BRDA:1145,148,0,0
BRDA:1145,148,1,0
BRDA:1157,149,0,0
BRDA:1157,149,1,0
BRDA:1161,150,0,0
BRDA:1161,150,1,0
BRDA:1173,151,0,0
BRDA:1173,151,1,0
BRDA:1173,152,0,0
BRDA:1173,152,1,0
BRDA:1190,153,0,0
BRDA:1190,153,1,0
BRDA:1195,154,0,0
BRDA:1195,154,1,0
BRDA:1226,155,0,0
BRDA:1226,155,1,0
BRDA:1226,156,0,0
BRDA:1226,156,1,0
BRDA:1229,157,0,0
BRDA:1229,157,1,0
BRDA:1241,158,0,0
BRDA:1241,158,1,0
BRDA:1247,159,0,0
BRDA:1247,159,1,0
BRDA:1247,160,0,0
BRDA:1247,160,1,0
BRDA:1248,161,0,0
BRDA:1248,161,1,0
BRDA:1248,162,0,0
BRDA:1248,162,1,0
BRDA:1258,163,0,0
BRDA:1258,163,1,0
BRDA:1258,164,0,0
BRDA:1258,164,1,0
BRDA:1258,164,2,0
BRDA:1259,165,0,0
BRDA:1259,165,1,0
BRDA:1259,166,0,0
BRDA:1259,166,1,0
BRDA:1262,167,0,0
BRDA:1262,167,1,0
BRDA:1272,168,0,0
BRDA:1272,168,1,0
BRDA:1282,169,0,0
BRDA:1282,169,1,0
BRDA:1282,170,0,0
BRDA:1282,170,1,0
BRDA:1282,170,2,0
BRDA:1283,171,0,0
BRDA:1283,171,1,0
BRDA:1283,172,0,0
BRDA:1283,172,1,0
BRDA:1298,173,0,0
BRDA:1298,173,1,0
BRDA:1308,174,0,0
BRDA:1308,174,1,0
BRDA:1325,175,0,0
BRDA:1325,175,1,0
BRDA:1325,176,0,0
BRDA:1325,176,1,0
BRDA:1328,177,0,0
BRDA:1328,177,1,0
BRDA:1333,178,0,0
BRDA:1333,178,1,0
BRDA:1341,179,0,0
BRDA:1341,179,1,0
BRDA:1352,180,0,0
BRDA:1352,180,1,0
BRDA:1358,181,0,0
BRDA:1358,181,1,0
BRDA:1381,182,0,0
BRDA:1381,182,1,0
BRDA:1399,183,0,0
BRDA:1399,183,1,0
BRDA:1402,184,0,0
BRDA:1402,184,1,0
BRDA:1402,185,0,0
BRDA:1402,185,1,0
BRDA:1404,186,0,0
BRDA:1404,186,1,0
BRDA:1412,187,0,0
BRDA:1412,187,1,0
BRDA:1425,188,0,0
BRDA:1425,188,1,0
BRDA:1433,189,0,0
BRDA:1433,189,1,0
BRDA:1445,190,0,0
BRDA:1445,190,1,0
BRDA:1448,191,0,0
BRDA:1448,191,1,0
BRDA:1451,192,0,0
BRDA:1451,192,1,0
BRDA:1462,193,0,0
BRDA:1462,193,1,0
BRDA:1463,194,0,0
BRDA:1463,194,1,0
BRDA:1465,195,0,0
BRDA:1465,195,1,0
BRDA:1480,196,0,0
BRDA:1480,196,1,0
BRDA:1494,197,0,0
BRDA:1494,197,1,0
BRDA:1494,198,0,0
BRDA:1494,198,1,0
BRDA:1496,199,0,0
BRDA:1496,199,1,0
BRDA:1497,200,0,0
BRDA:1497,200,1,0
BRDA:1501,201,0,0
BRDA:1501,201,1,0
BRDA:1502,202,0,0
BRDA:1502,202,1,0
BRDA:1505,203,0,0
BRDA:1505,203,1,0
BRDA:1508,204,0,0
BRDA:1508,204,1,0
BRDA:1510,205,0,0
BRDA:1510,205,1,0
BRDA:1511,206,0,0
BRDA:1511,206,1,0
BRDA:1514,207,0,0
BRDA:1514,207,1,0
BRDA:1514,207,2,0
BRDA:1519,208,0,0
BRDA:1519,208,1,0
BRDA:1519,209,0,0
BRDA:1519,209,1,0
BRDA:1519,210,0,0
BRDA:1519,210,1,0
BRDA:1525,211,0,0
BRDA:1525,211,1,0
BRDA:1525,212,0,0
BRDA:1525,212,1,0
BRDA:1526,213,0,0
BRDA:1526,213,1,0
BRDA:1531,214,0,0
BRDA:1531,214,1,0
BRDA:1533,215,0,0
BRDA:1533,215,1,0
BRDA:1537,216,0,0
BRDA:1537,216,1,0
BRDA:1541,217,0,0
BRDA:1541,217,1,0
BRDA:1548,218,0,0
BRDA:1548,218,1,0
BRDA:1551,219,0,0
BRDA:1551,219,1,0
BRDA:1555,220,0,0
BRDA:1555,220,1,0
BRDA:1585,221,0,0
BRDA:1585,221,1,0
BRDA:1595,222,0,0
BRDA:1595,222,1,0
BRDA:1620,223,0,0
BRDA:1620,223,1,0
BRDA:1620,224,0,0
BRDA:1620,224,1,0
BRDA:1645,225,0,0
BRDA:1645,225,1,0
BRDA:1660,226,0,0
BRDA:1660,226,1,0
BRDA:1680,227,0,0
BRDA:1680,227,1,0
BRDA:1711,228,0,0
BRDA:1711,228,1,0
BRDA:1715,229,0,0
BRDA:1715,229,1,0
BRDA:1745,230,0,0
BRDA:1745,230,1,0
BRDA:1777,231,0,0
BRDA:1777,231,1,0
BRDA:1787,232,0,0
BRDA:1787,232,1,0
BRDA:1949,233,0,0
BRDA:1949,233,1,0
BRDA:1949,234,0,0
BRDA:1949,234,1,0
BRDA:1951,235,0,0
BRDA:1951,235,1,0
BRDA:2022,236,0,0
BRDA:2022,236,1,0
BRDA:2041,237,0,0
BRDA:2041,237,1,0
BRDA:2044,238,0,0
BRDA:2044,238,1,0
BRDA:2205,239,0,0
BRDA:2205,239,1,0
BRDA:2213,240,0,0
BRDA:2213,240,1,0
BRDA:2232,241,0,0
BRDA:2232,241,1,0
BRDA:2232,242,0,0
BRDA:2232,242,1,0
BRDA:2233,243,0,0
BRDA:2233,243,1,0
BRDA:2235,244,0,0
BRDA:2235,244,1,0
BRDA:2239,245,0,0
BRDA:2239,245,1,0
BRDA:2244,246,0,0
BRDA:2244,246,1,0
BRDA:2249,247,0,0
BRDA:2249,247,1,0
BRDA:2251,248,0,0
BRDA:2251,248,1,0
BRDA:2255,249,0,0
BRDA:2255,249,1,0
BRDA:2261,250,0,0
BRDA:2261,250,1,0
BRDA:2261,251,0,0
BRDA:2261,251,1,0
BRDA:2263,252,0,0
BRDA:2263,252,1,0
BRDA:2264,253,0,0
BRDA:2264,253,1,0
BRDA:2266,254,0,0
BRDA:2266,254,1,0
BRDA:2266,255,0,0
BRDA:2266,255,1,0
BRDA:2272,256,0,0
BRDA:2272,256,1,0
BRDA:2272,257,0,0
BRDA:2272,257,1,0
BRDA:2273,258,0,0
BRDA:2273,258,1,0
BRDA:2277,259,0,0
BRDA:2277,259,1,0
BRF:537
BRH:48
end_of_record
TN:
SF:src/modules/messages/MessagesPage.tsx
FN:16,(anonymous_0)
FN:20,(anonymous_1)
FN:23,(anonymous_2)
FN:29,(anonymous_3)
FN:110,(anonymous_4)
FN:215,(anonymous_5)
FN:223,(anonymous_6)
FN:231,(anonymous_7)
FN:237,(anonymous_8)
FN:241,(anonymous_9)
FN:249,(anonymous_10)
FN:249,(anonymous_11)
FN:252,(anonymous_12)
FN:255,(anonymous_13)
FN:261,(anonymous_14)
FN:267,(anonymous_15)
FN:268,(anonymous_16)
FN:268,(anonymous_17)
FN:278,(anonymous_18)
FN:324,(anonymous_19)
FN:335,(anonymous_20)
FN:346,(anonymous_21)
FN:361,(anonymous_22)
FN:382,(anonymous_23)
FN:394,(anonymous_24)
FNF:25
FNH:1
FNDA:0,(anonymous_0)
FNDA:0,(anonymous_1)
FNDA:0,(anonymous_2)
FNDA:0,(anonymous_3)
FNDA:2,(anonymous_4)
FNDA:0,(anonymous_5)
FNDA:0,(anonymous_6)
FNDA:0,(anonymous_7)
FNDA:0,(anonymous_8)
FNDA:0,(anonymous_9)
FNDA:0,(anonymous_10)
FNDA:0,(anonymous_11)
FNDA:0,(anonymous_12)
FNDA:0,(anonymous_13)
FNDA:0,(anonymous_14)
FNDA:0,(anonymous_15)
FNDA:0,(anonymous_16)
FNDA:0,(anonymous_17)
FNDA:0,(anonymous_18)
FNDA:0,(anonymous_19)
FNDA:0,(anonymous_20)
FNDA:0,(anonymous_21)
FNDA:0,(anonymous_22)
FNDA:0,(anonymous_23)
FNDA:0,(anonymous_24)
DA:16,1
DA:17,0
DA:18,0
DA:20,0
DA:21,0
DA:23,0
DA:24,0
DA:25,0
DA:26,0
DA:29,0
DA:32,0
DA:110,1
DA:114,2
DA:116,2
DA:119,2
DA:120,2
DA:121,2
DA:124,2
DA:125,2
DA:215,1
DA:216,0
DA:217,0
DA:218,0
DA:219,0
DA:221,0
DA:223,0
DA:224,0
DA:232,0
DA:233,0
DA:237,0
DA:238,0
DA:241,0
DA:242,0
DA:246,0
DA:247,0
DA:249,0
DA:251,0
DA:253,0
DA:256,0
DA:257,0
DA:258,0
DA:262,0
DA:263,0
DA:267,0
DA:268,0
DA:273,0
DA:278,0
DA:279,0
DA:324,0
DA:335,0
DA:346,0
DA:361,0
DA:382,0
DA:394,0
LF:54
LH:10
BRDA:21,0,0,0
BRDA:21,0,1,0
BRDA:24,1,0,0
BRDA:24,1,1,0
BRDA:114,2,0,2
BRDA:114,2,1,0
BRDA:114,2,2,0
BRDA:116,3,0,2
BRDA:116,3,1,0
BRDA:116,3,2,0
BRDA:119,4,0,2
BRDA:119,4,1,0
BRDA:125,5,0,1
BRDA:125,5,1,1
BRDA:133,6,0,2
BRDA:133,6,1,0
BRDA:141,7,0,0
BRDA:141,7,1,0
BRDA:143,8,0,0
BRDA:143,8,1,0
BRDA:144,9,0,0
BRDA:144,9,1,0
BRDA:149,10,0,0
BRDA:149,10,1,0
BRDA:149,10,2,0
BRDA:159,11,0,1
BRDA:159,11,1,1
BRDA:164,12,0,0
BRDA:164,12,1,2
BRDA:166,13,0,0
BRDA:166,13,1,0
BRDA:167,14,0,0
BRDA:167,14,1,0
BRDA:186,15,0,1
BRDA:186,15,1,1
BRDA:204,16,0,1
BRDA:204,16,1,1
BRDA:207,17,0,2
BRDA:207,17,1,0
BRDA:249,18,0,0
BRDA:249,18,1,0
BRDA:253,19,0,0
BRDA:253,19,1,0
BRDA:256,20,0,0
BRDA:256,20,1,0
BRDA:257,21,0,0
BRDA:257,21,1,0
BRDA:262,22,0,0
BRDA:262,22,1,0
BRDA:266,23,0,0
BRDA:266,23,1,0
BRDA:308,24,0,0
BRDA:308,24,1,0
BRDA:326,25,0,0
BRDA:326,25,1,0
BRDA:337,26,0,0
BRDA:337,26,1,0
BRDA:348,27,0,0
BRDA:348,27,1,0
BRDA:380,28,0,0
BRDA:380,28,1,0
BRDA:381,29,0,0
BRDA:381,29,1,0
BRF:63
BRH:14
end_of_record
TN:
SF:src/modules/messages/formatTimeAgo.ts
FN:7,(anonymous_0)
FNF:1
FNH:1
FNDA:13,(anonymous_0)
DA:7,6
DA:8,13
DA:9,12
DA:10,12
DA:12,11
DA:13,11
DA:15,11
DA:17,10
DA:18,10
DA:20,9
DA:21,9
DA:23,8
DA:24,8
DA:26,7
DA:27,7
DA:28,6
DA:30,5
DA:31,5
DA:32,1
DA:35,4
DA:36,4
DA:37,1
DA:40,3
DA:41,2
DA:44,1
DA:45,1
LF:26
LH:26
BRDA:8,0,0,1
BRDA:8,0,1,12
BRDA:10,1,0,1
BRDA:10,1,1,11
BRDA:15,2,0,1
BRDA:15,2,1,10
BRDA:18,3,0,1
BRDA:18,3,1,9
BRDA:21,4,0,1
BRDA:21,4,1,8
BRDA:24,5,0,1
BRDA:24,5,1,7
BRDA:27,6,0,1
BRDA:27,6,1,6
BRDA:28,7,0,1
BRDA:28,7,1,5
BRDA:31,8,0,1
BRDA:31,8,1,4
BRDA:32,9,0,0
BRDA:32,9,1,1
BRDA:36,10,0,1
BRDA:36,10,1,3
BRDA:37,11,0,0
BRDA:37,11,1,1
BRDA:40,12,0,2
BRDA:40,12,1,1
BRDA:41,13,0,1
BRDA:41,13,1,1
BRDA:45,14,0,0
BRDA:45,14,1,1
BRF:30
BRH:27
end_of_record
TN:
SF:src/modules/messages/messageModel.ts
FN:54,(anonymous_0)
FN:75,(anonymous_1)
FN:85,(anonymous_2)
FN:93,(anonymous_3)
FN:115,(anonymous_4)
FN:128,(anonymous_5)
FNF:6
FNH:1
FNDA:2,(anonymous_0)
FNDA:0,(anonymous_1)
FNDA:0,(anonymous_2)
FNDA:0,(anonymous_3)
FNDA:0,(anonymous_4)
FNDA:0,(anonymous_5)
DA:54,3
DA:61,2
DA:65,2
DA:75,3
DA:76,0
DA:77,0
DA:78,0
DA:85,3
DA:86,0
DA:93,3
DA:94,0
DA:95,0
DA:96,0
DA:97,0
DA:98,0
DA:100,0
DA:101,0
DA:104,0
DA:105,0
DA:108,0
DA:115,3
DA:120,0
DA:121,0
DA:122,0
DA:123,0
DA:125,0
DA:128,3
LF:27
LH:8
BRDA:61,0,0,1
BRDA:61,0,1,1
BRDA:66,1,0,1
BRDA:66,1,1,1
BRDA:69,2,0,1
BRDA:69,2,1,1
BRDA:77,3,0,0
BRDA:77,3,1,0
BRDA:87,4,0,0
BRDA:87,4,1,0
BRDA:87,4,2,0
BRDA:95,5,0,0
BRDA:95,5,1,0
BRDA:100,6,0,0
BRDA:100,6,1,0
BRDA:104,7,0,0
BRDA:104,7,1,0
BRDA:118,8,0,0
BRDA:122,9,0,0
BRDA:122,9,1,0
BRDA:122,10,0,0
BRDA:122,10,1,0
BRDA:132,11,0,0
BRDA:132,11,1,0
BRDA:133,12,0,0
BRDA:133,12,1,0
BRDA:134,13,0,0
BRDA:134,13,1,0
BRF:28
BRH:6
end_of_record
TN:
SF:src/modules/messages/messageText.ts
FN:1,(anonymous_0)
FN:21,(anonymous_1)
FN:56,(anonymous_2)
FN:75,(anonymous_3)
FN:85,(anonymous_4)
FNF:5
FNH:5
FNDA:11,(anonymous_0)
FNDA:3,(anonymous_1)
FNDA:4,(anonymous_2)
FNDA:3,(anonymous_3)
FNDA:4,(anonymous_4)
DA:1,6
DA:2,11
DA:4,10
DA:5,10
DA:7,10
DA:8,0
DA:9,0
DA:13,8
DA:14,3
DA:18,5
DA:19,5
DA:20,1
DA:21,3
DA:24,1
DA:25,1
DA:30,4
DA:31,3
DA:32,1
DA:34,2
DA:38,1
DA:39,1
DA:43,0
DA:46,2
DA:56,6
DA:57,4
DA:58,3
DA:59,3
DA:60,3
DA:61,1
DA:72,2
DA:75,6
DA:77,3
DA:82,3
DA:85,6
DA:86,4
DA:88,3
DA:89,3
DA:91,3
DA:93,2
DA:96,2
DA:97,1
DA:100,2
DA:101,1
LF:43
LH:40
BRDA:2,0,0,1
BRDA:2,0,1,10
BRDA:7,1,0,0
BRDA:7,1,1,10
BRDA:7,2,0,10
BRDA:7,2,1,8
BRDA:8,3,0,0
BRDA:8,3,1,0
BRDA:13,4,0,3
BRDA:13,4,1,5
BRDA:19,5,0,1
BRDA:19,5,1,4
BRDA:21,6,0,3
BRDA:21,6,1,0
BRDA:24,7,0,1
BRDA:24,7,1,0
BRDA:30,8,0,3
BRDA:30,8,1,1
BRDA:31,9,0,1
BRDA:31,9,1,2
BRDA:31,10,0,3
BRDA:31,10,1,1
BRDA:38,11,0,1
BRDA:38,11,1,0
BRDA:57,12,0,1
BRDA:57,12,1,3
BRDA:60,13,0,1
BRDA:60,13,1,2
BRDA:60,14,0,3
BRDA:60,14,1,1
BRDA:63,15,0,1
BRDA:63,15,1,0
BRDA:65,16,0,1
BRDA:65,16,1,0
BRDA:85,17,0,4
BRDA:86,18,0,1
BRDA:86,18,1,3
BRDA:91,19,0,1
BRDA:91,19,1,2
BRDA:96,20,0,1
BRDA:96,20,1,1
BRDA:100,21,0,1
BRDA:100,21,1,1
BRF:43
BRH:35
end_of_record
TN:
SF:src/modules/messages/useBlockStatus.ts
FN:15,fetchBlockStatus
FN:33,(anonymous_1)
FN:36,(anonymous_2)
FN:56,(anonymous_3)
FN:67,(anonymous_4)
FN:83,(anonymous_5)
FN:103,(anonymous_6)
FN:109,(anonymous_7)
FN:125,(anonymous_8)
FNF:9
FNH:3
FNDA:4,fetchBlockStatus
FNDA:2,(anonymous_1)
FNDA:2,(anonymous_2)
FNDA:0,(anonymous_3)
FNDA:0,(anonymous_4)
FNDA:0,(anonymous_5)
FNDA:0,(anonymous_6)
FNDA:0,(anonymous_7)
FNDA:0,(anonymous_8)
DA:20,4
DA:27,4
DA:28,1
DA:31,3
DA:32,4
DA:33,2
DA:35,4
DA:36,2
DA:39,4
DA:56,2
DA:57,0
DA:58,0
DA:59,0
DA:61,0
DA:63,0
DA:68,0
DA:69,0
DA:72,0
DA:73,0
DA:75,0
DA:76,0
DA:77,0
DA:82,0
DA:84,0
DA:85,0
DA:88,0
DA:98,0
DA:99,0
DA:100,0
DA:104,0
DA:108,0
DA:110,0
DA:111,0
DA:114,0
DA:120,0
DA:121,0
DA:122,0
DA:126,0
DA:130,0
DA:131,0
DA:132,0
DA:133,0
DA:135,0
LF:43
LH:10
BRDA:27,0,0,1
BRDA:27,0,1,3
BRDA:31,1,0,3
BRDA:31,1,1,0
BRDA:33,2,0,2
BRDA:33,2,1,1
BRDA:36,3,0,2
BRDA:36,3,1,1
BRDA:58,4,0,0
BRDA:58,4,1,0
BRDA:65,5,0,0
BRDA:65,5,1,0
BRDA:65,5,2,0
BRDA:68,6,0,0
BRDA:68,6,1,0
BRDA:68,7,0,0
BRDA:68,7,1,0
BRDA:68,7,2,0
BRDA:77,8,0,0
BRDA:77,8,1,0
BRDA:84,9,0,0
BRDA:84,9,1,0
BRDA:84,10,0,0
BRDA:84,10,1,0
BRDA:98,11,0,0
BRDA:98,11,1,0
BRDA:110,12,0,0
BRDA:110,12,1,0
BRDA:110,13,0,0
BRDA:110,13,1,0
BRDA:120,14,0,0
BRDA:120,14,1,0
BRDA:130,15,0,0
BRDA:130,15,1,0
BRDA:131,16,0,0
BRDA:131,16,1,0
BRDA:132,17,0,0
BRDA:132,17,1,0
BRDA:133,18,0,0
BRDA:133,18,1,0
BRDA:139,19,0,0
BRDA:139,19,1,0
BRDA:141,20,0,0
BRDA:141,20,1,0
BRF:44
BRH:7
end_of_record
TN:
SF:src/modules/messages/useConversationMessages.ts
FN:15,(anonymous_0)
FN:31,(anonymous_1)
FN:35,(anonymous_2)
FN:44,(anonymous_3)
FN:63,(anonymous_4)
FN:68,(anonymous_5)
FN:74,(anonymous_6)
FN:101,(anonymous_7)
FNF:8
FNH:0
FNDA:0,(anonymous_0)
FNDA:0,(anonymous_1)
FNDA:0,(anonymous_2)
FNDA:0,(anonymous_3)
FNDA:0,(anonymous_4)
FNDA:0,(anonymous_5)
FNDA:0,(anonymous_6)
FNDA:0,(anonymous_7)
DA:11,2
DA:15,2
DA:19,0
DA:20,0
DA:22,0
DA:23,0
DA:26,0
DA:27,0
DA:30,0
DA:31,0
DA:35,2
DA:36,0
DA:38,0
DA:45,0
DA:47,0
DA:53,0
DA:54,0
DA:55,0
DA:58,0
DA:59,0
DA:63,0
DA:64,0
DA:66,0
DA:68,0
DA:69,0
DA:70,0
DA:72,0
DA:74,0
DA:78,0
DA:101,0
DA:102,0
DA:106,0
LF:32
LH:3
BRDA:19,0,0,0
BRDA:19,0,1,0
BRDA:22,1,0,0
BRDA:22,1,1,0
BRDA:31,2,0,0
BRDA:31,2,1,0
BRDA:31,3,0,0
BRDA:31,3,1,0
BRDA:45,4,0,0
BRDA:45,4,1,0
BRDA:53,5,0,0
BRDA:53,5,1,0
BRDA:58,6,0,0
BRDA:58,6,1,0
BRDA:64,7,0,0
BRDA:64,7,1,0
BRDA:70,8,0,0
BRDA:70,8,1,0
BRDA:70,9,0,0
BRDA:70,9,1,0
BRDA:70,9,2,0
BRF:21
BRH:0
end_of_record
TN:
SF:src/modules/messages/useConversationReactions.ts
FN:9,(anonymous_0)
FN:14,(anonymous_1)
FN:23,(anonymous_2)
FN:39,(anonymous_3)
FN:52,(anonymous_4)
FN:59,(anonymous_5)
FN:91,(anonymous_6)
FN:99,(anonymous_7)
FN:102,(anonymous_8)
FN:124,(anonymous_9)
FN:132,(anonymous_10)
FN:138,(anonymous_11)
FN:144,(anonymous_12)
FNF:13
FNH:0
FNDA:0,(anonymous_0)
FNDA:0,(anonymous_1)
FNDA:0,(anonymous_2)
FNDA:0,(anonymous_3)
FNDA:0,(anonymous_4)
FNDA:0,(anonymous_5)
FNDA:0,(anonymous_6)
FNDA:0,(anonymous_7)
FNDA:0,(anonymous_8)
FNDA:0,(anonymous_9)
FNDA:0,(anonymous_10)
FNDA:0,(anonymous_11)
FNDA:0,(anonymous_12)
DA:9,2
DA:10,0
DA:14,2
DA:23,2
DA:24,0
DA:31,0
DA:32,0
DA:33,0
DA:36,0
DA:39,2
DA:40,0
DA:41,0
DA:42,0
DA:43,0
DA:45,0
DA:53,0
DA:54,0
DA:58,0
DA:60,0
DA:61,0
DA:63,0
DA:70,0
DA:71,0
DA:72,0
DA:80,0
DA:81,0
DA:82,0
DA:84,0
DA:87,0
DA:88,0
DA:92,0
DA:93,0
DA:96,0
DA:97,0
DA:99,0
DA:100,0
DA:101,0
DA:102,0
DA:105,0
DA:106,0
DA:107,0
DA:108,0
DA:111,0
DA:119,0
DA:122,0
DA:125,0
DA:126,0
DA:127,0
DA:129,0
DA:133,0
DA:134,0
DA:138,0
DA:139,0
DA:140,0
DA:142,0
DA:143,0
DA:144,0
DA:145,0
DA:146,0
DA:147,0
DA:149,0
DA:154,0
DA:156,0
DA:159,0
DA:162,0
LF:65
LH:4
BRDA:31,0,0,0
BRDA:31,0,1,0
BRDA:36,1,0,0
BRDA:36,1,1,0
BRDA:41,2,0,0
BRDA:41,2,1,0
BRDA:50,3,0,0
BRDA:50,3,1,0
BRDA:53,4,0,0
BRDA:53,4,1,0
BRDA:60,5,0,0
BRDA:60,5,1,0
BRDA:61,6,0,0
BRDA:61,6,1,0
BRDA:70,7,0,0
BRDA:70,7,1,0
BRDA:71,8,0,0
BRDA:71,8,1,0
BRDA:80,9,0,0
BRDA:80,9,1,0
BRDA:92,10,0,0
BRDA:92,10,1,0
BRDA:92,11,0,0
BRDA:92,11,1,0
BRDA:100,12,0,0
BRDA:100,12,1,0
BRDA:102,13,0,0
BRDA:102,13,1,0
BRDA:102,13,2,0
BRDA:105,14,0,0
BRDA:105,14,1,0
BRDA:125,15,0,0
BRDA:125,15,1,0
BRDA:126,16,0,0
BRDA:126,16,1,0
BRDA:133,17,0,0
BRDA:133,17,1,0
BRDA:140,18,0,0
BRDA:140,18,1,0
BRDA:143,19,0,0
BRDA:143,19,1,0
BRDA:145,20,0,0
BRDA:145,20,1,0
BRDA:147,21,0,0
BRDA:147,21,1,0
BRDA:147,22,0,0
BRDA:147,22,1,0
BRDA:152,23,0,0
BRDA:152,23,1,0
BRDA:163,24,0,0
BRDA:163,24,1,0
BRF:51
BRH:0
end_of_record
TN:
SF:src/modules/messages/useConversations.ts
FN:53,(anonymous_0)
FN:67,(anonymous_1)
FN:76,(anonymous_2)
FN:77,(anonymous_3)
FN:89,(anonymous_4)
FN:131,(anonymous_5)
FN:149,(anonymous_6)
FN:166,(anonymous_7)
FN:178,(anonymous_8)
FNF:9
FNH:0
FNDA:0,(anonymous_0)
FNDA:0,(anonymous_1)
FNDA:0,(anonymous_2)
FNDA:0,(anonymous_3)
FNDA:0,(anonymous_4)
FNDA:0,(anonymous_5)
FNDA:0,(anonymous_6)
FNDA:0,(anonymous_7)
FNDA:0,(anonymous_8)
DA:53,5
DA:56,0
DA:60,0
DA:61,0
DA:62,0
DA:65,0
DA:67,0
DA:68,0
DA:72,0
DA:76,0
DA:77,0
DA:78,0
DA:83,0
DA:84,0
DA:89,0
DA:92,0
DA:94,0
DA:95,0
DA:97,0
DA:105,0
DA:110,0
DA:111,0
DA:113,0
DA:114,0
DA:117,0
DA:126,0
DA:128,0
DA:130,0
DA:131,0
DA:133,0
DA:134,0
DA:135,0
DA:136,0
DA:137,0
DA:138,0
DA:139,0
DA:144,0
DA:149,0
DA:166,5
DA:167,0
DA:168,0
DA:170,0
DA:179,0
DA:181,0
LF:44
LH:2
BRDA:60,0,0,0
BRDA:60,0,1,0
BRDA:65,1,0,0
BRDA:65,1,1,0
BRDA:68,2,0,0
BRDA:68,2,1,0
BRDA:72,3,0,0
BRDA:72,3,1,0
BRDA:83,4,0,0
BRDA:83,4,1,0
BRDA:85,5,0,0
BRDA:85,5,1,0
BRDA:86,6,0,0
BRDA:86,6,1,0
BRDA:89,7,0,0
BRDA:89,7,1,0
BRDA:89,7,2,0
BRDA:92,8,0,0
BRDA:92,8,1,0
BRDA:94,9,0,0
BRDA:94,9,1,0
BRDA:96,10,0,0
BRDA:96,10,1,0
BRDA:96,10,2,0
BRDA:96,10,3,0
BRDA:98,11,0,0
BRDA:98,11,1,0
BRDA:100,12,0,0
BRDA:100,12,1,0
BRDA:100,13,0,0
BRDA:100,13,1,0
BRDA:105,14,0,0
BRDA:105,14,1,0
BRDA:110,15,0,0
BRDA:110,15,1,0
BRDA:110,15,2,0
BRDA:110,15,3,0
BRDA:113,16,0,0
BRDA:113,16,1,0
BRDA:114,17,0,0
BRDA:114,17,1,0
BRDA:117,18,0,0
BRDA:117,18,1,0
BRDA:119,19,0,0
BRDA:119,19,1,0
BRDA:119,19,2,0
BRDA:119,19,3,0
BRDA:119,19,4,0
BRDA:119,19,5,0
BRDA:130,20,0,0
BRDA:130,20,1,0
BRDA:130,21,0,0
BRDA:130,21,1,0
BRDA:130,21,2,0
BRDA:130,21,3,0
BRDA:133,22,0,0
BRDA:133,22,1,0
BRDA:135,23,0,0
BRDA:135,23,1,0
BRDA:138,24,0,0
BRDA:138,24,1,0
BRDA:138,25,0,0
BRDA:138,25,1,0
BRDA:138,25,2,0
BRDA:151,26,0,0
BRDA:151,26,1,0
BRDA:151,26,2,0
BRDA:157,27,0,0
BRDA:157,27,1,0
BRDA:168,28,0,0
BRDA:168,28,1,0
BRDA:175,29,0,0
BRDA:175,29,1,0
BRDA:179,30,0,0
BRDA:179,30,1,0
BRF:75
BRH:0
end_of_record
TN:
SF:src/modules/messages/components/ConversationHeader.tsx
FN:17,(anonymous_0)
FNF:1
FNH:0
FNDA:0,(anonymous_0)
DA:17,2
LF:1
LH:1
BRDA:24,0,0,0
BRDA:25,1,0,0
BRDA:46,2,0,0
BRDA:46,2,1,0
BRDA:47,3,0,0
BRDA:47,3,1,0
BRDA:50,4,0,0
BRDA:50,4,1,0
BRDA:56,5,0,0
BRDA:56,5,1,0
BRDA:67,6,0,0
BRDA:67,6,1,0
BRDA:67,6,2,0
BRDA:70,7,0,0
BRDA:70,7,1,0
BRDA:71,8,0,0
BRDA:71,8,1,0
BRDA:73,9,0,0
BRDA:73,9,1,0
BRDA:74,10,0,0
BRDA:74,10,1,0
BRDA:77,11,0,0
BRDA:77,11,1,0
BRDA:121,12,0,0
BRDA:121,12,1,0
BRF:25
BRH:0
end_of_record
TN:
SF:src/modules/messages/components/MessageBubble.tsx
FN:10,(anonymous_0)
FNF:1
FNH:0
FNDA:0,(anonymous_0)
DA:10,2
DA:17,0
LF:2
LH:1
BRDA:14,0,0,0
BRF:1
BRH:0
end_of_record
TN:
SF:src/modules/messages/components/MessageComposer.tsx
FN:7,(anonymous_0)
FNF:1
FNH:0
FNDA:0,(anonymous_0)
DA:7,2
LF:1
LH:1
BRDA:11,0,0,0
BRDA:11,0,1,0
BRF:2
BRH:0
end_of_record
TN:
SF:src/modules/messages/components/MessageList.tsx
FN:17,MessageList
FN:63,(anonymous_1)
FNF:2
FNH:0
FNDA:0,MessageList
FNDA:0,(anonymous_1)
DA:29,0
DA:31,0
DA:39,0
DA:43,0
DA:63,0
LF:5
LH:0
BRDA:25,0,0,0
BRDA:31,1,0,0
BRDA:31,1,1,0
BRDA:39,2,0,0
BRDA:39,2,1,0
BRDA:43,3,0,0
BRDA:43,3,1,0
BRDA:65,4,0,0
BRDA:65,4,1,0
BRF:9
BRH:0
end_of_record
TN:
SF:src/modules/search/SearchTitlesTab.tsx
FN:20,(anonymous_0)
FN:79,(anonymous_1)
FN:115,(anonymous_2)
FN:120,(anonymous_3)
FN:129,(anonymous_4)
FN:148,(anonymous_5)
FN:286,(anonymous_6)
FN:291,(anonymous_7)
FN:294,List
FN:298,(anonymous_9)
FN:304,(anonymous_10)
FNF:11
FNH:1
FNDA:1,(anonymous_0)
FNDA:0,(anonymous_1)
FNDA:0,(anonymous_2)
FNDA:0,(anonymous_3)
FNDA:0,(anonymous_4)
FNDA:0,(anonymous_5)
FNDA:0,(anonymous_6)
FNDA:0,(anonymous_7)
FNDA:0,List
FNDA:0,(anonymous_9)
FNDA:0,(anonymous_10)
DA:20,1
DA:21,1
DA:22,1
DA:23,1
DA:24,1
DA:25,1
DA:26,1
DA:27,1
DA:28,1
DA:30,1
DA:36,1
DA:79,1
DA:80,0
DA:82,0
DA:88,0
DA:89,0
DA:91,0
DA:92,0
DA:93,0
DA:95,0
DA:96,0
DA:98,0
DA:99,0
DA:101,0
DA:102,0
DA:107,0
DA:113,0
DA:115,0
DA:116,0
DA:117,0
DA:119,0
DA:121,0
DA:123,0
DA:124,0
DA:125,0
DA:129,0
DA:130,0
DA:133,0
DA:149,0
DA:154,0
DA:196,0
DA:224,0
DA:240,0
DA:287,0
DA:288,0
DA:291,0
DA:299,0
DA:304,0
LF:48
LH:12
BRDA:22,0,0,1
BRDA:22,0,1,0
BRDA:23,1,0,1
BRDA:23,1,1,0
BRDA:24,2,0,0
BRDA:24,2,1,1
BRDA:25,3,0,1
BRDA:25,3,1,0
BRDA:26,4,0,1
BRDA:26,4,1,0
BRDA:27,5,0,1
BRDA:27,5,1,0
BRDA:28,6,0,1
BRDA:28,6,1,0
BRDA:88,7,0,0
BRDA:88,7,1,0
BRDA:92,8,0,0
BRDA:92,8,1,0
BRDA:92,9,0,0
BRDA:92,9,1,0
BRDA:93,10,0,0
BRDA:93,10,1,0
BRDA:95,11,0,0
BRDA:95,11,1,0
BRDA:98,12,0,0
BRDA:98,12,1,0
BRDA:101,13,0,0
BRDA:101,13,1,0
BRDA:103,14,0,0
BRDA:103,14,1,0
BRDA:107,15,0,0
BRDA:107,15,1,0
BRDA:116,16,0,0
BRDA:116,16,1,0
BRDA:116,17,0,0
BRDA:116,17,1,0
BRDA:121,18,0,0
BRDA:121,18,1,0
BRDA:123,19,0,0
BRDA:123,19,1,0
BRDA:123,20,0,0
BRDA:123,20,1,0
BRDA:124,21,0,0
BRDA:124,21,1,0
BRDA:124,22,0,0
BRDA:124,22,1,0
BRDA:137,23,0,0
BRDA:137,23,1,0
BRDA:138,24,0,0
BRDA:138,24,1,0
BRDA:140,25,0,0
BRDA:140,25,1,0
BRDA:154,26,0,0
BRDA:154,26,1,0
BRDA:196,27,0,0
BRDA:196,27,1,0
BRDA:224,28,0,0
BRDA:224,28,1,0
BRDA:240,29,0,0
BRDA:240,29,1,0
BRDA:259,30,0,0
BRDA:259,30,1,0
BRDA:287,31,0,0
BRDA:287,31,1,0
BRDA:287,32,0,0
BRDA:287,32,1,0
BRDA:299,33,0,0
BRDA:299,33,1,0
BRDA:307,34,0,0
BRDA:307,34,1,0
BRF:70
BRH:7
end_of_record
TN:
SF:src/modules/search/externalMovieSearch.ts
FN:30,(anonymous_0)
FN:36,searchExternalTitles
FN:65,(anonymous_2)
FN:73,(anonymous_3)
FNF:4
FNH:0
FNDA:0,(anonymous_0)
FNDA:0,searchExternalTitles
FNDA:0,(anonymous_2)
FNDA:0,(anonymous_3)
DA:30,1
DA:31,0
DA:32,0
DA:41,0
DA:42,0
DA:44,0
DA:46,0
DA:56,0
DA:58,0
DA:59,0
DA:61,0
DA:63,0
DA:66,0
DA:74,0
DA:75,0
DA:76,0
DA:78,0
LF:17
LH:1
BRDA:31,0,0,0
BRDA:31,0,1,0
BRDA:32,1,0,0
BRDA:32,1,1,0
BRDA:38,2,0,0
BRDA:42,3,0,0
BRDA:42,3,1,0
BRDA:58,4,0,0
BRDA:58,4,1,0
BRDA:59,5,0,0
BRDA:59,5,1,0
BRDA:61,6,0,0
BRDA:61,6,1,0
BRDA:67,7,0,0
BRDA:67,7,1,0
BRDA:67,7,2,0
BRDA:67,7,3,0
BRDA:74,8,0,0
BRDA:74,8,1,0
BRDA:75,9,0,0
BRDA:75,9,1,0
BRDA:75,9,2,0
BRDA:76,10,0,0
BRDA:76,10,1,0
BRDA:80,11,0,0
BRDA:80,11,1,0
BRDA:81,12,0,0
BRDA:81,12,1,0
BRDA:81,12,2,0
BRDA:82,13,0,0
BRDA:82,13,1,0
BRDA:84,14,0,0
BRDA:84,14,1,0
BRF:33
BRH:0
end_of_record
TN:
SF:src/modules/search/search.service.ts
FN:58,(anonymous_0)
FN:64,(anonymous_1)
FN:86,(anonymous_2)
FN:166,(anonymous_3)
FN:207,(anonymous_4)
FN:220,(anonymous_5)
FN:246,(anonymous_6)
FN:275,(anonymous_7)
FNF:8
FNH:8
FNDA:12,(anonymous_0)
FNDA:3,(anonymous_1)
FNDA:2,(anonymous_2)
FNDA:2,(anonymous_3)
FNDA:4,(anonymous_4)
FNDA:3,(anonymous_5)
FNDA:4,(anonymous_6)
FNDA:4,(anonymous_7)
DA:58,2
DA:59,12
DA:60,0
DA:64,2
DA:65,3
DA:67,3
DA:83,2
DA:84,2
DA:86,2
DA:92,2
DA:94,2
DA:110,2
DA:112,2
DA:114,2
DA:115,0
DA:118,2
DA:122,2
DA:123,0
DA:126,2
DA:127,2
DA:128,2
DA:131,2
DA:132,0
DA:135,2
DA:136,0
DA:139,2
DA:140,0
DA:143,2
DA:144,0
DA:147,2
DA:148,0
DA:151,2
DA:153,2
DA:154,0
DA:157,2
DA:159,2
DA:160,2
DA:161,2
DA:163,2
DA:166,2
DA:172,2
DA:173,2
DA:175,2
DA:177,2
DA:178,2
DA:180,2
DA:181,2
DA:182,2
DA:183,2
DA:185,0
DA:188,2
DA:194,2
DA:195,2
DA:196,0
DA:199,2
DA:200,2
DA:201,3
DA:202,3
DA:206,2
DA:207,4
DA:210,2
DA:212,2
DA:213,2
DA:214,2
DA:220,3
DA:234,2
DA:235,2
DA:236,2
DA:237,1
DA:241,0
DA:245,2
DA:247,4
DA:249,4
DA:251,3
DA:253,4
DA:256,4
DA:258,4
DA:275,4
DA:277,2
LF:79
LH:67
BRDA:59,0,0,0
BRDA:59,0,1,12
BRDA:60,1,0,0
BRDA:60,1,1,0
BRDA:65,2,0,3
BRDA:65,2,1,3
BRDA:65,2,2,3
BRDA:69,3,0,3
BRDA:69,3,1,0
BRDA:69,3,2,0
BRDA:114,4,0,0
BRDA:114,4,1,2
BRDA:122,5,0,0
BRDA:122,5,1,2
BRDA:126,6,0,2
BRDA:126,6,1,0
BRDA:131,7,0,0
BRDA:131,7,1,2
BRDA:131,8,0,2
BRDA:131,8,1,0
BRDA:135,9,0,0
BRDA:135,9,1,2
BRDA:139,10,0,0
BRDA:139,10,1,2
BRDA:143,11,0,0
BRDA:143,11,1,2
BRDA:147,12,0,0
BRDA:147,12,1,2
BRDA:153,13,0,0
BRDA:153,13,1,2
BRDA:159,14,0,2
BRDA:159,14,1,0
BRDA:160,15,0,2
BRDA:160,15,1,0
BRDA:161,16,0,2
BRDA:161,16,1,0
BRDA:172,17,0,2
BRDA:195,18,0,0
BRDA:195,18,1,2
BRDA:195,19,0,2
BRDA:195,19,1,0
BRDA:201,20,0,3
BRDA:201,20,1,0
BRDA:207,21,0,4
BRDA:207,21,1,4
BRDA:212,22,0,2
BRDA:212,22,1,0
BRDA:222,23,0,3
BRDA:222,23,1,3
BRDA:223,24,0,1
BRDA:223,24,1,2
BRDA:234,25,0,2
BRDA:234,25,1,0
BRDA:236,26,0,1
BRDA:236,26,1,1
BRDA:236,27,0,2
BRDA:236,27,1,2
BRDA:249,28,0,1
BRDA:249,28,1,3
BRDA:249,29,0,4
BRDA:249,29,1,4
BRDA:251,30,0,1
BRDA:251,30,1,2
BRDA:253,31,0,1
BRDA:253,31,1,2
BRDA:253,32,0,4
BRDA:253,32,1,3
BRDA:261,33,0,4
BRDA:261,33,1,0
BRDA:263,34,0,1
BRDA:263,34,1,2
BRDA:269,35,0,4
BRDA:269,35,1,3
BRDA:279,36,0,2
BRDA:279,36,1,2
BRF:75
BRH:51
end_of_record
TN:
SF:src/modules/search/useSearchTitles.ts
FN:21,(anonymous_0)
FN:38,(anonymous_1)
FN:39,(anonymous_2)
FNF:3
FNH:0
FNDA:0,(anonymous_0)
FNDA:0,(anonymous_1)
FNDA:0,(anonymous_2)
DA:21,1
DA:22,0
DA:23,0
DA:25,0
DA:38,0
DA:39,0
LF:6
LH:1
BRDA:38,0,0,0
BRDA:38,0,1,0
BRDA:40,1,0,0
BRDA:40,1,1,0
BRF:4
BRH:0
end_of_record
TN:
SF:src/modules/swipe/SwipePage.tsx
FN:25,(anonymous_0)
FN:27,(anonymous_1)
FN:36,(anonymous_2)
FN:47,(anonymous_3)
FN:69,(anonymous_4)
FN:126,(anonymous_5)
FN:130,(anonymous_6)
FN:131,(anonymous_7)
FN:137,(anonymous_8)
FN:192,(anonymous_9)
FN:228,(anonymous_10)
FN:234,(anonymous_11)
FN:238,(anonymous_12)
FN:242,(anonymous_13)
FN:247,(anonymous_14)
FN:249,(anonymous_15)
FN:262,(anonymous_16)
FN:262,(anonymous_17)
FN:269,(anonymous_18)
FN:272,(anonymous_19)
FN:275,(anonymous_20)
FN:278,(anonymous_21)
FN:285,(anonymous_22)
FN:290,(anonymous_23)
FN:294,(anonymous_24)
FN:314,(anonymous_25)
FN:323,(anonymous_26)
FN:329,(anonymous_27)
FN:356,(anonymous_28)
FN:357,(anonymous_29)
FN:387,(anonymous_30)
FN:388,(anonymous_31)
FN:393,(anonymous_32)
FN:412,(anonymous_33)
FN:432,(anonymous_34)
FN:435,(anonymous_35)
FN:515,(anonymous_36)
FN:529,(anonymous_37)
FN:533,(anonymous_38)
FN:547,(anonymous_39)
FN:601,(anonymous_40)
FN:620,(anonymous_41)
FN:630,(anonymous_42)
FN:640,(anonymous_43)
FNF:44
FNH:4
FNDA:0,(anonymous_0)
FNDA:1,(anonymous_1)
FNDA:0,(anonymous_2)
FNDA:0,(anonymous_3)
FNDA:1,(anonymous_4)
FNDA:1,(anonymous_5)
FNDA:1,(anonymous_6)
FNDA:0,(anonymous_7)
FNDA:0,(anonymous_8)
FNDA:0,(anonymous_9)
FNDA:0,(anonymous_10)
FNDA:0,(anonymous_11)
FNDA:0,(anonymous_12)
FNDA:0,(anonymous_13)
FNDA:0,(anonymous_14)
FNDA:0,(anonymous_15)
FNDA:0,(anonymous_16)
FNDA:0,(anonymous_17)
FNDA:0,(anonymous_18)
FNDA:0,(anonymous_19)
FNDA:0,(anonymous_20)
FNDA:0,(anonymous_21)
FNDA:0,(anonymous_22)
FNDA:0,(anonymous_23)
FNDA:0,(anonymous_24)
FNDA:0,(anonymous_25)
FNDA:0,(anonymous_26)
FNDA:0,(anonymous_27)
FNDA:0,(anonymous_28)
FNDA:0,(anonymous_29)
FNDA:0,(anonymous_30)
FNDA:0,(anonymous_31)
FNDA:0,(anonymous_32)
FNDA:0,(anonymous_33)
FNDA:0,(anonymous_34)
FNDA:0,(anonymous_35)
FNDA:0,(anonymous_36)
FNDA:0,(anonymous_37)
FNDA:0,(anonymous_38)
FNDA:0,(anonymous_39)
FNDA:0,(anonymous_40)
FNDA:0,(anonymous_41)
FNDA:0,(anonymous_42)
FNDA:0,(anonymous_43)
DA:17,1
DA:18,1
DA:19,1
DA:20,1
DA:21,1
DA:22,1
DA:23,1
DA:25,1
DA:27,1
DA:28,1
DA:29,1
DA:30,1
DA:31,1
DA:32,1
DA:33,1
DA:36,1
DA:37,0
DA:39,0
DA:41,0
DA:43,0
DA:47,1
DA:48,0
DA:50,0
DA:51,0
DA:53,0
DA:54,0
DA:55,0
DA:57,0
DA:58,0
DA:61,0
DA:62,0
DA:69,1
DA:70,1
DA:72,1
DA:74,1
DA:78,1
DA:80,1
DA:81,1
DA:82,1
DA:83,1
DA:84,1
DA:126,1
DA:127,1
DA:128,1
DA:130,1
DA:131,1
DA:132,0
DA:133,0
DA:134,0
DA:137,1
DA:140,1
DA:192,1
DA:203,0
DA:207,0
DA:208,0
DA:209,0
DA:210,0
DA:211,0
DA:212,0
DA:214,0
DA:215,0
DA:217,0
DA:218,0
DA:220,0
DA:221,0
DA:222,0
DA:223,0
DA:224,0
DA:225,0
DA:226,0
DA:228,0
DA:230,0
DA:231,0
DA:234,0
DA:235,0
DA:238,0
DA:239,0
DA:242,0
DA:243,0
DA:245,0
DA:247,0
DA:249,0
DA:250,0
DA:251,0
DA:252,0
DA:253,0
DA:254,0
DA:255,0
DA:256,0
DA:261,0
DA:262,0
DA:263,0
DA:269,0
DA:270,0
DA:271,0
DA:272,0
DA:273,0
DA:275,0
DA:278,0
DA:279,0
DA:280,0
DA:281,0
DA:285,0
DA:286,0
DA:287,0
DA:288,0
DA:289,0
DA:290,0
DA:294,0
DA:301,0
DA:302,0
DA:304,0
DA:305,0
DA:307,0
DA:310,0
DA:311,0
DA:314,0
DA:315,0
DA:316,0
DA:317,0
DA:318,0
DA:319,0
DA:320,0
DA:323,0
DA:324,0
DA:325,0
DA:329,0
DA:330,0
DA:332,0
DA:333,0
DA:334,0
DA:338,0
DA:347,0
DA:348,0
DA:349,0
DA:350,0
DA:352,0
DA:353,0
DA:356,0
DA:357,0
DA:358,0
DA:359,0
DA:360,0
DA:361,0
DA:364,0
DA:368,0
DA:369,0
DA:373,0
DA:375,0
DA:376,0
DA:377,0
DA:378,0
DA:385,0
DA:387,0
DA:388,0
DA:389,0
DA:393,0
DA:394,0
DA:395,0
DA:396,0
DA:397,0
DA:398,0
DA:399,0
DA:400,0
DA:402,0
DA:403,0
DA:405,0
DA:406,0
DA:412,0
DA:413,0
DA:415,0
DA:416,0
DA:418,0
DA:420,0
DA:421,0
DA:422,0
DA:423,0
DA:424,0
DA:428,0
DA:429,0
DA:431,0
DA:432,0
DA:435,0
DA:436,0
DA:437,0
DA:439,0
DA:440,0
DA:442,0
DA:445,0
DA:446,0
DA:447,0
DA:448,0
DA:449,0
DA:450,0
DA:451,0
DA:454,0
DA:457,0
DA:458,0
DA:515,0
DA:530,0
DA:531,0
DA:533,0
DA:547,0
DA:602,0
DA:603,0
DA:604,0
DA:620,0
DA:630,0
DA:640,0
LF:209
LH:35
BRDA:28,0,0,0
BRDA:28,0,1,1
BRDA:28,1,0,1
BRDA:28,1,1,1
BRDA:31,2,0,0
BRDA:31,2,1,1
BRDA:32,3,0,0
BRDA:32,3,1,1
BRDA:37,4,0,0
BRDA:37,4,1,0
BRDA:37,4,2,0
BRDA:48,5,0,0
BRDA:48,5,1,0
BRDA:51,6,0,0
BRDA:51,6,1,0
BRDA:54,7,0,0
BRDA:54,7,1,0
BRDA:54,8,0,0
BRDA:54,8,1,0
BRDA:57,9,0,0
BRDA:57,9,1,0
BRDA:57,10,0,0
BRDA:57,10,1,0
BRDA:62,11,0,0
BRDA:62,11,1,0
BRDA:72,12,0,1
BRDA:72,12,1,1
BRDA:72,12,2,1
BRDA:74,13,0,1
BRDA:74,13,1,1
BRDA:74,13,2,1
BRDA:80,14,0,1
BRDA:80,14,1,0
BRDA:81,15,0,1
BRDA:81,15,1,0
BRDA:82,16,0,1
BRDA:82,16,1,0
BRDA:83,17,0,1
BRDA:83,17,1,0
BRDA:84,18,0,1
BRDA:84,18,1,0
BRDA:132,19,0,0
BRDA:132,19,1,0
BRDA:217,20,0,0
BRDA:217,20,1,0
BRDA:218,21,0,0
BRDA:218,21,1,0
BRDA:230,22,0,0
BRDA:230,22,1,0
BRDA:243,23,0,0
BRDA:243,23,1,0
BRDA:247,24,0,0
BRDA:247,24,1,0
BRDA:252,25,0,0
BRDA:252,25,1,0
BRDA:263,26,0,0
BRDA:263,26,1,0
BRDA:270,27,0,0
BRDA:270,27,1,0
BRDA:280,28,0,0
BRDA:280,28,1,0
BRDA:286,29,0,0
BRDA:286,29,1,0
BRDA:288,30,0,0
BRDA:288,30,1,0
BRDA:296,31,0,0
BRDA:297,32,0,0
BRDA:298,33,0,0
BRDA:302,34,0,0
BRDA:302,34,1,0
BRDA:304,35,0,0
BRDA:304,35,1,0
BRDA:307,36,0,0
BRDA:307,36,1,0
BRDA:324,37,0,0
BRDA:324,37,1,0
BRDA:324,38,0,0
BRDA:324,38,1,0
BRDA:329,39,0,0
BRDA:330,40,0,0
BRDA:330,40,1,0
BRDA:333,41,0,0
BRDA:333,41,1,0
BRDA:341,42,0,0
BRDA:341,42,1,0
BRDA:342,43,0,0
BRDA:342,43,1,0
BRDA:347,44,0,0
BRDA:347,44,1,0
BRDA:349,45,0,0
BRDA:349,45,1,0
BRDA:358,46,0,0
BRDA:358,46,1,0
BRDA:368,47,0,0
BRDA:368,47,1,0
BRDA:376,48,0,0
BRDA:376,48,1,0
BRDA:394,49,0,0
BRDA:394,49,1,0
BRDA:403,50,0,0
BRDA:403,50,1,0
BRDA:413,51,0,0
BRDA:413,51,1,0
BRDA:413,52,0,0
BRDA:413,52,1,0
BRDA:420,53,0,0
BRDA:420,53,1,0
BRDA:420,54,0,0
BRDA:420,54,1,0
BRDA:422,55,0,0
BRDA:422,55,1,0
BRDA:431,56,0,0
BRDA:431,56,1,0
BRDA:436,57,0,0
BRDA:436,57,1,0
BRDA:442,58,0,0
BRDA:442,58,1,0
BRDA:445,59,0,0
BRDA:445,59,1,0
BRDA:446,60,0,0
BRDA:446,60,1,0
BRDA:458,61,0,0
BRDA:458,61,1,0
BRDA:458,61,2,0
BRDA:500,62,0,0
BRDA:500,62,1,0
BRDA:503,63,0,0
BRDA:503,63,1,0
BRDA:507,64,0,0
BRDA:507,64,1,0
BRDA:511,65,0,0
BRDA:511,65,1,0
BRDA:530,66,0,0
BRDA:530,66,1,0
BRDA:530,67,0,0
BRDA:530,67,1,0
BRDA:540,68,0,0
BRDA:540,68,1,0
BRDA:543,69,0,0
BRDA:543,69,1,0
BRDA:560,70,0,0
BRDA:560,70,1,0
BRDA:573,71,0,0
BRDA:573,71,1,0
BRDA:603,72,0,0
BRDA:603,72,1,0
BRF:146
BRH:16
end_of_record
TN:
SF:src/modules/swipe/SwipeSyncBanner.tsx
FN:11,(anonymous_0)
FNF:1
FNH:0
FNDA:0,(anonymous_0)
DA:11,1
DA:12,0
DA:13,0
LF:3
LH:1
BRDA:12,0,0,0
BRDA:12,0,1,0
BRDA:29,1,0,0
BRDA:29,1,1,0
BRF:4
BRH:0
end_of_record
TN:
SF:src/modules/swipe/useSwipeDeck.ts
FN:57,(anonymous_0)
FN:63,(anonymous_1)
FN:76,(anonymous_2)
FN:81,loadInitialSourceWeights
FN:123,fetchSwipeCardsFromSource
FN:141,(anonymous_5)
FN:157,fetchSwipeBatch
FN:164,(anonymous_7)
FN:188,(anonymous_8)
FN:200,prefillSwipeDeckCache
FN:218,buildInterleavedDeck
FN:219,(anonymous_11)
FN:235,(anonymous_12)
FN:247,useSwipeDeck
FN:250,(anonymous_14)
FN:268,(anonymous_15)
FN:269,(anonymous_16)
FN:281,(anonymous_17)
FN:284,(anonymous_18)
FN:286,(anonymous_19)
FN:296,(anonymous_20)
FN:313,(anonymous_21)
FN:330,(anonymous_22)
FN:334,(anonymous_23)
FN:351,(anonymous_24)
FN:354,(anonymous_25)
FN:368,(anonymous_26)
FN:387,(anonymous_27)
FN:394,(anonymous_28)
FN:401,(anonymous_29)
FN:409,(anonymous_30)
FN:421,(anonymous_31)
FN:431,(anonymous_32)
FN:455,(anonymous_33)
FN:457,(anonymous_34)
FN:467,(anonymous_35)
FN:477,(anonymous_36)
FN:492,(anonymous_37)
FN:505,(anonymous_38)
FN:525,(anonymous_39)
FN:529,(anonymous_40)
FN:534,(anonymous_41)
FNF:42
FNH:4
FNDA:0,(anonymous_0)
FNDA:0,(anonymous_1)
FNDA:0,(anonymous_2)
FNDA:2,loadInitialSourceWeights
FNDA:0,fetchSwipeCardsFromSource
FNDA:0,(anonymous_5)
FNDA:0,fetchSwipeBatch
FNDA:0,(anonymous_7)
FNDA:0,(anonymous_8)
FNDA:0,prefillSwipeDeckCache
FNDA:1,buildInterleavedDeck
FNDA:3,(anonymous_11)
FNDA:2,(anonymous_12)
FNDA:0,useSwipeDeck
FNDA:0,(anonymous_14)
FNDA:0,(anonymous_15)
FNDA:0,(anonymous_16)
FNDA:0,(anonymous_17)
FNDA:0,(anonymous_18)
FNDA:0,(anonymous_19)
FNDA:0,(anonymous_20)
FNDA:0,(anonymous_21)
FNDA:0,(anonymous_22)
FNDA:0,(anonymous_23)
FNDA:0,(anonymous_24)
FNDA:0,(anonymous_25)
FNDA:0,(anonymous_26)
FNDA:0,(anonymous_27)
FNDA:0,(anonymous_28)
FNDA:0,(anonymous_29)
FNDA:0,(anonymous_30)
FNDA:0,(anonymous_31)
FNDA:0,(anonymous_32)
FNDA:0,(anonymous_33)
FNDA:0,(anonymous_34)
FNDA:0,(anonymous_35)
FNDA:0,(anonymous_36)
FNDA:0,(anonymous_37)
FNDA:0,(anonymous_38)
FNDA:0,(anonymous_39)
FNDA:0,(anonymous_40)
FNDA:0,(anonymous_41)
DA:57,5
DA:58,0
DA:59,0
DA:60,0
DA:63,5
DA:64,0
DA:65,0
DA:68,0
DA:69,0
DA:70,0
DA:73,0
DA:76,5
DA:77,0
DA:79,5
DA:82,2
DA:83,0
DA:90,2
DA:91,2
DA:92,2
DA:93,1
DA:100,1
DA:101,1
DA:107,0
DA:128,0
DA:134,0
DA:135,0
DA:141,0
DA:142,0
DA:143,0
DA:144,0
DA:147,0
DA:148,0
DA:150,0
DA:154,0
DA:162,0
DA:163,0
DA:164,0
DA:165,0
DA:167,0
DA:176,0
DA:182,0
DA:184,0
DA:185,0
DA:186,0
DA:187,0
DA:188,0
DA:190,0
DA:191,0
DA:194,0
DA:197,0
DA:205,0
DA:206,0
DA:207,0
DA:209,0
DA:210,0
DA:219,3
DA:220,1
DA:222,1
DA:223,2
DA:224,4
DA:225,4
DA:226,4
DA:227,4
DA:232,0
DA:235,5
DA:239,2
DA:240,1
DA:243,1
DA:244,1
DA:248,0
DA:249,0
DA:250,0
DA:252,0
DA:253,0
DA:254,0
DA:255,0
DA:261,0
DA:265,0
DA:267,0
DA:269,0
DA:271,0
DA:274,0
DA:275,0
DA:281,0
DA:282,0
DA:284,0
DA:286,0
DA:287,0
DA:288,0
DA:289,0
DA:290,0
DA:291,0
DA:296,0
DA:297,0
DA:298,0
DA:301,0
DA:305,0
DA:309,0
DA:312,0
DA:314,0
DA:315,0
DA:316,0
DA:318,0
DA:319,0
DA:320,0
DA:321,0
DA:324,0
DA:329,0
DA:331,0
DA:332,0
DA:334,0
DA:335,0
DA:336,0
DA:337,0
DA:339,0
DA:350,0
DA:352,0
DA:353,0
DA:354,0
DA:361,0
DA:362,0
DA:364,0
DA:368,0
DA:374,0
DA:377,0
DA:379,0
DA:381,0
DA:387,0
DA:394,0
DA:395,0
DA:396,0
DA:398,0
DA:400,0
DA:401,0
DA:402,0
DA:409,0
DA:410,0
DA:411,0
DA:412,0
DA:414,0
DA:420,0
DA:421,0
DA:423,0
DA:425,0
DA:426,0
DA:430,0
DA:432,0
DA:433,0
DA:435,0
DA:436,0
DA:441,0
DA:443,0
DA:444,0
DA:445,0
DA:454,0
DA:456,0
DA:457,0
DA:458,0
DA:459,0
DA:460,0
DA:461,0
DA:467,0
DA:468,0
DA:469,0
DA:470,0
DA:471,0
DA:472,0
DA:473,0
DA:476,0
DA:484,0
DA:494,0
DA:500,0
DA:508,0
DA:509,0
DA:510,0
DA:511,0
DA:515,0
DA:526,0
DA:527,0
DA:530,0
DA:531,0
DA:535,0
DA:536,0
LF:183
LH:24
BRDA:58,0,0,0
BRDA:58,0,1,0
BRDA:58,1,0,0
BRDA:58,1,1,0
BRDA:60,2,0,0
BRDA:60,2,1,0
BRDA:64,3,0,0
BRDA:64,3,1,0
BRDA:69,4,0,0
BRDA:69,4,1,0
BRDA:82,5,0,0
BRDA:82,5,1,2
BRDA:92,6,0,1
BRDA:92,6,1,1
BRDA:102,7,0,1
BRDA:102,7,1,0
BRDA:103,8,0,0
BRDA:103,8,1,1
BRDA:104,9,0,1
BRDA:104,9,1,0
BRDA:128,10,0,0
BRDA:128,10,1,0
BRDA:130,11,0,0
BRDA:130,11,1,0
BRDA:142,12,0,0
BRDA:142,12,1,0
BRDA:147,13,0,0
BRDA:147,13,1,0
BRDA:162,14,0,0
BRDA:162,14,1,0
BRDA:163,15,0,0
BRDA:163,15,1,0
BRDA:164,16,0,0
BRDA:164,16,1,0
BRDA:185,17,0,0
BRDA:185,17,1,0
BRDA:190,18,0,0
BRDA:190,18,1,0
BRDA:205,19,0,0
BRDA:205,19,1,0
BRDA:207,20,0,0
BRDA:207,20,1,0
BRDA:211,21,0,0
BRDA:211,21,1,0
BRDA:225,22,0,4
BRDA:225,22,1,0
BRDA:227,23,0,1
BRDA:227,23,1,3
BRDA:239,24,0,1
BRDA:239,24,1,1
BRDA:239,25,0,2
BRDA:239,25,1,1
BRDA:248,26,0,0
BRDA:248,26,1,0
BRDA:271,27,0,0
BRDA:271,27,1,0
BRDA:284,28,0,0
BRDA:284,28,1,0
BRDA:288,29,0,0
BRDA:288,29,1,0
BRDA:297,30,0,0
BRDA:297,30,1,0
BRDA:298,31,0,0
BRDA:298,31,1,0
BRDA:298,31,2,0
BRDA:301,32,0,0
BRDA:301,32,1,0
BRDA:301,33,0,0
BRDA:301,33,1,0
BRDA:305,34,0,0
BRDA:305,34,1,0
BRDA:305,35,0,0
BRDA:305,35,1,0
BRDA:314,36,0,0
BRDA:314,36,1,0
BRDA:319,37,0,0
BRDA:319,37,1,0
BRDA:332,38,0,0
BRDA:332,38,1,0
BRDA:351,39,0,0
BRDA:352,40,0,0
BRDA:352,40,1,0
BRDA:364,41,0,0
BRDA:364,41,1,0
BRDA:370,42,0,0
BRDA:370,42,1,0
BRDA:381,43,0,0
BRDA:381,43,1,0
BRDA:383,44,0,0
BRDA:383,44,1,0
BRDA:402,45,0,0
BRDA:402,45,1,0
BRDA:402,46,0,0
BRDA:402,46,1,0
BRDA:414,47,0,0
BRDA:414,47,1,0
BRDA:415,48,0,0
BRDA:415,48,1,0
BRDA:415,49,0,0
BRDA:415,49,1,0
BRDA:425,50,0,0
BRDA:425,50,1,0
BRDA:432,51,0,0
BRDA:432,51,1,0
BRDA:433,52,0,0
BRDA:433,52,1,0
BRDA:433,53,0,0
BRDA:433,53,1,0
BRDA:438,54,0,0
BRDA:438,54,1,0
BRDA:443,55,0,0
BRDA:443,55,1,0
BRDA:456,56,0,0
BRDA:456,56,1,0
BRDA:459,57,0,0
BRDA:459,57,1,0
BRDA:487,58,0,0
BRDA:487,58,1,0
BRDA:487,59,0,0
BRDA:487,59,1,0
BRDA:494,60,0,0
BRDA:494,60,1,0
BRDA:496,61,0,0
BRDA:496,61,1,0
BRDA:521,62,0,0
BRDA:521,62,1,0
BRDA:533,63,0,0
BRDA:533,63,1,0
BRDA:535,64,0,0
BRDA:535,64,1,0
BRDA:539,65,0,0
BRDA:539,65,1,0
BRF:132
BRH:13
end_of_record
TN:
SF:src/utils/format.ts
FN:1,(anonymous_0)
FN:4,(anonymous_1)
FN:6,(anonymous_2)
FN:11,(anonymous_3)
FN:16,(anonymous_4)
FN:21,(anonymous_5)
FNF:6
FNH:0
FNDA:0,(anonymous_0)
FNDA:0,(anonymous_1)
FNDA:0,(anonymous_2)
FNDA:0,(anonymous_3)
FNDA:0,(anonymous_4)
FNDA:0,(anonymous_5)
DA:1,3
DA:2,0
DA:4,3
DA:6,3
DA:9,0
DA:11,3
DA:14,0
DA:16,3
DA:19,0
DA:21,3
DA:22,0
LF:11
LH:6
BRDA:2,0,0,0
BRDA:2,0,1,0
BRDA:2,1,0,0
BRDA:2,1,1,0
BRDA:4,2,0,0
BRDA:4,2,1,0
BRDA:8,3,0,0
BRDA:13,4,0,0
BRDA:18,5,0,0
BRF:9
BRH:0
end_of_record
TN:
SF:supabase/functions/_shared/preferences.ts
FN:33,computeUserProfile
FN:120,(anonymous_1)
FN:123,(anonymous_2)
FN:172,(anonymous_3)
FN:174,(anonymous_4)
FN:177,(anonymous_5)
FN:179,(anonymous_6)
FN:184,(anonymous_7)
FN:203,normalizeGenres
FN:219,(anonymous_9)
FN:220,(anonymous_10)
FNF:11
FNH:8
FNDA:2,computeUserProfile
FNDA:5,(anonymous_1)
FNDA:4,(anonymous_2)
FNDA:5,(anonymous_3)
FNDA:4,(anonymous_4)
FNDA:0,(anonymous_5)
FNDA:1,(anonymous_6)
FNDA:2,(anonymous_7)
FNDA:4,normalizeGenres
FNDA:0,(anonymous_9)
FNDA:0,(anonymous_10)
DA:15,1
DA:16,1
DA:17,1
DA:18,1
DA:38,2
DA:56,2
DA:57,2
DA:58,2
DA:62,2
DA:63,1
DA:67,1
DA:70,1
DA:71,2
DA:72,2
DA:73,2
DA:75,2
DA:76,2
DA:77,2
DA:78,1
DA:79,1
DA:80,0
DA:82,2
DA:83,2
DA:87,1
DA:88,2
DA:89,2
DA:90,2
DA:94,1
DA:95,2
DA:96,2
DA:97,2
DA:99,2
DA:100,2
DA:101,2
DA:102,0
DA:103,0
DA:104,0
DA:105,0
DA:106,0
DA:107,0
DA:110,2
DA:111,2
DA:114,1
DA:115,0
DA:119,1
DA:120,5
DA:123,4
DA:125,1
DA:131,1
DA:132,0
DA:136,0
DA:139,1
DA:140,1
DA:141,1
DA:143,1
DA:145,1
DA:146,4
DA:147,4
DA:148,4
DA:150,4
DA:151,4
DA:153,4
DA:154,6
DA:155,5
DA:156,1
DA:157,1
DA:161,4
DA:162,4
DA:163,3
DA:171,1
DA:172,5
DA:174,4
DA:176,1
DA:177,0
DA:179,1
DA:182,1
DA:183,1
DA:184,2
DA:188,1
DA:190,1
DA:191,1
DA:192,2
DA:196,1
DA:204,4
DA:205,4
DA:206,4
DA:207,4
DA:208,6
DA:209,6
DA:210,6
DA:212,4
DA:216,0
DA:217,0
DA:219,0
DA:220,0
DA:223,0
LF:96
LH:80
BRDA:56,0,0,0
BRDA:56,0,1,2
BRDA:56,1,0,2
BRDA:56,1,1,0
BRDA:57,2,0,0
BRDA:57,2,1,2
BRDA:57,3,0,2
BRDA:57,3,1,0
BRDA:58,4,0,0
BRDA:58,4,1,2
BRDA:58,5,0,2
BRDA:58,5,1,0
BRDA:62,6,0,1
BRDA:62,6,1,1
BRDA:62,7,0,2
BRDA:62,7,1,1
BRDA:62,7,2,1
BRDA:73,8,0,0
BRDA:73,8,1,2
BRDA:73,9,0,2
BRDA:73,9,1,2
BRDA:76,10,0,0
BRDA:76,10,1,2
BRDA:77,11,0,1
BRDA:77,11,1,1
BRDA:78,12,0,0
BRDA:78,12,1,1
BRDA:79,13,0,1
BRDA:79,13,1,0
BRDA:80,14,0,0
BRDA:80,14,1,0
BRDA:82,15,0,0
BRDA:82,15,1,2
BRDA:83,16,0,2
BRDA:83,16,1,2
BRDA:89,17,0,0
BRDA:89,17,1,2
BRDA:90,18,0,2
BRDA:90,18,1,1
BRDA:97,19,0,0
BRDA:97,19,1,2
BRDA:100,20,0,2
BRDA:100,20,1,0
BRDA:100,21,0,2
BRDA:100,21,1,0
BRDA:102,22,0,0
BRDA:102,22,1,0
BRDA:104,23,0,0
BRDA:104,23,1,0
BRDA:106,24,0,0
BRDA:106,24,1,0
BRDA:110,25,0,0
BRDA:110,25,1,2
BRDA:111,26,0,2
BRDA:111,26,1,1
BRDA:114,27,0,0
BRDA:114,27,1,1
BRDA:131,28,0,0
BRDA:131,28,1,1
BRDA:145,29,0,1
BRDA:145,29,1,0
BRDA:148,30,0,0
BRDA:148,30,1,4
BRDA:151,31,0,4
BRDA:151,31,1,0
BRDA:154,32,0,5
BRDA:154,32,1,1
BRDA:155,33,0,5
BRDA:155,33,1,4
BRDA:156,34,0,1
BRDA:156,34,1,0
BRDA:157,35,0,1
BRDA:157,35,1,1
BRDA:161,36,0,4
BRDA:161,36,1,0
BRDA:162,37,0,3
BRDA:162,37,1,1
BRDA:165,38,0,3
BRDA:165,38,1,2
BRDA:184,39,0,1
BRDA:184,39,1,1
BRDA:190,40,0,1
BRDA:190,40,1,0
BRDA:204,41,0,0
BRDA:204,41,1,4
BRDA:205,42,0,4
BRDA:205,42,1,0
BRDA:209,43,0,0
BRDA:209,43,1,6
BRDA:216,44,0,0
BRDA:216,44,1,0
BRF:91
BRH:54
end_of_record
