TN:
SF:src\components\ui\dialog.tsx
FNF:0
FNH:0
DA:6,1
DA:8,1
DA:10,1
DA:12,1
DA:27,1
DA:47,1
DA:52,1
DA:60,1
DA:72,1
DA:84,1
LF:10
LH:10
BRF:0
BRH:0
end_of_record
TN:
SF:src\i18n\en.json
FNF:0
FNH:0
LF:0
LH:0
BRF:0
BRH:0
end_of_record
TN:
SF:src\i18n\es.json
FNF:0
FNH:0
LF:0
LH:0
BRF:0
BRH:0
end_of_record
TN:
SF:src\i18n\useI18n.ts
FN:15,resolveSystemLanguage
FN:22,resolveLanguagePreference
FN:29,getPreferredLanguageForTmdb
FN:34,useI18n
FN:35,(anonymous_4)
FN:37,(anonymous_5)
FN:40,(anonymous_6)
FNF:7
FNH:0
FNDA:0,resolveSystemLanguage
FNDA:0,resolveLanguagePreference
FNDA:0,getPreferredLanguageForTmdb
FNDA:0,useI18n
FNDA:0,(anonymous_4)
FNDA:0,(anonymous_5)
FNDA:0,(anonymous_6)
DA:6,4
DA:16,0
DA:17,0
DA:18,0
DA:19,0
DA:23,0
DA:24,0
DA:26,0
DA:30,0
DA:31,0
DA:35,0
DA:37,0
DA:39,0
DA:41,0
DA:42,0
DA:47,0
LF:16
LH:1
BRDA:16,0,0,0
BRDA:16,0,1,0
BRDA:17,1,0,0
BRDA:17,1,1,0
BRDA:18,2,0,0
BRDA:18,2,1,0
BRDA:23,3,0,0
BRDA:23,3,1,0
BRDA:26,4,0,0
BRDA:26,4,1,0
BRDA:31,5,0,0
BRDA:31,5,1,0
BRDA:41,6,0,0
BRDA:41,6,1,0
BRDA:42,7,0,0
BRDA:42,7,1,0
BRDA:42,7,2,0
BRF:17
BRH:0
end_of_record
TN:
SF:src\lib\callSupabaseFunction.ts
FN:17,(anonymous_0)
FN:43,callSupabaseFunction
FN:55,(anonymous_2)
FN:59,(anonymous_3)
FNF:4
FNH:1
FNDA:0,(anonymous_0)
FNDA:4,callSupabaseFunction
FNDA:0,(anonymous_2)
FNDA:0,(anonymous_3)
DA:21,0
DA:22,0
DA:23,0
DA:24,0
DA:25,0
DA:26,0
DA:48,4
DA:49,0
DA:52,4
DA:53,4
DA:54,4
DA:55,0
DA:59,4
DA:60,0
DA:61,4
DA:63,4
DA:64,4
DA:70,4
DA:71,0
DA:72,0
DA:75,4
DA:76,0
DA:80,4
DA:81,0
DA:82,0
DA:90,4
DA:92,4
DA:93,4
LF:28
LH:14
BRDA:48,0,0,0
BRDA:48,0,1,4
BRDA:49,1,0,0
BRDA:49,1,1,0
BRDA:53,2,0,4
BRDA:53,2,1,0
BRDA:60,3,0,0
BRDA:60,3,1,0
BRDA:70,4,0,0
BRDA:70,4,1,4
BRDA:75,5,0,0
BRDA:75,5,1,4
BRDA:75,6,0,4
BRDA:75,6,1,4
BRDA:80,7,0,0
BRDA:80,7,1,4
BRDA:80,8,0,4
BRDA:80,8,1,4
BRDA:80,8,2,4
BRDA:82,9,0,0
BRDA:82,9,1,0
BRF:21
BRH:10
end_of_record
TN:
SF:src\lib\mediaItems.ts
FN:22,(anonymous_0)
FN:28,(anonymous_1)
FN:36,(anonymous_2)
FN:45,(anonymous_3)
FN:49,(anonymous_4)
FN:57,(anonymous_5)
FN:62,(anonymous_6)
FN:66,(anonymous_7)
FN:74,(anonymous_8)
FN:83,(anonymous_9)
FNF:10
FNH:9
FNDA:3,(anonymous_0)
FNDA:0,(anonymous_1)
FNDA:3,(anonymous_2)
FNDA:6,(anonymous_3)
FNDA:3,(anonymous_4)
FNDA:3,(anonymous_5)
FNDA:3,(anonymous_6)
FNDA:3,(anonymous_7)
FNDA:3,(anonymous_8)
FNDA:3,(anonymous_9)
DA:22,3
DA:23,3
DA:24,3
DA:25,3
DA:28,3
DA:29,0
DA:30,0
DA:31,0
DA:32,0
DA:33,0
DA:36,3
DA:37,3
DA:45,6
DA:46,3
DA:49,3
DA:50,3
DA:51,3
DA:52,0
DA:53,0
DA:54,0
DA:57,3
DA:58,3
DA:59,3
DA:62,3
DA:63,3
DA:66,3
DA:67,3
DA:68,0
DA:69,0
DA:70,0
DA:71,0
DA:74,3
DA:75,3
DA:76,0
DA:77,0
DA:78,0
DA:80,0
DA:83,3
DA:84,3
DA:85,3
DA:87,3
LF:41
LH:25
BRDA:23,0,0,0
BRDA:23,0,1,3
BRDA:25,1,0,3
BRDA:25,1,1,0
BRDA:29,2,0,0
BRDA:29,2,1,0
BRDA:31,3,0,0
BRDA:31,3,1,0
BRDA:33,4,0,0
BRDA:33,4,1,0
BRDA:45,5,0,6
BRDA:45,5,1,3
BRDA:46,6,0,3
BRDA:46,6,1,0
BRDA:50,7,0,0
BRDA:50,7,1,3
BRDA:51,8,0,3
BRDA:51,8,1,0
BRDA:52,9,0,0
BRDA:52,9,1,0
BRDA:52,10,0,0
BRDA:52,10,1,0
BRDA:53,11,0,0
BRDA:53,11,1,0
BRDA:57,12,0,3
BRDA:58,13,0,0
BRDA:58,13,1,3
BRDA:58,14,0,3
BRDA:58,14,1,0
BRDA:62,15,0,3
BRDA:67,16,0,3
BRDA:67,16,1,0
BRDA:69,17,0,0
BRDA:69,17,1,0
BRDA:71,18,0,0
BRDA:71,18,1,0
BRDA:75,19,0,3
BRDA:75,19,1,0
BRDA:76,20,0,0
BRDA:76,20,1,0
BRDA:78,21,0,0
BRDA:78,21,1,0
BRDA:84,22,0,3
BRDA:84,22,1,0
BRDA:84,22,2,0
BRDA:85,23,0,3
BRDA:85,23,1,0
BRDA:95,24,0,3
BRDA:95,24,1,3
BRDA:96,25,0,3
BRDA:96,25,1,3
BRDA:98,26,0,3
BRDA:98,26,1,3
BRDA:99,27,0,3
BRDA:99,27,1,0
BRF:55
BRH:22
end_of_record
TN:
SF:src\lib\queryKeys.ts
FN:5,(anonymous_0)
FN:6,(anonymous_1)
FN:7,(anonymous_2)
FN:8,(anonymous_3)
FN:9,(anonymous_4)
FN:11,(anonymous_5)
FN:12,(anonymous_6)
FN:13,(anonymous_7)
FN:15,(anonymous_8)
FN:18,(anonymous_9)
FNF:10
FNH:0
FNDA:0,(anonymous_0)
FNDA:0,(anonymous_1)
FNDA:0,(anonymous_2)
FNDA:0,(anonymous_3)
FNDA:0,(anonymous_4)
FNDA:0,(anonymous_5)
FNDA:0,(anonymous_6)
FNDA:0,(anonymous_7)
FNDA:0,(anonymous_8)
FNDA:0,(anonymous_9)
DA:4,3
DA:5,0
DA:6,0
DA:7,0
DA:8,0
DA:10,0
DA:11,0
DA:12,0
DA:14,0
DA:16,0
DA:19,0
LF:11
LH:1
BRF:0
BRH:0
end_of_record
TN:
SF:src\lib\ratings.ts
FN:1,(anonymous_0)
FN:8,(anonymous_1)
FNF:2
FNH:0
FNDA:0,(anonymous_0)
FNDA:0,(anonymous_1)
DA:1,2
DA:2,0
DA:3,0
DA:4,0
DA:5,0
DA:8,2
DA:9,0
DA:10,0
DA:11,0
DA:12,0
LF:10
LH:2
BRDA:2,0,0,0
BRDA:2,0,1,0
BRDA:3,1,0,0
BRDA:3,1,1,0
BRDA:4,2,0,0
BRDA:4,2,1,0
BRDA:9,3,0,0
BRDA:9,3,1,0
BRDA:10,4,0,0
BRDA:10,4,1,0
BRDA:11,5,0,0
BRDA:11,5,1,0
BRF:12
BRH:0
end_of_record
TN:
SF:src\lib\react-query.ts
FNF:0
FNH:0
DA:3,2
DA:5,2
LF:2
LH:2
BRF:0
BRH:0
end_of_record
TN:
SF:src\lib\rpc.ts
FN:7,(anonymous_0)
FNF:1
FNH:0
FNDA:0,(anonymous_0)
DA:7,2
DA:8,0
LF:2
LH:1
BRDA:8,0,0,0
BRDA:8,0,1,0
BRF:2
BRH:0
end_of_record
TN:
SF:src\lib\storage.ts
FN:6,safeLocalStorageGetItem
FN:15,safeLocalStorageSetItem
FN:24,safeLocalStorageRemoveItem
FN:33,safeSessionStorageGetItem
FN:42,safeSessionStorageSetItem
FN:51,safeSessionStorageRemoveItem
FNF:6
FNH:0
FNDA:0,safeLocalStorageGetItem
FNDA:0,safeLocalStorageSetItem
FNDA:0,safeLocalStorageRemoveItem
FNDA:0,safeSessionStorageGetItem
FNDA:0,safeSessionStorageSetItem
FNDA:0,safeSessionStorageRemoveItem
DA:7,0
DA:8,0
DA:9,0
DA:11,0
DA:16,0
DA:17,0
DA:18,0
DA:25,0
DA:26,0
DA:27,0
DA:34,0
DA:35,0
DA:36,0
DA:38,0
DA:43,0
DA:44,0
DA:45,0
DA:52,0
DA:53,0
DA:54,0
LF:20
LH:0
BRDA:8,0,0,0
BRDA:8,0,1,0
BRDA:8,1,0,0
BRDA:8,1,1,0
BRDA:17,2,0,0
BRDA:17,2,1,0
BRDA:17,3,0,0
BRDA:17,3,1,0
BRDA:26,4,0,0
BRDA:26,4,1,0
BRDA:26,5,0,0
BRDA:26,5,1,0
BRDA:35,6,0,0
BRDA:35,6,1,0
BRDA:35,7,0,0
BRDA:35,7,1,0
BRDA:44,8,0,0
BRDA:44,8,1,0
BRDA:44,9,0,0
BRDA:44,9,1,0
BRDA:53,10,0,0
BRDA:53,10,1,0
BRDA:53,11,0,0
BRDA:53,11,1,0
BRF:24
BRH:0
end_of_record
TN:
SF:src\lib\supabase.ts
FNF:0
FNH:0
DA:4,2
DA:6,2
DA:8,2
DA:9,0
DA:12,2
DA:13,0
DA:28,2
DA:45,2
DA:46,2
LF:9
LH:7
BRDA:6,0,0,2
BRDA:6,0,1,0
BRDA:8,1,0,0
BRDA:8,1,1,2
BRDA:12,2,0,0
BRDA:12,2,1,2
BRDA:45,3,0,2
BRDA:45,3,1,0
BRDA:45,4,0,2
BRDA:45,4,1,2
BRF:10
BRH:6
end_of_record
TN:
SF:src\lib\tmdb.ts
FN:22,fetchTmdbJson
FN:46,tmdbImageUrl
FN:63,fetchTrendingTitles
FN:76,(anonymous_3)
FN:84,(anonymous_4)
FNF:5
FNH:1
FNDA:0,fetchTmdbJson
FNDA:6,tmdbImageUrl
FNDA:0,fetchTrendingTitles
FNDA:0,(anonymous_3)
FNDA:0,(anonymous_4)
DA:27,0
DA:35,0
DA:36,0
DA:37,0
DA:39,0
DA:40,0
DA:47,6
DA:48,0
DA:64,0
DA:73,0
DA:75,0
DA:77,0
DA:85,0
DA:86,0
LF:14
LH:1
BRDA:46,0,0,6
BRDA:47,1,0,6
BRDA:47,1,1,0
BRDA:63,2,0,0
BRDA:73,3,0,0
BRDA:73,3,1,0
BRDA:78,4,0,0
BRDA:78,4,1,0
BRDA:78,4,2,0
BRDA:78,4,3,0
BRDA:85,5,0,0
BRDA:85,5,1,0
BRDA:85,5,2,0
BRDA:88,6,0,0
BRDA:88,6,1,0
BRDA:88,6,2,0
BRDA:89,7,0,0
BRDA:89,7,1,0
BRDA:91,8,0,0
BRDA:91,8,1,0
BRDA:92,9,0,0
BRDA:92,9,1,0
BRDA:93,10,0,0
BRDA:93,10,1,0
BRF:24
BRH:2
end_of_record
TN:
SF:src\lib\ui-store.ts
FN:21,(anonymous_0)
FN:26,(anonymous_1)
FN:27,(anonymous_2)
FN:28,(anonymous_3)
FN:29,(anonymous_4)
FN:34,(anonymous_5)
FNF:6
FNH:1
FNDA:4,(anonymous_0)
FNDA:0,(anonymous_1)
FNDA:0,(anonymous_2)
FNDA:0,(anonymous_3)
FNDA:0,(anonymous_4)
FNDA:0,(anonymous_5)
DA:17,4
DA:19,4
DA:21,4
DA:26,0
DA:27,0
DA:28,0
DA:29,0
DA:35,0
DA:38,0
DA:39,0
DA:42,0
DA:43,0
DA:44,0
DA:46,0
LF:14
LH:3
BRDA:35,0,0,0
BRDA:35,0,1,0
BRDA:43,1,0,0
BRDA:43,1,1,0
BRDA:44,2,0,0
BRDA:44,2,1,0
BRF:6
BRH:0
end_of_record
TN:
SF:src\lib\utils.ts
FN:4,cn
FNF:1
FNH:1
FNDA:10,cn
DA:5,10
LF:1
LH:1
BRF:0
BRH:0
end_of_record
TN:
SF:src\modules\auth\AuthProvider.tsx
FN:33,(anonymous_0)
FN:38,(anonymous_1)
FN:50,(anonymous_2)
FN:57,(anonymous_3)
FN:70,(anonymous_4)
FN:75,(anonymous_5)
FN:94,(anonymous_6)
FN:99,(anonymous_7)
FN:104,(anonymous_8)
FN:108,(anonymous_9)
FN:110,(anonymous_10)
FN:122,(anonymous_11)
FN:141,(anonymous_12)
FNF:13
FNH:7
FNDA:7,(anonymous_0)
FNDA:3,(anonymous_1)
FNDA:3,(anonymous_2)
FNDA:3,(anonymous_3)
FNDA:0,(anonymous_4)
FNDA:6,(anonymous_5)
FNDA:0,(anonymous_6)
FNDA:0,(anonymous_7)
FNDA:0,(anonymous_8)
FNDA:0,(anonymous_9)
FNDA:0,(anonymous_10)
FNDA:1,(anonymous_11)
FNDA:7,(anonymous_12)
DA:27,2
DA:33,2
DA:34,7
DA:35,7
DA:36,7
DA:38,7
DA:39,3
DA:40,3
DA:42,3
DA:43,0
DA:46,3
DA:47,3
DA:50,7
DA:52,3
DA:57,3
DA:58,3
DA:59,3
DA:60,0
DA:61,0
DA:63,3
DA:66,0
DA:67,3
DA:70,3
DA:71,0
DA:75,7
DA:76,6
DA:78,0
DA:79,6
DA:80,0
DA:81,0
DA:84,0
DA:85,0
DA:87,0
DA:94,0
DA:95,0
DA:99,0
DA:104,0
DA:108,0
DA:110,0
DA:119,0
DA:122,7
DA:123,1
DA:124,1
DA:125,0
DA:128,1
DA:129,1
DA:132,7
DA:141,2
DA:142,7
DA:143,7
DA:144,0
DA:146,7
LF:52
LH:32
BRDA:42,0,0,0
BRDA:42,0,1,3
BRDA:46,1,0,3
BRDA:46,1,1,1
BRDA:58,2,0,3
BRDA:58,2,1,0
BRDA:59,3,0,0
BRDA:59,3,1,3
BRDA:66,4,0,0
BRDA:66,4,1,0
BRDA:76,5,0,6
BRDA:76,5,1,0
BRDA:79,6,0,0
BRDA:79,6,1,6
BRDA:84,7,0,0
BRDA:84,7,1,0
BRDA:100,8,0,0
BRDA:100,8,1,0
BRDA:112,9,0,0
BRDA:112,9,1,0
BRDA:124,10,0,0
BRDA:124,10,1,1
BRDA:143,11,0,0
BRDA:143,11,1,7
BRF:24
BRH:9
end_of_record
TN:
SF:src\modules\diary\diaryStatsReducer.ts
FN:58,(anonymous_0)
FN:59,(anonymous_1)
FN:62,(anonymous_2)
FN:73,(anonymous_3)
FN:74,(anonymous_4)
FN:75,(anonymous_5)
FN:80,(anonymous_6)
FN:83,(anonymous_7)
FN:84,(anonymous_8)
FN:92,(anonymous_9)
FN:94,(anonymous_10)
FN:97,(anonymous_11)
FN:102,(anonymous_12)
FN:108,(anonymous_13)
FN:120,(anonymous_14)
FN:121,(anonymous_15)
FN:127,(anonymous_16)
FN:136,(anonymous_17)
FN:137,(anonymous_18)
FNF:19
FNH:19
FNDA:1,(anonymous_0)
FNDA:3,(anonymous_1)
FNDA:1,(anonymous_2)
FNDA:3,(anonymous_3)
FNDA:2,(anonymous_4)
FNDA:2,(anonymous_5)
FNDA:3,(anonymous_6)
FNDA:2,(anonymous_7)
FNDA:3,(anonymous_8)
FNDA:1,(anonymous_9)
FNDA:2,(anonymous_10)
FNDA:2,(anonymous_11)
FNDA:7,(anonymous_12)
FNDA:5,(anonymous_13)
FNDA:1,(anonymous_14)
FNDA:3,(anonymous_15)
FNDA:6,(anonymous_16)
FNDA:3,(anonymous_17)
FNDA:4,(anonymous_18)
DA:25,3
DA:58,3
DA:59,3
DA:62,3
DA:67,1
DA:68,0
DA:71,1
DA:73,3
DA:74,2
DA:75,2
DA:78,1
DA:79,1
DA:80,3
DA:83,1
DA:84,2
DA:85,3
DA:86,3
DA:87,3
DA:91,1
DA:92,1
DA:94,2
DA:97,3
DA:102,7
DA:104,2
DA:105,2
DA:106,2
DA:108,2
DA:109,5
DA:110,5
DA:112,4
DA:113,4
DA:115,5
DA:116,5
DA:119,2
DA:120,1
DA:121,3
DA:123,2
DA:125,2
DA:127,2
DA:128,6
DA:129,6
DA:131,5
DA:132,5
DA:135,2
DA:136,3
DA:137,4
DA:139,2
LF:47
LH:46
BRDA:67,0,0,0
BRDA:67,0,1,1
BRDA:67,1,0,1
BRDA:67,1,1,1
BRDA:67,1,2,1
BRDA:80,2,0,3
BRDA:80,2,1,2
BRDA:84,3,0,2
BRDA:84,3,1,0
BRDA:86,4,0,0
BRDA:86,4,1,3
BRDA:87,5,0,3
BRDA:87,5,1,2
BRDA:100,6,0,2
BRDA:110,7,0,1
BRDA:110,7,1,4
BRDA:110,8,0,5
BRDA:110,8,1,5
BRDA:113,9,0,4
BRDA:113,9,1,3
BRDA:123,10,0,2
BRDA:123,10,1,0
BRDA:129,11,0,1
BRDA:129,11,1,5
BRDA:132,12,0,5
BRDA:132,12,1,4
BRF:26
BRH:22
end_of_record
TN:
SF:src\modules\diary\useDiaryStats.ts
FN:17,(anonymous_0)
FN:24,(anonymous_1)
FN:36,(anonymous_2)
FN:48,(anonymous_3)
FN:74,(anonymous_4)
FN:86,(anonymous_5)
FN:93,(anonymous_6)
FNF:7
FNH:0
FNDA:0,(anonymous_0)
FNDA:0,(anonymous_1)
FNDA:0,(anonymous_2)
FNDA:0,(anonymous_3)
FNDA:0,(anonymous_4)
FNDA:0,(anonymous_5)
FNDA:0,(anonymous_6)
DA:17,2
DA:18,0
DA:20,0
DA:25,0
DA:26,0
DA:27,0
DA:28,0
DA:29,0
DA:34,0
DA:37,0
DA:38,0
DA:39,0
DA:40,0
DA:41,0
DA:46,0
DA:49,0
DA:50,0
DA:51,0
DA:52,0
DA:53,0
DA:58,0
DA:60,0
DA:64,0
DA:74,2
DA:75,0
DA:79,0
DA:80,0
DA:83,0
DA:86,2
DA:87,0
DA:88,0
DA:90,0
DA:94,0
DA:96,0
DA:100,0
LF:35
LH:3
BRDA:18,0,0,0
BRDA:18,0,1,0
BRDA:20,1,0,0
BRDA:20,1,1,0
BRDA:25,2,0,0
BRDA:25,2,1,0
BRDA:25,3,0,0
BRDA:25,3,1,0
BRDA:28,4,0,0
BRDA:28,4,1,0
BRDA:28,5,0,0
BRDA:28,5,1,0
BRDA:29,6,0,0
BRDA:29,6,1,0
BRDA:34,7,0,0
BRDA:34,7,1,0
BRDA:37,8,0,0
BRDA:37,8,1,0
BRDA:37,9,0,0
BRDA:37,9,1,0
BRDA:40,10,0,0
BRDA:40,10,1,0
BRDA:40,11,0,0
BRDA:40,11,1,0
BRDA:46,12,0,0
BRDA:46,12,1,0
BRDA:49,13,0,0
BRDA:49,13,1,0
BRDA:49,14,0,0
BRDA:49,14,1,0
BRDA:52,15,0,0
BRDA:52,15,1,0
BRDA:52,16,0,0
BRDA:52,16,1,0
BRDA:60,17,0,0
BRDA:60,17,1,0
BRDA:60,18,0,0
BRDA:60,18,1,0
BRDA:65,19,0,0
BRDA:65,19,1,0
BRDA:66,20,0,0
BRDA:66,20,1,0
BRDA:67,21,0,0
BRDA:67,21,1,0
BRDA:67,22,0,0
BRDA:67,22,1,0
BRDA:79,23,0,0
BRDA:79,23,1,0
BRDA:88,24,0,0
BRDA:88,24,1,0
BRDA:94,25,0,0
BRDA:94,25,1,0
BRDA:101,26,0,0
BRDA:101,26,1,0
BRDA:104,27,0,0
BRDA:104,27,1,0
BRF:56
BRH:0
end_of_record
TN:
SF:src\modules\home\useHomeFeed.ts
FN:28,parseCursorString
FN:41,serializeCursor
FN:69,stableColorFromId
FN:78,normalizeActorProfile
FN:95,normalizeTitle
FN:111,extractNumber
FN:126,extractString
FN:137,rowToFeedItem
FN:248,isHomeFeedRow
FN:259,mergeWatchedAndRating
FN:263,(anonymous_10)
FN:311,fetchHomeFeedPageV2
FN:338,fetchHomeFeedPage
FN:352,useHomeFeed
FN:361,(anonymous_14)
FN:363,(anonymous_15)
FN:367,(anonymous_16)
FN:378,(anonymous_17)
FNF:18
FNH:0
FNDA:0,parseCursorString
FNDA:0,serializeCursor
FNDA:0,stableColorFromId
FNDA:0,normalizeActorProfile
FNDA:0,normalizeTitle
FNDA:0,extractNumber
FNDA:0,extractString
FNDA:0,rowToFeedItem
FNDA:0,isHomeFeedRow
FNDA:0,mergeWatchedAndRating
FNDA:0,(anonymous_10)
FNDA:0,fetchHomeFeedPageV2
FNDA:0,fetchHomeFeedPage
FNDA:0,useHomeFeed
FNDA:0,(anonymous_14)
FNDA:0,(anonymous_15)
FNDA:0,(anonymous_16)
FNDA:0,(anonymous_17)
DA:29,0
DA:31,0
DA:32,0
DA:34,0
DA:35,0
DA:42,0
DA:43,0
DA:44,0
DA:46,0
DA:66,2
DA:67,2
DA:71,0
DA:72,0
DA:73,0
DA:75,0
DA:79,0
DA:80,0
DA:83,0
DA:85,0
DA:87,0
DA:96,0
DA:98,0
DA:100,0
DA:112,0
DA:114,0
DA:115,0
DA:116,0
DA:117,0
DA:118,0
DA:119,0
DA:123,0
DA:127,0
DA:129,0
DA:130,0
DA:131,0
DA:134,0
DA:138,0
DA:139,0
DA:141,0
DA:142,0
DA:145,0
DA:147,0
DA:149,0
DA:151,0
DA:154,0
DA:156,0
DA:173,0
DA:174,0
DA:178,0
DA:192,0
DA:207,0
DA:219,0
DA:230,0
DA:232,0
DA:244,0
DA:249,0
DA:250,0
DA:251,0
DA:260,0
DA:261,0
DA:263,0
DA:264,0
DA:265,0
DA:268,0
DA:269,0
DA:270,0
DA:272,0
DA:273,0
DA:274,0
DA:277,0
DA:278,0
DA:280,0
DA:281,0
DA:282,0
DA:284,0
DA:285,0
DA:287,0
DA:288,0
DA:289,0
DA:291,0
DA:300,0
DA:301,0
DA:302,0
DA:305,0
DA:308,0
DA:312,0
DA:319,0
DA:320,0
DA:323,0
DA:326,0
DA:327,0
DA:329,0
DA:330,0
DA:331,0
DA:332,0
DA:334,0
DA:342,0
DA:343,0
DA:345,0
DA:353,0
DA:354,0
DA:356,0
DA:362,0
DA:363,0
DA:367,0
DA:370,0
DA:372,0
DA:378,0
LF:108
LH:2
BRDA:29,0,0,0
BRDA:29,0,1,0
BRDA:34,1,0,0
BRDA:34,1,1,0
BRDA:37,2,0,0
BRDA:37,2,1,0
BRDA:42,3,0,0
BRDA:42,3,1,0
BRDA:43,4,0,0
BRDA:43,4,1,0
BRDA:79,5,0,0
BRDA:79,5,1,0
BRDA:80,6,0,0
BRDA:80,6,1,0
BRDA:83,7,0,0
BRDA:83,7,1,0
BRDA:83,7,2,0
BRDA:85,8,0,0
BRDA:85,8,1,0
BRDA:96,9,0,0
BRDA:96,9,1,0
BRDA:96,10,0,0
BRDA:96,10,1,0
BRDA:103,11,0,0
BRDA:103,11,1,0
BRDA:103,11,2,0
BRDA:104,12,0,0
BRDA:104,12,1,0
BRDA:105,13,0,0
BRDA:105,13,1,0
BRDA:107,14,0,0
BRDA:107,14,1,0
BRDA:112,15,0,0
BRDA:112,15,1,0
BRDA:112,16,0,0
BRDA:112,16,1,0
BRDA:116,17,0,0
BRDA:116,17,1,0
BRDA:116,18,0,0
BRDA:116,18,1,0
BRDA:117,19,0,0
BRDA:117,19,1,0
BRDA:119,20,0,0
BRDA:119,20,1,0
BRDA:127,21,0,0
BRDA:127,21,1,0
BRDA:127,22,0,0
BRDA:127,22,1,0
BRDA:131,23,0,0
BRDA:131,23,1,0
BRDA:131,24,0,0
BRDA:131,24,1,0
BRDA:139,25,0,0
BRDA:139,25,1,0
BRDA:145,26,0,0
BRDA:145,26,1,0
BRDA:149,27,0,0
BRDA:149,27,1,0
BRDA:149,27,2,0
BRDA:149,27,3,0
BRDA:149,27,4,0
BRDA:149,27,5,0
BRDA:149,27,6,0
BRDA:152,28,0,0
BRDA:152,28,1,0
BRDA:154,29,0,0
BRDA:154,29,1,0
BRDA:165,30,0,0
BRDA:165,30,1,0
BRDA:167,31,0,0
BRDA:167,31,1,0
BRDA:173,32,0,0
BRDA:173,32,1,0
BRDA:175,33,0,0
BRDA:175,33,1,0
BRDA:185,34,0,0
BRDA:185,34,1,0
BRDA:187,35,0,0
BRDA:187,35,1,0
BRDA:200,36,0,0
BRDA:200,36,1,0
BRDA:201,37,0,0
BRDA:201,37,1,0
BRDA:214,38,0,0
BRDA:214,38,1,0
BRDA:230,39,0,0
BRDA:230,39,1,0
BRDA:249,40,0,0
BRDA:249,40,1,0
BRDA:249,41,0,0
BRDA:249,41,1,0
BRDA:252,42,0,0
BRDA:252,42,1,0
BRDA:252,42,2,0
BRDA:252,42,3,0
BRDA:265,43,0,0
BRDA:265,43,1,0
BRDA:272,44,0,0
BRDA:272,44,1,0
BRDA:284,45,0,0
BRDA:284,45,1,0
BRDA:285,46,0,0
BRDA:285,46,1,0
BRDA:287,47,0,0
BRDA:287,47,1,0
BRDA:287,48,0,0
BRDA:287,48,1,0
BRDA:287,48,2,0
BRDA:287,48,3,0
BRDA:287,48,4,0
BRDA:288,49,0,0
BRDA:288,49,1,0
BRDA:289,50,0,0
BRDA:289,50,1,0
BRDA:294,51,0,0
BRDA:294,51,1,0
BRDA:296,52,0,0
BRDA:296,52,1,0
BRDA:297,53,0,0
BRDA:297,53,1,0
BRDA:315,54,0,0
BRDA:315,54,1,0
BRDA:316,55,0,0
BRDA:316,55,1,0
BRDA:319,56,0,0
BRDA:319,56,1,0
BRDA:323,57,0,0
BRDA:323,57,1,0
BRDA:327,58,0,0
BRDA:327,58,1,0
BRDA:332,59,0,0
BRDA:332,59,1,0
BRDA:332,60,0,0
BRDA:332,60,1,0
BRDA:340,61,0,0
BRDA:354,62,0,0
BRDA:354,62,1,0
BRDA:362,63,0,0
BRDA:362,63,1,0
BRDA:363,64,0,0
BRDA:363,64,1,0
BRDA:367,65,0,0
BRDA:367,65,1,0
BRDA:370,66,0,0
BRDA:370,66,1,0
BRDA:370,67,0,0
BRDA:370,67,1,0
BRF:147
BRH:0
end_of_record
TN:
SF:src\modules\messages\cacheListHelpers.ts
FN:14,(anonymous_0)
FN:23,(anonymous_1)
FN:35,(anonymous_2)
FN:42,(anonymous_3)
FNF:4
FNH:4
FNDA:5,(anonymous_0)
FNDA:3,(anonymous_1)
FNDA:3,(anonymous_2)
FNDA:4,(anonymous_3)
DA:14,2
DA:19,5
DA:20,5
DA:22,5
DA:23,5
DA:24,5
DA:25,4
DA:27,5
DA:28,5
DA:35,2
DA:40,3
DA:41,3
DA:42,4
LF:13
LH:13
BRDA:19,0,0,5
BRDA:19,0,1,2
BRDA:24,1,0,1
BRDA:24,1,1,4
BRDA:27,2,0,3
BRDA:27,2,1,2
BRDA:40,3,0,3
BRDA:40,3,1,1
BRDA:41,4,0,1
BRDA:41,4,1,2
BRF:10
BRH:10
end_of_record
TN:
SF:src\modules\messages\chatMedia.ts
FNF:0
FNH:0
DA:1,1
LF:1
LH:1
BRF:0
BRH:0
end_of_record
TN:
SF:src\modules\messages\clientId.ts
FN:1,(anonymous_0)
FN:2,(anonymous_1)
FNF:2
FNH:1
FNDA:4,(anonymous_0)
FNDA:0,(anonymous_1)
DA:1,1
DA:2,0
DA:4,4
DA:5,4
DA:7,0
LF:5
LH:3
BRDA:2,0,0,0
BRDA:4,1,0,4
BRDA:4,1,1,0
BRDA:4,2,0,4
BRDA:4,2,1,4
BRF:5
BRH:3
end_of_record
TN:
SF:src\modules\messages\conversationMessagesCache.ts
FN:11,(anonymous_0)
FN:16,(anonymous_1)
FN:17,(anonymous_2)
FN:25,(anonymous_3)
FN:56,(anonymous_4)
FN:64,(anonymous_5)
FN:82,(anonymous_6)
FN:93,(anonymous_7)
FN:98,(anonymous_8)
FN:99,(anonymous_9)
FN:106,(anonymous_10)
FN:122,(anonymous_11)
FN:127,(anonymous_12)
FN:129,(anonymous_13)
FN:134,(anonymous_14)
FN:139,(anonymous_15)
FN:141,(anonymous_16)
FN:146,(anonymous_17)
FN:160,(anonymous_18)
FN:168,(anonymous_19)
FN:176,(anonymous_20)
FN:194,(anonymous_21)
FN:201,(anonymous_22)
FN:276,(anonymous_23)
FN:301,(anonymous_24)
FN:317,(anonymous_25)
FN:328,(anonymous_26)
FNF:27
FNH:16
FNDA:4,(anonymous_0)
FNDA:10,(anonymous_1)
FNDA:2,(anonymous_2)
FNDA:9,(anonymous_3)
FNDA:0,(anonymous_4)
FNDA:0,(anonymous_5)
FNDA:13,(anonymous_6)
FNDA:2,(anonymous_7)
FNDA:8,(anonymous_8)
FNDA:8,(anonymous_9)
FNDA:5,(anonymous_10)
FNDA:0,(anonymous_11)
FNDA:0,(anonymous_12)
FNDA:0,(anonymous_13)
FNDA:0,(anonymous_14)
FNDA:0,(anonymous_15)
FNDA:0,(anonymous_16)
FNDA:1,(anonymous_17)
FNDA:1,(anonymous_18)
FNDA:0,(anonymous_19)
FNDA:0,(anonymous_20)
FNDA:2,(anonymous_21)
FNDA:10,(anonymous_22)
FNDA:4,(anonymous_23)
FNDA:2,(anonymous_24)
FNDA:0,(anonymous_25)
FNDA:2,(anonymous_26)
DA:11,4
DA:16,2
DA:17,10
DA:18,2
DA:19,2
DA:20,2
DA:21,0
DA:25,2
DA:26,9
DA:27,9
DA:28,11
DA:31,9
DA:32,9
DA:34,9
DA:35,11
DA:36,11
DA:37,6
DA:38,6
DA:40,5
DA:41,5
DA:42,0
DA:44,5
DA:48,9
DA:50,9
DA:51,5
DA:52,5
DA:53,5
DA:56,0
DA:57,0
DA:59,0
DA:60,0
DA:63,0
DA:65,0
DA:66,0
DA:67,0
DA:68,0
DA:69,0
DA:71,0
DA:76,0
DA:79,9
DA:82,2
DA:85,13
DA:87,9
DA:88,0
DA:90,9
DA:93,2
DA:94,2
DA:95,2
DA:98,2
DA:99,8
DA:103,8
DA:106,2
DA:110,5
DA:111,5
DA:113,5
DA:114,5
DA:115,5
DA:116,5
DA:118,5
DA:119,5
DA:122,2
DA:126,0
DA:127,0
DA:129,0
DA:131,0
DA:134,2
DA:138,0
DA:139,0
DA:141,0
DA:143,0
DA:146,2
DA:150,1
DA:151,1
DA:153,1
DA:154,1
DA:155,1
DA:158,1
DA:159,1
DA:160,1
DA:165,1
DA:166,0
DA:167,0
DA:168,0
DA:174,1
DA:175,1
DA:176,1
DA:177,1
DA:178,0
DA:179,0
DA:180,0
DA:181,0
DA:186,1
DA:187,1
DA:188,1
DA:191,1
DA:194,2
DA:198,2
DA:199,2
DA:201,2
DA:202,10
DA:203,0
DA:204,0
DA:205,0
DA:206,0
DA:207,0
DA:208,0
DA:210,0
DA:213,0
DA:216,2
DA:217,2
DA:218,2
DA:219,2
DA:220,2
DA:223,2
DA:224,2
DA:225,2
DA:226,2
DA:227,2
DA:230,2
DA:231,2
DA:232,2
DA:233,2
DA:235,2
DA:236,2
DA:237,2
DA:238,2
DA:240,2
DA:241,2
DA:243,2
DA:244,2
DA:245,0
DA:246,0
DA:247,0
DA:249,2
DA:250,0
DA:251,0
DA:252,0
DA:254,0
DA:257,2
DA:258,2
DA:259,3
DA:261,2
DA:262,2
DA:265,2
DA:267,2
DA:273,2
DA:276,2
DA:277,4
DA:278,4
DA:279,4
DA:280,0
DA:281,0
DA:282,0
DA:283,0
DA:284,0
DA:288,2
DA:289,2
DA:291,2
DA:301,2
DA:306,2
DA:307,2
DA:308,2
DA:310,2
DA:311,2
DA:314,2
DA:315,0
DA:316,0
DA:317,0
DA:319,0
DA:320,0
DA:321,0
DA:327,2
DA:328,2
DA:329,2
DA:330,1
DA:331,1
DA:332,1
DA:337,1
DA:338,1
DA:339,1
DA:342,1
LF:181
LH:125
BRDA:20,0,0,2
BRDA:20,0,1,0
BRDA:35,1,0,11
BRDA:35,1,1,11
BRDA:36,2,0,6
BRDA:36,2,1,5
BRDA:41,3,0,0
BRDA:41,3,1,5
BRDA:51,4,0,5
BRDA:51,4,1,0
BRDA:57,5,0,0
BRDA:57,5,1,0
BRDA:65,6,0,0
BRDA:65,6,1,0
BRDA:68,7,0,0
BRDA:68,7,1,0
BRDA:69,8,0,0
BRDA:69,8,1,0
BRDA:71,9,0,0
BRDA:71,9,1,0
BRDA:76,10,0,0
BRDA:76,10,1,0
BRDA:85,11,0,4
BRDA:85,11,1,9
BRDA:87,12,0,0
BRDA:87,12,1,9
BRDA:87,13,0,9
BRDA:87,13,1,9
BRDA:94,14,0,0
BRDA:94,14,1,2
BRDA:99,15,0,8
BRDA:99,15,1,0
BRDA:101,16,0,8
BRDA:101,16,1,0
BRDA:103,17,0,8
BRDA:103,17,1,0
BRDA:115,18,0,5
BRDA:115,18,1,0
BRDA:129,19,0,0
BRDA:129,19,1,0
BRDA:129,20,0,0
BRDA:129,20,1,0
BRDA:141,21,0,0
BRDA:141,21,1,0
BRDA:153,22,0,1
BRDA:153,22,1,0
BRDA:155,23,0,1
BRDA:155,23,1,1
BRDA:158,24,0,1
BRDA:158,24,1,0
BRDA:160,25,0,1
BRDA:160,25,1,0
BRDA:165,26,0,0
BRDA:165,26,1,1
BRDA:167,27,0,0
BRDA:167,27,1,0
BRDA:168,28,0,0
BRDA:168,28,1,0
BRDA:176,29,0,1
BRDA:176,29,1,0
BRDA:177,30,0,0
BRDA:177,30,1,1
BRDA:186,31,0,1
BRDA:186,31,1,0
BRDA:188,32,0,1
BRDA:188,32,1,0
BRDA:202,33,0,10
BRDA:202,33,1,0
BRDA:203,34,0,0
BRDA:203,34,1,0
BRDA:204,35,0,0
BRDA:204,35,1,0
BRDA:205,36,0,0
BRDA:205,36,1,0
BRDA:206,37,0,0
BRDA:206,37,1,0
BRDA:217,38,0,2
BRDA:217,38,1,0
BRDA:224,39,0,2
BRDA:224,39,1,0
BRDA:232,40,0,2
BRDA:232,40,1,0
BRDA:232,41,0,2
BRDA:232,41,1,0
BRDA:237,42,0,0
BRDA:237,42,1,2
BRDA:243,43,0,0
BRDA:243,43,1,2
BRDA:243,44,0,2
BRDA:243,44,1,0
BRDA:244,45,0,0
BRDA:244,45,1,2
BRDA:249,46,0,0
BRDA:249,46,1,2
BRDA:250,47,0,0
BRDA:250,47,1,0
BRDA:258,48,0,2
BRDA:258,48,1,0
BRDA:261,49,0,2
BRDA:261,49,1,0
BRDA:271,50,0,2
BRDA:271,50,1,0
BRDA:271,50,2,0
BRDA:279,51,0,4
BRDA:279,51,1,0
BRDA:281,52,0,0
BRDA:281,52,1,0
BRDA:293,53,0,2
BRDA:293,53,1,0
BRDA:294,54,0,2
BRDA:294,54,1,0
BRDA:294,55,0,0
BRDA:294,55,1,0
BRDA:306,56,0,2
BRDA:306,56,1,2
BRDA:308,57,0,2
BRDA:308,57,1,2
BRDA:314,58,0,0
BRDA:314,58,1,2
BRDA:316,59,0,0
BRDA:316,59,1,0
BRDA:317,60,0,0
BRDA:317,60,1,0
BRDA:319,61,0,0
BRDA:319,61,1,0
BRDA:328,62,0,2
BRDA:328,62,1,0
BRDA:329,63,0,1
BRDA:329,63,1,1
BRDA:337,64,0,1
BRDA:337,64,1,0
BRDA:339,65,0,1
BRDA:339,65,1,0
BRF:133
BRH:53
end_of_record
TN:
SF:src\modules\messages\conversationPrefs.ts
FN:28,(anonymous_0)
FN:31,(anonymous_1)
FN:42,(anonymous_2)
FN:48,(anonymous_3)
FN:53,(anonymous_4)
FN:58,(anonymous_5)
FN:77,(anonymous_6)
FN:87,(anonymous_7)
FN:97,(anonymous_8)
FN:113,(anonymous_9)
FN:131,(anonymous_10)
FN:230,(anonymous_11)
FN:246,(anonymous_12)
FN:257,(anonymous_13)
FN:277,(anonymous_14)
FN:285,(anonymous_15)
FNF:16
FNH:0
FNDA:0,(anonymous_0)
FNDA:0,(anonymous_1)
FNDA:0,(anonymous_2)
FNDA:0,(anonymous_3)
FNDA:0,(anonymous_4)
FNDA:0,(anonymous_5)
FNDA:0,(anonymous_6)
FNDA:0,(anonymous_7)
FNDA:0,(anonymous_8)
FNDA:0,(anonymous_9)
FNDA:0,(anonymous_10)
FNDA:0,(anonymous_11)
FNDA:0,(anonymous_12)
FNDA:0,(anonymous_13)
FNDA:0,(anonymous_14)
FNDA:0,(anonymous_15)
DA:28,2
DA:29,0
DA:31,2
DA:32,0
DA:33,0
DA:34,0
DA:35,0
DA:36,0
DA:38,0
DA:42,2
DA:48,2
DA:49,0
DA:50,0
DA:53,2
DA:54,0
DA:55,0
DA:58,2
DA:63,0
DA:64,0
DA:65,0
DA:66,0
DA:69,0
DA:70,0
DA:71,0
DA:72,0
DA:74,0
DA:77,2
DA:78,0
DA:79,0
DA:80,0
DA:81,0
DA:87,2
DA:88,0
DA:89,0
DA:90,0
DA:91,0
DA:94,2
DA:95,2
DA:97,2
DA:98,0
DA:99,0
DA:104,0
DA:105,0
DA:106,0
DA:109,0
DA:110,0
DA:113,2
DA:114,0
DA:117,0
DA:122,0
DA:123,0
DA:124,0
DA:127,0
DA:128,0
DA:131,2
DA:136,0
DA:138,0
DA:139,0
DA:142,0
DA:143,0
DA:144,0
DA:145,0
DA:149,0
DA:150,0
DA:156,0
DA:157,0
DA:158,0
DA:159,0
DA:160,0
DA:162,0
DA:163,0
DA:166,0
DA:169,0
DA:171,0
DA:178,0
DA:179,0
DA:182,0
DA:186,0
DA:187,0
DA:188,0
DA:189,0
DA:190,0
DA:194,0
DA:195,0
DA:198,0
DA:199,0
DA:202,0
DA:212,0
DA:213,0
DA:214,0
DA:217,0
DA:218,0
DA:221,0
DA:224,2
DA:230,2
DA:233,0
DA:234,0
DA:236,0
DA:237,0
DA:238,0
DA:240,0
DA:241,0
DA:243,0
DA:245,0
DA:247,0
DA:248,0
DA:254,0
DA:255,0
DA:257,0
DA:259,0
DA:260,0
DA:261,0
DA:264,0
DA:268,0
DA:269,0
DA:270,0
DA:274,0
DA:277,2
DA:281,0
DA:282,0
DA:285,2
DA:286,0
DA:287,0
DA:288,0
DA:289,0
DA:290,0
LF:126
LH:17
BRDA:29,0,0,0
BRDA:29,0,1,0
BRDA:32,1,0,0
BRDA:32,1,1,0
BRDA:35,2,0,0
BRDA:35,2,1,0
BRDA:35,3,0,0
BRDA:35,3,1,0
BRDA:45,4,0,0
BRDA:45,4,1,0
BRDA:49,5,0,0
BRDA:49,5,1,0
BRDA:54,6,0,0
BRDA:54,6,1,0
BRDA:63,7,0,0
BRDA:63,7,1,0
BRDA:65,8,0,0
BRDA:65,8,1,0
BRDA:69,9,0,0
BRDA:69,9,1,0
BRDA:69,9,2,0
BRDA:71,10,0,0
BRDA:71,10,1,0
BRDA:79,11,0,0
BRDA:79,11,1,0
BRDA:82,12,0,0
BRDA:82,12,1,0
BRDA:82,12,2,0
BRDA:82,12,3,0
BRDA:89,13,0,0
BRDA:89,13,1,0
BRDA:91,14,0,0
BRDA:91,14,1,0
BRDA:91,14,2,0
BRDA:98,15,0,0
BRDA:98,15,1,0
BRDA:104,16,0,0
BRDA:104,16,1,0
BRDA:105,17,0,0
BRDA:105,17,1,0
BRDA:114,18,0,0
BRDA:114,18,1,0
BRDA:122,19,0,0
BRDA:122,19,1,0
BRDA:123,20,0,0
BRDA:123,20,1,0
BRDA:136,21,0,0
BRDA:136,21,1,0
BRDA:136,22,0,0
BRDA:136,22,1,0
BRDA:143,23,0,0
BRDA:143,23,1,0
BRDA:149,24,0,0
BRDA:149,24,1,0
BRDA:149,25,0,0
BRDA:149,25,1,0
BRDA:149,25,2,0
BRDA:156,26,0,0
BRDA:156,26,1,0
BRDA:157,27,0,0
BRDA:157,27,1,0
BRDA:178,28,0,0
BRDA:178,28,1,0
BRDA:179,29,0,0
BRDA:179,29,1,0
BRDA:186,30,0,0
BRDA:186,30,1,0
BRDA:187,31,0,0
BRDA:187,31,1,0
BRDA:194,32,0,0
BRDA:194,32,1,0
BRDA:198,33,0,0
BRDA:198,33,1,0
BRDA:212,34,0,0
BRDA:212,34,1,0
BRDA:233,35,0,0
BRDA:233,35,1,0
BRDA:233,36,0,0
BRDA:233,36,1,0
BRDA:238,37,0,0
BRDA:238,37,1,0
BRDA:241,38,0,0
BRDA:241,38,1,0
BRDA:254,39,0,0
BRDA:254,39,1,0
BRDA:257,40,0,0
BRDA:257,40,1,0
BRDA:257,40,2,0
BRDA:259,41,0,0
BRDA:259,41,1,0
BRDA:268,42,0,0
BRDA:268,42,1,0
BRDA:286,43,0,0
BRDA:286,43,1,0
BRDA:287,44,0,0
BRDA:287,44,1,0
BRDA:289,45,0,0
BRDA:289,45,1,0
BRF:98
BRH:0
end_of_record
TN:
SF:src\modules\messages\conversationsCache.ts
FN:20,(anonymous_0)
FN:30,(anonymous_1)
FN:50,(anonymous_2)
FN:57,(anonymous_3)
FNF:4
FNH:3
FNDA:4,(anonymous_0)
FNDA:4,(anonymous_1)
FNDA:1,(anonymous_2)
FNDA:0,(anonymous_3)
DA:20,2
DA:26,4
DA:27,4
DA:29,3
DA:30,4
DA:31,3
DA:33,3
DA:34,3
DA:35,3
DA:38,2
DA:40,2
DA:41,1
DA:42,1
DA:43,1
DA:46,1
DA:47,1
DA:50,2
DA:57,1
DA:58,0
LF:19
LH:18
BRDA:26,0,0,0
BRDA:26,0,1,4
BRDA:27,1,0,1
BRDA:27,1,1,3
BRDA:31,2,0,0
BRDA:31,2,1,3
BRDA:35,3,0,1
BRDA:35,3,1,2
BRDA:35,4,0,3
BRDA:35,4,1,2
BRDA:40,5,0,1
BRDA:40,5,1,1
BRDA:40,6,0,2
BRDA:40,6,1,1
BRF:14
BRH:12
end_of_record
TN:
SF:src\modules\messages\formatSupabaseError.ts
FN:7,(anonymous_0)
FNF:1
FNH:1
FNDA:1,(anonymous_0)
DA:7,1
DA:8,1
DA:10,1
DA:12,1
DA:15,1
DA:22,1
DA:23,1
DA:24,1
DA:26,1
LF:9
LH:9
BRDA:8,0,0,0
BRDA:8,0,1,1
BRDA:10,1,0,0
BRDA:10,1,1,1
BRDA:15,2,0,1
BRDA:15,2,1,0
BRDA:16,3,0,0
BRDA:16,3,1,0
BRDA:18,4,0,0
BRDA:18,4,1,0
BRDA:22,5,0,0
BRDA:22,5,1,1
BRDA:23,6,0,0
BRDA:23,6,1,1
BRDA:24,7,0,0
BRDA:24,7,1,1
BRF:16
BRH:6
end_of_record
TN:
SF:src\modules\messages\formatTimeAgo.ts
FN:7,(anonymous_0)
FNF:1
FNH:1
FNDA:13,(anonymous_0)
DA:7,4
DA:8,13
DA:9,12
DA:10,12
DA:12,11
DA:13,11
DA:15,11
DA:17,10
DA:18,10
DA:20,9
DA:21,9
DA:23,8
DA:24,8
DA:26,7
DA:27,7
DA:28,6
DA:30,5
DA:31,5
DA:32,1
DA:35,4
DA:36,4
DA:37,1
DA:40,3
DA:41,2
DA:44,1
DA:45,1
LF:26
LH:26
BRDA:8,0,0,1
BRDA:8,0,1,12
BRDA:10,1,0,1
BRDA:10,1,1,11
BRDA:15,2,0,1
BRDA:15,2,1,10
BRDA:18,3,0,1
BRDA:18,3,1,9
BRDA:21,4,0,1
BRDA:21,4,1,8
BRDA:24,5,0,1
BRDA:24,5,1,7
BRDA:27,6,0,1
BRDA:27,6,1,6
BRDA:28,7,0,1
BRDA:28,7,1,5
BRDA:31,8,0,1
BRDA:31,8,1,4
BRDA:32,9,0,0
BRDA:32,9,1,1
BRDA:36,10,0,1
BRDA:36,10,1,3
BRDA:37,11,0,0
BRDA:37,11,1,1
BRDA:40,12,0,2
BRDA:40,12,1,1
BRDA:41,13,0,1
BRDA:41,13,1,1
BRDA:45,14,0,0
BRDA:45,14,1,1
BRF:30
BRH:27
end_of_record
TN:
SF:src\modules\messages\getMessageDeliveryStatus.ts
FN:15,createMessageDeliveryStatusResolver
FN:42,(anonymous_1)
FN:44,(anonymous_2)
FN:45,(anonymous_3)
FN:47,(anonymous_4)
FN:49,(anonymous_5)
FN:79,(anonymous_6)
FN:113,(anonymous_7)
FN:124,(anonymous_8)
FN:159,(anonymous_9)
FNF:10
FNH:7
FNDA:5,createMessageDeliveryStatusResolver
FNDA:0,(anonymous_1)
FNDA:14,(anonymous_2)
FNDA:0,(anonymous_3)
FNDA:9,(anonymous_4)
FNDA:0,(anonymous_5)
FNDA:5,(anonymous_6)
FNDA:5,(anonymous_7)
FNDA:5,(anonymous_8)
FNDA:5,(anonymous_9)
DA:40,5
DA:42,5
DA:44,14
DA:45,5
DA:47,9
DA:49,5
DA:50,0
DA:51,0
DA:52,0
DA:53,0
DA:57,5
DA:64,5
DA:65,5
DA:67,5
DA:68,0
DA:69,0
DA:71,0
DA:72,5
DA:73,5
DA:74,5
DA:77,5
DA:79,5
DA:80,5
DA:81,5
DA:82,5
DA:85,5
DA:86,5
DA:87,5
DA:88,5
DA:92,0
DA:93,0
DA:94,0
DA:100,5
DA:101,5
DA:102,8
DA:103,8
DA:105,8
DA:106,8
DA:107,5
DA:108,5
DA:110,8
DA:113,5
DA:114,5
DA:116,5
DA:117,0
DA:120,5
DA:121,0
DA:124,5
DA:125,5
DA:126,5
DA:129,5
DA:130,5
DA:132,5
DA:133,9
DA:134,9
DA:136,4
DA:137,4
DA:138,4
DA:139,4
DA:140,4
DA:145,5
DA:146,2
DA:147,2
DA:150,3
DA:151,5
DA:152,2
DA:155,1
DA:159,1
DA:167,5
DA:174,5
LF:70
LH:58
BRDA:42,0,0,0
BRDA:42,0,1,5
BRDA:42,1,0,5
BRDA:42,1,1,5
BRDA:45,2,0,0
BRDA:45,2,1,5
BRDA:50,3,0,0
BRDA:50,3,1,0
BRDA:52,4,0,0
BRDA:52,4,1,0
BRDA:64,5,0,5
BRDA:64,5,1,0
BRDA:67,6,0,0
BRDA:67,6,1,5
BRDA:69,7,0,0
BRDA:69,7,1,0
BRDA:71,8,0,0
BRDA:71,8,1,0
BRDA:72,9,0,5
BRDA:72,9,1,0
BRDA:74,10,0,5
BRDA:74,10,1,0
BRDA:77,11,0,0
BRDA:77,11,1,5
BRDA:80,12,0,0
BRDA:80,12,1,5
BRDA:82,13,0,0
BRDA:82,13,1,5
BRDA:86,14,0,5
BRDA:86,14,1,0
BRDA:86,15,0,5
BRDA:86,15,1,1
BRDA:92,16,0,0
BRDA:92,16,1,0
BRDA:93,17,0,0
BRDA:93,17,1,0
BRDA:93,18,0,0
BRDA:93,18,1,0
BRDA:93,18,2,0
BRDA:101,19,0,5
BRDA:101,19,1,0
BRDA:102,20,0,0
BRDA:102,20,1,8
BRDA:103,21,0,0
BRDA:103,21,1,8
BRDA:103,22,0,8
BRDA:103,22,1,0
BRDA:106,23,0,5
BRDA:106,23,1,3
BRDA:114,24,0,0
BRDA:114,24,1,5
BRDA:116,25,0,0
BRDA:116,25,1,5
BRDA:120,26,0,0
BRDA:120,26,1,5
BRDA:125,27,0,5
BRDA:125,27,1,0
BRDA:126,28,0,0
BRDA:126,28,1,5
BRDA:134,29,0,5
BRDA:134,29,1,4
BRDA:136,30,0,4
BRDA:136,30,1,0
BRDA:138,31,0,4
BRDA:138,31,1,0
BRDA:139,32,0,4
BRDA:139,32,1,0
BRDA:139,33,0,4
BRDA:139,33,1,1
BRDA:145,34,0,2
BRDA:145,34,1,3
BRDA:145,35,0,5
BRDA:145,35,1,2
BRDA:146,36,0,2
BRDA:146,36,1,0
BRDA:150,37,0,3
BRDA:150,37,1,0
BRDA:151,38,0,2
BRDA:151,38,1,3
BRDA:151,39,0,5
BRDA:151,39,1,2
BRF:81
BRH:42
end_of_record
TN:
SF:src\modules\messages\idUtils.ts
FN:3,(anonymous_0)
FN:5,(anonymous_1)
FN:8,(anonymous_2)
FN:12,(anonymous_3)
FN:28,(anonymous_4)
FN:35,(anonymous_5)
FN:36,(anonymous_6)
FN:38,(anonymous_7)
FNF:8
FNH:8
FNDA:13,(anonymous_0)
FNDA:2,(anonymous_1)
FNDA:1,(anonymous_2)
FNDA:4,(anonymous_3)
FNDA:1,(anonymous_4)
FNDA:7,(anonymous_5)
FNDA:5,(anonymous_6)
FNDA:4,(anonymous_7)
DA:1,4
DA:3,13
DA:5,4
DA:8,4
DA:9,1
DA:12,4
DA:13,4
DA:28,4
DA:32,1
DA:34,1
DA:35,7
DA:36,5
DA:38,4
DA:40,1
DA:41,1
DA:42,1
LF:16
LH:16
BRDA:5,0,0,1
BRDA:5,0,1,1
BRDA:8,1,0,1
BRDA:12,2,0,4
BRDA:30,3,0,1
BRDA:32,4,0,1
BRDA:32,5,0,1
BRDA:32,6,0,1
BRDA:38,7,0,4
BRDA:38,7,1,0
BRDA:40,8,0,1
BRDA:40,8,1,0
BRDA:41,9,0,1
BRDA:41,9,1,0
BRF:14
BRH:11
end_of_record
TN:
SF:src\modules\messages\messageModel.ts
FN:92,(anonymous_0)
FN:111,(anonymous_1)
FN:121,(anonymous_2)
FN:129,(anonymous_3)
FN:151,(anonymous_4)
FN:164,(anonymous_5)
FN:176,(anonymous_6)
FN:184,(anonymous_7)
FN:194,(anonymous_8)
FNF:9
FNH:1
FNDA:0,(anonymous_0)
FNDA:0,(anonymous_1)
FNDA:0,(anonymous_2)
FNDA:0,(anonymous_3)
FNDA:0,(anonymous_4)
FNDA:9,(anonymous_5)
FNDA:0,(anonymous_6)
FNDA:0,(anonymous_7)
FNDA:0,(anonymous_8)
DA:92,2
DA:99,0
DA:103,0
DA:111,2
DA:112,0
DA:113,0
DA:114,0
DA:121,2
DA:122,0
DA:129,2
DA:130,0
DA:131,0
DA:132,0
DA:133,0
DA:134,0
DA:136,0
DA:137,0
DA:140,0
DA:141,0
DA:144,0
DA:151,2
DA:156,0
DA:157,0
DA:158,0
DA:159,0
DA:161,0
DA:164,9
DA:176,2
DA:178,0
DA:184,2
DA:186,0
DA:194,2
LF:32
LH:9
BRDA:99,0,0,0
BRDA:99,0,1,0
BRDA:104,1,0,0
BRDA:104,1,1,0
BRDA:107,2,0,0
BRDA:107,2,1,0
BRDA:113,3,0,0
BRDA:113,3,1,0
BRDA:123,4,0,0
BRDA:123,4,1,0
BRDA:123,4,2,0
BRDA:131,5,0,0
BRDA:131,5,1,0
BRDA:136,6,0,0
BRDA:136,6,1,0
BRDA:140,7,0,0
BRDA:140,7,1,0
BRDA:154,8,0,0
BRDA:158,9,0,0
BRDA:158,9,1,0
BRDA:158,10,0,0
BRDA:158,10,1,0
BRDA:168,11,0,9
BRDA:168,11,1,0
BRDA:169,12,0,9
BRDA:169,12,1,9
BRDA:170,13,0,9
BRDA:170,13,1,0
BRDA:171,14,0,9
BRDA:171,14,1,9
BRDA:172,15,0,9
BRDA:172,15,1,9
BRDA:173,16,0,9
BRDA:173,16,1,9
BRDA:180,17,0,0
BRDA:180,17,1,0
BRDA:181,18,0,0
BRDA:181,18,1,0
BRDA:191,19,0,0
BRDA:191,19,1,0
BRDA:191,19,2,0
BRF:41
BRH:10
end_of_record
TN:
SF:src\modules\messages\messageSelect.ts
FNF:0
FNH:0
DA:5,1
LF:1
LH:1
BRF:0
BRH:0
end_of_record
TN:
SF:src\modules\messages\messageText.ts
FN:26,(anonymous_0)
FN:30,(anonymous_1)
FN:45,(anonymous_2)
FN:47,(anonymous_3)
FN:50,(anonymous_4)
FN:51,(anonymous_5)
FN:61,parseMessageBody
FN:108,getMessageType
FN:113,getMessageClientId
FN:118,getMessageMeta
FN:136,parseMessageText
FN:167,getMessagePreview
FN:198,buildEditedMessageBody
FNF:13
FNH:11
FNDA:85,(anonymous_0)
FNDA:27,(anonymous_1)
FNDA:226,(anonymous_2)
FNDA:18,(anonymous_3)
FNDA:3,(anonymous_4)
FNDA:3,(anonymous_5)
FNDA:43,parseMessageBody
FNDA:0,getMessageType
FNDA:14,getMessageClientId
FNDA:4,getMessageMeta
FNDA:18,parseMessageText
FNDA:7,getMessagePreview
FNDA:0,buildEditedMessageBody
DA:26,6
DA:27,85
DA:30,6
DA:31,27
DA:32,27
DA:34,27
DA:35,27
DA:36,25
DA:37,25
DA:38,25
DA:39,0
DA:41,2
DA:45,226
DA:47,6
DA:48,18
DA:49,1
DA:50,3
DA:51,3
DA:54,1
DA:55,1
DA:63,43
DA:64,43
DA:66,43
DA:67,27
DA:68,27
DA:69,4
DA:70,16
DA:71,12
DA:75,43
DA:80,43
DA:85,43
DA:90,43
DA:91,43
DA:94,43
DA:95,172
DA:96,172
DA:99,43
DA:109,0
DA:114,14
DA:119,4
DA:120,4
DA:121,4
DA:123,4
DA:124,4
DA:125,4
DA:126,4
DA:128,4
DA:137,18
DA:138,18
DA:139,18
DA:141,18
DA:143,16
DA:147,16
DA:153,18
DA:154,7
DA:155,7
DA:158,9
DA:159,18
DA:168,7
DA:169,7
DA:170,7
DA:171,7
DA:173,7
DA:174,7
DA:176,7
DA:177,1
DA:178,6
DA:179,2
DA:182,7
DA:183,7
DA:184,7
DA:186,5
DA:187,1
DA:189,4
DA:199,0
DA:200,0
DA:202,0
DA:203,0
DA:206,0
DA:207,0
DA:208,0
DA:209,0
DA:210,0
DA:214,0
DA:216,0
DA:220,0
DA:221,0
DA:224,0
DA:225,0
DA:226,0
DA:228,0
DA:230,0
DA:233,0
DA:236,0
DA:237,0
DA:240,0
DA:244,0
DA:245,0
LF:98
LH:72
BRDA:27,0,0,85
BRDA:27,0,1,42
BRDA:27,0,2,38
BRDA:32,1,0,0
BRDA:32,1,1,27
BRDA:35,2,0,2
BRDA:35,2,1,25
BRDA:35,3,0,27
BRDA:35,3,1,2
BRDA:38,4,0,23
BRDA:38,4,1,2
BRDA:45,5,0,57
BRDA:45,5,1,169
BRDA:48,6,0,17
BRDA:48,6,1,1
BRDA:50,7,0,3
BRDA:50,7,1,0
BRDA:51,8,0,3
BRDA:51,8,1,0
BRDA:54,9,0,0
BRDA:54,9,1,1
BRDA:66,10,0,27
BRDA:66,10,1,16
BRDA:68,11,0,23
BRDA:68,11,1,4
BRDA:70,12,0,12
BRDA:70,12,1,4
BRDA:75,13,0,43
BRDA:75,13,1,43
BRDA:75,13,2,25
BRDA:77,14,0,4
BRDA:77,14,1,21
BRDA:80,15,0,43
BRDA:80,15,1,19
BRDA:80,15,2,18
BRDA:80,15,3,17
BRDA:83,16,0,4
BRDA:83,16,1,13
BRDA:85,17,0,43
BRDA:85,17,1,32
BRDA:85,17,2,32
BRDA:90,18,0,0
BRDA:90,18,1,43
BRDA:90,19,0,43
BRDA:90,19,1,8
BRDA:96,20,0,0
BRDA:96,20,1,172
BRDA:96,21,0,172
BRDA:96,21,1,13
BRDA:101,22,0,43
BRDA:101,22,1,0
BRDA:109,23,0,0
BRDA:109,23,1,0
BRDA:120,24,0,4
BRDA:120,24,1,0
BRDA:123,25,0,1
BRDA:123,25,1,3
BRDA:124,26,0,1
BRDA:124,26,1,3
BRDA:125,27,0,1
BRDA:125,27,1,3
BRDA:126,28,0,0
BRDA:126,28,1,4
BRDA:138,29,0,18
BRDA:138,29,1,0
BRDA:141,30,0,2
BRDA:141,30,1,16
BRDA:147,31,0,3
BRDA:147,31,1,13
BRDA:149,32,0,5
BRDA:149,32,1,8
BRDA:153,33,0,7
BRDA:153,33,1,11
BRDA:153,34,0,18
BRDA:153,34,1,9
BRDA:153,34,2,7
BRDA:154,35,0,5
BRDA:154,35,1,2
BRDA:155,36,0,3
BRDA:155,36,1,4
BRDA:158,37,0,9
BRDA:158,37,1,0
BRDA:159,38,0,6
BRDA:159,38,1,3
BRDA:167,39,0,7
BRDA:169,40,0,7
BRDA:169,40,1,0
BRDA:176,41,0,1
BRDA:176,41,1,6
BRDA:178,42,0,2
BRDA:178,42,1,4
BRDA:178,43,0,6
BRDA:178,43,1,3
BRDA:182,44,0,0
BRDA:182,44,1,7
BRDA:184,45,0,2
BRDA:184,45,1,5
BRDA:186,46,0,1
BRDA:186,46,1,4
BRDA:186,47,0,5
BRDA:186,47,1,5
BRDA:199,48,0,0
BRDA:199,48,1,0
BRDA:206,49,0,0
BRDA:206,49,1,0
BRDA:208,50,0,0
BRDA:208,50,1,0
BRDA:210,51,0,0
BRDA:210,51,1,0
BRDA:214,52,0,0
BRDA:214,52,1,0
BRDA:214,52,2,0
BRDA:214,52,3,0
BRDA:220,53,0,0
BRDA:220,53,1,0
BRDA:220,53,2,0
BRDA:221,54,0,0
BRDA:221,54,1,0
BRDA:224,55,0,0
BRDA:224,55,1,0
BRDA:224,55,2,0
BRDA:225,56,0,0
BRDA:225,56,1,0
BRDA:225,57,0,0
BRDA:225,57,1,0
BRDA:225,57,2,0
BRDA:236,58,0,0
BRDA:236,58,1,0
BRDA:244,59,0,0
BRDA:244,59,1,0
BRF:130
BRH:86
end_of_record
TN:
SF:src\modules\messages\queryKeys.ts
FN:1,(anonymous_0)
FN:4,(anonymous_1)
FN:7,(anonymous_2)
FN:10,(anonymous_3)
FN:15,(anonymous_4)
FNF:5
FNH:2
FNDA:1,(anonymous_0)
FNDA:8,(anonymous_1)
FNDA:0,(anonymous_2)
FNDA:0,(anonymous_3)
FNDA:0,(anonymous_4)
DA:1,4
DA:2,1
DA:4,4
DA:5,8
DA:7,4
DA:8,0
DA:10,4
DA:13,0
DA:15,4
DA:16,0
LF:10
LH:7
BRDA:2,0,0,1
BRDA:2,0,1,0
BRF:2
BRH:1
end_of_record
TN:
SF:src\modules\messages\reactionSummaries.ts
FN:9,(anonymous_0)
FN:40,(anonymous_1)
FNF:2
FNH:2
FNDA:3,(anonymous_0)
FNDA:8,(anonymous_1)
DA:9,1
DA:13,3
DA:14,3
DA:16,3
DA:17,11
DA:18,11
DA:19,4
DA:20,4
DA:21,4
DA:24,11
DA:25,11
DA:26,8
DA:27,8
DA:28,8
DA:31,11
DA:32,11
DA:33,1
DA:37,3
DA:38,3
DA:39,4
DA:40,8
DA:43,3
LF:22
LH:22
BRDA:18,0,0,4
BRDA:18,0,1,7
BRDA:25,1,0,8
BRDA:25,1,1,3
BRDA:32,2,0,1
BRDA:32,2,1,10
BRDA:32,3,0,11
BRDA:32,3,1,3
BRDA:39,4,0,4
BRDA:39,4,1,0
BRF:10
BRH:9
end_of_record
TN:
SF:src\modules\messages\realtimeGuards.ts
FN:3,(anonymous_0)
FN:10,(anonymous_1)
FN:14,(anonymous_2)
FN:18,(anonymous_3)
FN:24,(anonymous_4)
FNF:5
FNH:5
FNDA:13,(anonymous_0)
FNDA:7,(anonymous_1)
FNDA:4,(anonymous_2)
FNDA:13,(anonymous_3)
FNDA:5,(anonymous_4)
DA:3,2
DA:4,13
DA:10,2
DA:12,7
DA:14,2
DA:16,4
DA:18,2
DA:19,13
DA:20,11
DA:21,11
DA:24,2
DA:25,5
LF:12
LH:12
BRDA:4,0,0,13
BRDA:4,0,1,12
BRDA:19,1,0,2
BRDA:19,1,1,11
BRDA:21,2,0,10
BRDA:21,2,1,1
BRF:6
BRH:6
end_of_record
TN:
SF:src\modules\messages\realtimeListUpdaters.ts
FN:37,(anonymous_0)
FN:43,(anonymous_1)
FN:56,(anonymous_2)
FN:80,(anonymous_3)
FN:83,(anonymous_4)
FN:94,(anonymous_5)
FNF:6
FNH:6
FNDA:2,(anonymous_0)
FNDA:3,(anonymous_1)
FNDA:2,(anonymous_2)
FNDA:1,(anonymous_3)
FNDA:2,(anonymous_4)
FNDA:1,(anonymous_5)
DA:37,1
DA:43,2
DA:44,3
DA:45,3
DA:46,2
DA:48,2
DA:51,3
DA:53,2
DA:54,2
DA:56,2
DA:80,1
DA:83,1
DA:84,2
DA:85,2
DA:87,2
DA:88,1
DA:89,1
DA:91,1
DA:94,1
LF:19
LH:19
BRDA:45,0,0,1
BRDA:45,0,1,2
BRDA:46,1,0,0
BRDA:46,1,1,2
BRDA:46,2,0,2
BRDA:46,2,1,0
BRDA:48,3,0,0
BRDA:48,3,1,2
BRDA:51,4,0,0
BRDA:51,4,1,3
BRDA:85,5,0,0
BRDA:85,5,1,2
BRDA:87,6,0,1
BRDA:87,6,1,1
BRDA:88,7,0,1
BRDA:88,7,1,0
BRF:16
BRH:10
end_of_record
TN:
SF:src\modules\messages\time.ts
FN:8,(anonymous_0)
FNF:1
FNH:1
FNDA:4,(anonymous_0)
DA:8,4
DA:9,4
DA:10,4
LF:3
LH:3
BRDA:8,0,0,4
BRDA:9,1,0,4
BRDA:9,1,1,0
BRDA:10,2,0,0
BRDA:10,2,1,4
BRF:5
BRH:3
end_of_record
TN:
SF:src\modules\messages\useBlockStatus.ts
FN:15,fetchBlockStatus
FN:33,(anonymous_1)
FN:36,(anonymous_2)
FN:56,(anonymous_3)
FN:67,(anonymous_4)
FN:83,(anonymous_5)
FN:102,(anonymous_6)
FN:108,(anonymous_7)
FN:124,(anonymous_8)
FNF:9
FNH:3
FNDA:4,fetchBlockStatus
FNDA:2,(anonymous_1)
FNDA:2,(anonymous_2)
FNDA:0,(anonymous_3)
FNDA:0,(anonymous_4)
FNDA:0,(anonymous_5)
FNDA:0,(anonymous_6)
FNDA:0,(anonymous_7)
FNDA:0,(anonymous_8)
DA:20,4
DA:27,4
DA:28,1
DA:31,3
DA:32,4
DA:33,2
DA:35,4
DA:36,2
DA:39,4
DA:56,1
DA:57,0
DA:58,0
DA:59,0
DA:61,0
DA:63,0
DA:68,0
DA:69,0
DA:72,0
DA:73,0
DA:75,0
DA:76,0
DA:77,0
DA:82,0
DA:84,0
DA:85,0
DA:88,0
DA:97,0
DA:98,0
DA:99,0
DA:103,0
DA:107,0
DA:109,0
DA:110,0
DA:113,0
DA:119,0
DA:120,0
DA:121,0
DA:125,0
DA:129,0
DA:130,0
DA:131,0
DA:132,0
DA:134,0
LF:43
LH:10
BRDA:27,0,0,1
BRDA:27,0,1,3
BRDA:31,1,0,3
BRDA:31,1,1,0
BRDA:33,2,0,2
BRDA:33,2,1,1
BRDA:36,3,0,2
BRDA:36,3,1,1
BRDA:58,4,0,0
BRDA:58,4,1,0
BRDA:65,5,0,0
BRDA:65,5,1,0
BRDA:65,5,2,0
BRDA:68,6,0,0
BRDA:68,6,1,0
BRDA:68,7,0,0
BRDA:68,7,1,0
BRDA:68,7,2,0
BRDA:77,8,0,0
BRDA:77,8,1,0
BRDA:84,9,0,0
BRDA:84,9,1,0
BRDA:84,10,0,0
BRDA:84,10,1,0
BRDA:97,11,0,0
BRDA:97,11,1,0
BRDA:109,12,0,0
BRDA:109,12,1,0
BRDA:109,13,0,0
BRDA:109,13,1,0
BRDA:119,14,0,0
BRDA:119,14,1,0
BRDA:129,15,0,0
BRDA:129,15,1,0
BRDA:130,16,0,0
BRDA:130,16,1,0
BRDA:131,17,0,0
BRDA:131,17,1,0
BRDA:132,18,0,0
BRDA:132,18,1,0
BRDA:138,19,0,0
BRDA:138,19,1,0
BRDA:140,20,0,0
BRDA:140,20,1,0
BRF:44
BRH:7
end_of_record
TN:
SF:src\modules\messages\useConversations.ts
FN:79,(anonymous_0)
FN:112,(anonymous_1)
FN:114,(anonymous_2)
FN:116,(anonymous_3)
FN:118,(anonymous_4)
FN:127,(anonymous_5)
FN:128,(anonymous_6)
FN:140,(anonymous_7)
FN:181,(anonymous_8)
FN:199,(anonymous_9)
FN:213,(anonymous_10)
FN:230,(anonymous_11)
FN:236,(anonymous_12)
FN:245,(anonymous_13)
FN:257,(anonymous_14)
FN:258,(anonymous_15)
FN:267,(anonymous_16)
FN:272,(anonymous_17)
FN:274,(anonymous_18)
FN:281,(anonymous_19)
FN:290,(anonymous_20)
FN:293,(anonymous_21)
FNF:22
FNH:0
FNDA:0,(anonymous_0)
FNDA:0,(anonymous_1)
FNDA:0,(anonymous_2)
FNDA:0,(anonymous_3)
FNDA:0,(anonymous_4)
FNDA:0,(anonymous_5)
FNDA:0,(anonymous_6)
FNDA:0,(anonymous_7)
FNDA:0,(anonymous_8)
FNDA:0,(anonymous_9)
FNDA:0,(anonymous_10)
FNDA:0,(anonymous_11)
FNDA:0,(anonymous_12)
FNDA:0,(anonymous_13)
FNDA:0,(anonymous_14)
FNDA:0,(anonymous_15)
FNDA:0,(anonymous_16)
FNDA:0,(anonymous_17)
FNDA:0,(anonymous_18)
FNDA:0,(anonymous_19)
FNDA:0,(anonymous_20)
FNDA:0,(anonymous_21)
DA:79,2
DA:84,0
DA:85,0
DA:88,0
DA:91,0
DA:92,0
DA:93,0
DA:96,0
DA:97,0
DA:98,0
DA:100,0
DA:102,0
DA:109,0
DA:112,0
DA:114,0
DA:116,0
DA:118,0
DA:119,0
DA:123,0
DA:127,0
DA:128,0
DA:129,0
DA:134,0
DA:135,0
DA:140,0
DA:143,0
DA:145,0
DA:146,0
DA:148,0
DA:156,0
DA:161,0
DA:162,0
DA:164,0
DA:165,0
DA:168,0
DA:176,0
DA:178,0
DA:180,0
DA:181,0
DA:183,0
DA:184,0
DA:185,0
DA:186,0
DA:187,0
DA:188,0
DA:189,0
DA:194,0
DA:199,0
DA:214,0
DA:215,0
DA:216,0
DA:218,0
DA:220,0
DA:222,0
DA:225,0
DA:228,0
DA:231,0
DA:232,0
DA:233,0
DA:234,0
DA:237,0
DA:238,0
DA:239,0
DA:240,0
DA:245,0
DA:246,0
DA:247,0
DA:248,0
DA:249,0
DA:250,0
DA:251,0
DA:256,0
DA:257,0
DA:258,0
DA:259,0
DA:263,0
DA:265,0
DA:266,0
DA:268,0
DA:272,0
DA:274,0
DA:281,2
DA:282,0
DA:283,0
DA:285,0
DA:290,0
DA:294,0
DA:295,0
LF:88
LH:2
BRDA:91,0,0,0
BRDA:91,0,1,0
BRDA:96,1,0,0
BRDA:96,1,1,0
BRDA:100,2,0,0
BRDA:100,2,1,0
BRDA:102,3,0,0
BRDA:102,3,1,0
BRDA:112,4,0,0
BRDA:112,4,1,0
BRDA:114,5,0,0
BRDA:114,5,1,0
BRDA:116,6,0,0
BRDA:116,6,1,0
BRDA:119,7,0,0
BRDA:119,7,1,0
BRDA:123,8,0,0
BRDA:123,8,1,0
BRDA:134,9,0,0
BRDA:134,9,1,0
BRDA:136,10,0,0
BRDA:136,10,1,0
BRDA:137,11,0,0
BRDA:137,11,1,0
BRDA:140,12,0,0
BRDA:140,12,1,0
BRDA:140,12,2,0
BRDA:143,13,0,0
BRDA:143,13,1,0
BRDA:145,14,0,0
BRDA:145,14,1,0
BRDA:147,15,0,0
BRDA:147,15,1,0
BRDA:147,15,2,0
BRDA:147,15,3,0
BRDA:149,16,0,0
BRDA:149,16,1,0
BRDA:151,17,0,0
BRDA:151,17,1,0
BRDA:151,18,0,0
BRDA:151,18,1,0
BRDA:156,19,0,0
BRDA:156,19,1,0
BRDA:161,20,0,0
BRDA:161,20,1,0
BRDA:161,20,2,0
BRDA:161,20,3,0
BRDA:164,21,0,0
BRDA:164,21,1,0
BRDA:165,22,0,0
BRDA:165,22,1,0
BRDA:168,23,0,0
BRDA:168,23,1,0
BRDA:170,24,0,0
BRDA:170,24,1,0
BRDA:170,24,2,0
BRDA:170,24,3,0
BRDA:170,24,4,0
BRDA:170,24,5,0
BRDA:180,25,0,0
BRDA:180,25,1,0
BRDA:180,26,0,0
BRDA:180,26,1,0
BRDA:180,26,2,0
BRDA:180,26,3,0
BRDA:183,27,0,0
BRDA:183,27,1,0
BRDA:185,28,0,0
BRDA:185,28,1,0
BRDA:188,29,0,0
BRDA:188,29,1,0
BRDA:188,30,0,0
BRDA:188,30,1,0
BRDA:188,30,2,0
BRDA:201,31,0,0
BRDA:201,31,1,0
BRDA:201,31,2,0
BRDA:206,32,0,0
BRDA:206,32,1,0
BRDA:208,33,0,0
BRDA:208,33,1,0
BRDA:214,34,0,0
BRDA:214,34,1,0
BRDA:215,35,0,0
BRDA:215,35,1,0
BRDA:216,36,0,0
BRDA:216,36,1,0
BRDA:218,37,0,0
BRDA:218,37,1,0
BRDA:218,37,2,0
BRDA:220,38,0,0
BRDA:220,38,1,0
BRDA:222,39,0,0
BRDA:222,39,1,0
BRDA:225,40,0,0
BRDA:225,40,1,0
BRDA:225,41,0,0
BRDA:225,41,1,0
BRDA:231,42,0,0
BRDA:231,42,1,0
BRDA:232,43,0,0
BRDA:232,43,1,0
BRDA:233,44,0,0
BRDA:233,44,1,0
BRDA:234,45,0,0
BRDA:234,45,1,0
BRDA:234,46,0,0
BRDA:234,46,1,0
BRDA:237,47,0,0
BRDA:237,47,1,0
BRDA:240,48,0,0
BRDA:240,48,1,0
BRDA:240,49,0,0
BRDA:240,49,1,0
BRDA:246,50,0,0
BRDA:246,50,1,0
BRDA:247,51,0,0
BRDA:247,51,1,0
BRDA:248,52,0,0
BRDA:248,52,1,0
BRDA:249,53,0,0
BRDA:249,53,1,0
BRDA:250,54,0,0
BRDA:250,54,1,0
BRDA:259,55,0,0
BRDA:259,55,1,0
BRDA:263,56,0,0
BRDA:263,56,1,0
BRDA:276,57,0,0
BRDA:276,57,1,0
BRDA:276,58,0,0
BRDA:276,58,1,0
BRDA:283,59,0,0
BRDA:283,59,1,0
BRDA:290,60,0,0
BRDA:290,60,1,0
BRDA:290,61,0,0
BRDA:290,61,1,0
BRDA:294,62,0,0
BRDA:294,62,1,0
BRF:140
BRH:0
end_of_record
TN:
SF:src\modules\messages\useRealtimePollFallback.ts
FN:7,(anonymous_0)
FN:13,(anonymous_1)
FN:17,(anonymous_2)
FN:23,(anonymous_3)
FN:25,(anonymous_4)
FNF:5
FNH:5
FNDA:6,(anonymous_0)
FNDA:9,(anonymous_1)
FNDA:3,(anonymous_2)
FNDA:6,(anonymous_3)
FNDA:6,(anonymous_4)
DA:5,1
DA:7,6
DA:13,1
DA:14,9
DA:16,9
DA:17,9
DA:18,3
DA:19,1
DA:20,1
DA:23,9
DA:24,6
DA:25,6
DA:28,9
LF:13
LH:13
BRDA:18,0,0,2
BRDA:18,0,1,1
BRDA:25,1,0,2
BRDA:25,1,1,4
BRF:4
BRH:4
end_of_record
TN:
SF:src\modules\messages\useSendMessage.ts
FN:37,(anonymous_0)
FN:55,(anonymous_1)
FN:68,(anonymous_2)
FN:136,(anonymous_3)
FN:191,(anonymous_4)
FN:207,(anonymous_5)
FN:217,(anonymous_6)
FN:226,(anonymous_7)
FN:244,(anonymous_8)
FN:253,(anonymous_9)
FNF:10
FNH:9
FNDA:6,(anonymous_0)
FNDA:8,(anonymous_1)
FNDA:3,(anonymous_2)
FNDA:4,(anonymous_3)
FNDA:3,(anonymous_4)
FNDA:3,(anonymous_5)
FNDA:3,(anonymous_6)
FNDA:1,(anonymous_7)
FNDA:1,(anonymous_8)
FNDA:0,(anonymous_9)
DA:37,1
DA:38,6
DA:40,6
DA:41,1
DA:44,5
DA:45,0
DA:48,5
DA:49,0
DA:52,5
DA:55,1
DA:63,8
DA:64,8
DA:65,8
DA:67,8
DA:69,3
DA:70,3
DA:72,3
DA:73,3
DA:75,3
DA:76,0
DA:79,3
DA:80,1
DA:84,2
DA:86,3
DA:87,3
DA:88,0
DA:91,2
DA:108,2
DA:109,1
DA:110,1
DA:113,1
DA:114,0
DA:117,1
DA:118,0
DA:121,1
DA:134,3
DA:137,4
DA:139,4
DA:141,4
DA:144,4
DA:146,4
DA:151,4
DA:152,1
DA:155,3
DA:157,3
DA:161,4
DA:168,4
DA:169,4
DA:171,4
DA:172,4
DA:173,4
DA:174,4
DA:175,4
DA:177,4
DA:187,4
DA:189,3
DA:191,3
DA:192,3
DA:195,3
DA:208,3
DA:209,3
DA:211,3
DA:215,3
DA:217,3
DA:218,3
DA:219,2
DA:222,3
DA:223,0
DA:227,1
DA:228,1
DA:229,1
DA:235,1
DA:236,1
DA:237,0
DA:238,0
DA:239,0
DA:240,0
DA:244,1
DA:245,1
DA:249,1
DA:253,0
DA:265,1
DA:266,0
LF:83
LH:70
BRDA:40,0,0,1
BRDA:40,0,1,5
BRDA:40,1,0,6
BRDA:40,1,1,6
BRDA:44,2,0,0
BRDA:44,2,1,5
BRDA:44,3,0,5
BRDA:44,3,1,0
BRDA:48,4,0,0
BRDA:48,4,1,5
BRDA:64,5,0,8
BRDA:64,5,1,0
BRDA:69,6,0,0
BRDA:69,6,1,3
BRDA:70,7,0,0
BRDA:70,7,1,3
BRDA:72,8,0,3
BRDA:72,8,1,0
BRDA:75,9,0,0
BRDA:75,9,1,3
BRDA:79,10,0,1
BRDA:79,10,1,2
BRDA:84,11,0,2
BRDA:84,11,1,0
BRDA:86,12,0,3
BRDA:86,12,1,2
BRDA:87,13,0,0
BRDA:87,13,1,3
BRDA:100,14,0,2
BRDA:100,14,1,0
BRDA:101,15,0,3
BRDA:101,15,1,0
BRDA:103,16,0,3
BRDA:103,16,1,2
BRDA:108,17,0,1
BRDA:108,17,1,1
BRDA:113,18,0,0
BRDA:113,18,1,1
BRDA:117,19,0,0
BRDA:117,19,1,1
BRDA:117,20,0,1
BRDA:117,20,1,1
BRDA:126,21,0,1
BRDA:126,21,1,0
BRDA:127,22,0,3
BRDA:127,22,1,1
BRDA:129,23,0,3
BRDA:129,23,1,1
BRDA:137,24,0,0
BRDA:137,24,1,4
BRDA:137,25,0,4
BRDA:137,25,1,4
BRDA:141,26,0,4
BRDA:141,26,1,4
BRDA:148,27,0,4
BRDA:148,27,1,4
BRDA:151,28,0,1
BRDA:151,28,1,3
BRDA:157,29,0,0
BRDA:157,29,1,3
BRDA:157,30,0,3
BRDA:157,30,1,0
BRDA:171,31,0,0
BRDA:171,31,1,3
BRDA:171,32,0,4
BRDA:171,32,1,0
BRDA:172,33,0,0
BRDA:172,33,1,3
BRDA:174,34,0,0
BRDA:174,34,1,3
BRDA:182,35,0,4
BRDA:182,35,1,3
BRDA:202,36,0,3
BRDA:202,36,1,3
BRDA:209,37,0,0
BRDA:209,37,1,3
BRDA:211,38,0,3
BRDA:211,38,1,1
BRDA:218,39,0,1
BRDA:218,39,1,2
BRDA:218,40,0,1
BRDA:218,40,1,1
BRDA:219,41,0,2
BRDA:219,41,1,2
BRDA:222,42,0,0
BRDA:222,42,1,3
BRDA:222,43,0,3
BRDA:222,43,1,2
BRDA:222,43,2,2
BRDA:227,44,0,0
BRDA:227,44,1,1
BRDA:235,45,0,1
BRDA:235,45,1,0
BRDA:236,46,0,0
BRDA:236,46,1,1
BRDA:236,47,0,1
BRDA:236,47,1,1
BRDA:239,48,0,0
BRDA:239,48,1,0
BRDA:239,49,0,0
BRDA:239,49,1,0
BRDA:239,49,2,0
BRDA:255,50,0,0
BRDA:255,50,1,0
BRDA:256,51,0,0
BRDA:256,51,1,0
BRDA:257,52,0,0
BRDA:257,52,1,0
BRDA:265,53,0,0
BRDA:265,53,1,1
BRDA:266,54,0,0
BRDA:266,54,1,0
BRF:112
BRH:71
end_of_record
TN:
SF:src\modules\messages\components\ChatImage.tsx
FN:13,(anonymous_0)
FN:23,(anonymous_1)
FN:28,(anonymous_2)
FN:29,(anonymous_3)
FN:34,(anonymous_4)
FN:45,(anonymous_5)
FN:52,(anonymous_6)
FN:57,(anonymous_7)
FN:81,(anonymous_8)
FN:100,(anonymous_9)
FN:104,(anonymous_10)
FN:112,(anonymous_11)
FN:116,(anonymous_12)
FN:123,(anonymous_13)
FN:131,(anonymous_14)
FN:142,(anonymous_15)
FN:193,(anonymous_16)
FN:195,ImageViewerDialog
FN:211,(anonymous_18)
FN:216,(anonymous_19)
FN:240,(anonymous_20)
FN:257,(anonymous_21)
FN:257,(anonymous_22)
FN:265,(anonymous_23)
FN:265,(anonymous_24)
FN:283,(anonymous_25)
FN:293,(anonymous_26)
FN:300,(anonymous_27)
FN:301,(anonymous_28)
FN:304,(anonymous_29)
FN:312,(anonymous_30)
FN:318,(anonymous_31)
FN:322,(anonymous_32)
FNF:33
FNH:12
FNDA:18,(anonymous_0)
FNDA:8,(anonymous_1)
FNDA:7,(anonymous_2)
FNDA:7,(anonymous_3)
FNDA:8,(anonymous_4)
FNDA:0,(anonymous_5)
FNDA:2,(anonymous_6)
FNDA:6,(anonymous_7)
FNDA:6,(anonymous_8)
FNDA:0,(anonymous_9)
FNDA:0,(anonymous_10)
FNDA:0,(anonymous_11)
FNDA:0,(anonymous_12)
FNDA:0,(anonymous_13)
FNDA:0,(anonymous_14)
FNDA:2,(anonymous_15)
FNDA:0,(anonymous_16)
FNDA:10,ImageViewerDialog
FNDA:5,(anonymous_18)
FNDA:5,(anonymous_19)
FNDA:0,(anonymous_20)
FNDA:0,(anonymous_21)
FNDA:0,(anonymous_22)
FNDA:0,(anonymous_23)
FNDA:0,(anonymous_24)
FNDA:0,(anonymous_25)
FNDA:0,(anonymous_26)
FNDA:0,(anonymous_27)
FNDA:0,(anonymous_28)
FNDA:0,(anonymous_29)
FNDA:0,(anonymous_30)
FNDA:0,(anonymous_31)
FNDA:0,(anonymous_32)
DA:13,1
DA:14,18
DA:15,18
DA:16,18
DA:17,18
DA:18,18
DA:19,18
DA:20,18
DA:21,18
DA:23,18
DA:25,8
DA:28,18
DA:29,7
DA:30,7
DA:34,18
DA:35,8
DA:37,8
DA:38,8
DA:40,8
DA:41,8
DA:43,8
DA:44,0
DA:45,0
DA:46,0
DA:50,8
DA:51,2
DA:52,2
DA:53,2
DA:57,6
DA:58,6
DA:59,6
DA:66,5
DA:68,5
DA:69,1
DA:70,1
DA:73,4
DA:75,1
DA:76,1
DA:81,6
DA:82,6
DA:86,18
DA:90,13
DA:101,0
DA:102,0
DA:105,0
DA:106,0
DA:109,0
DA:110,0
DA:113,0
DA:114,0
DA:118,0
DA:119,0
DA:120,0
DA:121,0
DA:124,0
DA:125,0
DA:126,0
DA:127,0
DA:128,0
DA:133,0
DA:143,2
DA:146,2
DA:147,1
DA:148,1
DA:151,1
DA:153,1
DA:154,1
DA:155,0
DA:156,0
DA:160,1
DA:161,0
DA:162,0
DA:164,1
DA:166,1
DA:172,1
DA:173,1
DA:174,1
DA:177,0
DA:178,0
DA:180,0
DA:181,0
DA:193,1
DA:204,10
DA:205,10
DA:206,10
DA:207,10
DA:208,10
DA:209,10
DA:211,10
DA:212,5
DA:213,5
DA:216,10
DA:217,5
DA:218,5
DA:241,0
DA:242,0
DA:257,0
DA:265,0
DA:283,0
DA:294,0
DA:295,0
DA:296,0
DA:297,0
DA:298,0
DA:301,0
DA:302,0
DA:305,0
DA:306,0
DA:307,0
DA:308,0
DA:309,0
DA:310,0
DA:313,0
DA:314,0
DA:315,0
DA:316,0
DA:319,0
DA:320,0
DA:323,0
DA:324,0
LF:120
LH:65
BRDA:37,0,0,8
BRDA:37,0,1,0
BRDA:43,1,0,0
BRDA:43,1,1,8
BRDA:50,2,0,2
BRDA:50,2,1,6
BRDA:66,3,0,0
BRDA:66,3,1,5
BRDA:66,4,0,5
BRDA:66,4,1,5
BRDA:66,4,2,5
BRDA:68,5,0,1
BRDA:68,5,1,4
BRDA:75,6,0,1
BRDA:75,6,1,0
BRDA:75,7,0,1
BRDA:75,7,1,1
BRDA:75,7,2,1
BRDA:86,8,0,5
BRDA:86,8,1,13
BRDA:90,9,0,8
BRDA:90,9,1,5
BRDA:98,10,0,5
BRDA:98,10,1,0
BRDA:99,11,0,5
BRDA:99,11,1,0
BRDA:105,12,0,0
BRDA:105,12,1,0
BRDA:119,13,0,0
BRDA:119,13,1,0
BRDA:120,14,0,0
BRDA:120,14,1,0
BRDA:124,15,0,0
BRDA:124,15,1,0
BRDA:125,16,0,0
BRDA:125,16,1,0
BRDA:125,17,0,0
BRDA:125,17,1,0
BRDA:143,18,0,0
BRDA:143,18,1,2
BRDA:143,19,0,2
BRDA:143,19,1,2
BRDA:146,20,0,1
BRDA:146,20,1,1
BRDA:154,21,0,0
BRDA:154,21,1,1
BRDA:154,22,0,1
BRDA:154,22,1,0
BRDA:160,23,0,0
BRDA:160,23,1,1
BRDA:172,24,0,1
BRDA:172,24,1,0
BRDA:172,25,0,1
BRDA:172,25,1,1
BRDA:177,26,0,0
BRDA:177,26,1,0
BRDA:177,27,0,0
BRDA:177,27,1,0
BRDA:180,28,0,0
BRDA:180,28,1,0
BRDA:180,29,0,0
BRDA:180,29,1,0
BRDA:217,30,0,5
BRDA:217,30,1,0
BRDA:294,31,0,0
BRDA:294,31,1,0
BRDA:301,32,0,0
BRDA:301,32,1,0
BRDA:305,33,0,0
BRDA:305,33,1,0
BRDA:313,34,0,0
BRDA:313,34,1,0
BRDA:335,35,0,0
BRDA:335,35,1,10
BRDA:336,36,0,0
BRDA:336,36,1,10
BRF:76
BRH:34
end_of_record
TN:
SF:src\modules\profile\resolveAvatarUrl.ts
FN:12,(anonymous_0)
FN:16,(anonymous_1)
FN:18,(anonymous_2)
FN:39,resolveAvatarUrl
FN:56,(anonymous_4)
FNF:5
FNH:0
FNDA:0,(anonymous_0)
FNDA:0,(anonymous_1)
FNDA:0,(anonymous_2)
FNDA:0,resolveAvatarUrl
FNDA:0,(anonymous_4)
DA:11,2
DA:12,2
DA:13,2
DA:14,2
DA:16,2
DA:18,2
DA:19,0
DA:20,0
DA:21,0
DA:27,0
DA:40,0
DA:42,0
DA:43,0
DA:46,0
DA:47,0
DA:48,0
DA:49,0
DA:52,0
DA:53,0
DA:56,0
DA:57,0
DA:61,0
DA:62,0
DA:64,0
DA:67,0
DA:69,0
DA:70,0
DA:71,0
DA:72,0
DA:73,0
DA:75,0
DA:76,0
LF:32
LH:6
BRDA:22,0,0,0
BRDA:22,0,1,0
BRDA:22,0,2,0
BRDA:40,1,0,0
BRDA:40,1,1,0
BRDA:42,2,0,0
BRDA:42,2,1,0
BRDA:43,3,0,0
BRDA:43,3,1,0
BRDA:48,4,0,0
BRDA:48,4,1,0
BRDA:48,5,0,0
BRDA:48,5,1,0
BRDA:52,6,0,0
BRDA:52,6,1,0
BRDA:61,7,0,0
BRDA:61,7,1,0
BRDA:61,8,0,0
BRDA:61,8,1,0
BRF:19
BRH:0
end_of_record
TN:
SF:src\modules\search\search.service.ts
FN:35,(anonymous_0)
FN:40,(anonymous_1)
FN:62,(anonymous_2)
FN:71,(anonymous_3)
FN:201,(anonymous_4)
FN:235,(anonymous_5)
FN:271,(anonymous_6)
FN:280,(anonymous_7)
FN:282,(anonymous_8)
FN:306,(anonymous_9)
FN:319,(anonymous_10)
FN:356,(anonymous_11)
FNF:12
FNH:12
FNDA:11,(anonymous_0)
FNDA:3,(anonymous_1)
FNDA:2,(anonymous_2)
FNDA:2,(anonymous_3)
FNDA:2,(anonymous_4)
FNDA:3,(anonymous_5)
FNDA:4,(anonymous_6)
FNDA:3,(anonymous_7)
FNDA:3,(anonymous_8)
FNDA:2,(anonymous_9)
FNDA:3,(anonymous_10)
FNDA:3,(anonymous_11)
DA:35,1
DA:36,11
DA:37,0
DA:40,1
DA:41,3
DA:43,3
DA:59,1
DA:60,1
DA:62,1
DA:63,2
DA:64,2
DA:65,2
DA:67,0
DA:71,1
DA:77,2
DA:81,2
DA:82,2
DA:97,2
DA:98,2
DA:99,2
DA:105,0
DA:108,0
DA:132,0
DA:134,0
DA:136,0
DA:138,0
DA:139,0
DA:142,0
DA:143,0
DA:149,0
DA:150,0
DA:153,0
DA:154,0
DA:157,0
DA:158,2
DA:159,2
DA:160,0
DA:161,0
DA:162,0
DA:163,0
DA:164,0
DA:165,0
DA:166,0
DA:167,0
DA:168,0
DA:169,0
DA:172,0
DA:173,0
DA:177,0
DA:178,0
DA:181,0
DA:186,0
DA:188,0
DA:189,0
DA:192,0
DA:194,0
DA:195,2
DA:196,2
DA:198,2
DA:201,1
DA:207,2
DA:208,2
DA:211,2
DA:217,2
DA:219,2
DA:220,2
DA:222,2
DA:223,2
DA:224,2
DA:225,2
DA:227,0
DA:232,2
DA:233,2
DA:234,2
DA:235,3
DA:241,2
DA:242,0
DA:243,0
DA:245,0
DA:248,2
DA:254,2
DA:255,2
DA:256,0
DA:259,2
DA:260,2
DA:262,2
DA:263,3
DA:264,3
DA:266,3
DA:267,0
DA:271,2
DA:272,4
DA:273,3
DA:274,3
DA:277,2
DA:278,2
DA:279,2
DA:280,3
DA:282,3
DA:288,2
DA:289,2
DA:290,2
DA:305,2
DA:306,2
DA:307,2
DA:308,1
DA:309,1
DA:313,0
DA:318,2
DA:320,3
DA:322,3
DA:323,3
DA:325,3
DA:330,3
DA:332,3
DA:333,3
DA:335,3
DA:336,0
DA:339,3
DA:356,3
DA:358,2
LF:121
LH:77
BRDA:36,0,0,0
BRDA:36,0,1,11
BRDA:37,1,0,0
BRDA:37,1,1,0
BRDA:49,2,0,3
BRDA:49,2,1,3
BRDA:92,3,0,2
BRDA:92,3,1,2
BRDA:97,4,0,2
BRDA:97,4,1,0
BRDA:97,5,0,2
BRDA:97,5,1,2
BRDA:138,6,0,0
BRDA:138,6,1,0
BRDA:142,7,0,0
BRDA:142,7,1,0
BRDA:149,8,0,0
BRDA:149,8,1,0
BRDA:149,9,0,0
BRDA:149,9,1,0
BRDA:150,10,0,0
BRDA:150,10,1,0
BRDA:153,11,0,0
BRDA:153,11,1,0
BRDA:159,12,0,0
BRDA:159,12,1,2
BRDA:159,13,0,2
BRDA:159,13,1,0
BRDA:160,14,0,0
BRDA:160,14,1,0
BRDA:161,15,0,0
BRDA:161,15,1,0
BRDA:164,16,0,0
BRDA:164,16,1,0
BRDA:164,17,0,0
BRDA:164,17,1,0
BRDA:166,18,0,0
BRDA:166,18,1,0
BRDA:168,19,0,0
BRDA:168,19,1,0
BRDA:172,20,0,0
BRDA:172,20,1,0
BRDA:177,21,0,0
BRDA:177,21,1,0
BRDA:188,22,0,0
BRDA:188,22,1,0
BRDA:194,23,0,0
BRDA:194,23,1,0
BRDA:195,24,0,0
BRDA:195,24,1,0
BRDA:196,25,0,0
BRDA:196,25,1,0
BRDA:207,26,0,2
BRDA:211,27,0,2
BRDA:211,27,1,0
BRDA:211,27,2,2
BRDA:211,27,3,2
BRDA:211,27,4,2
BRDA:211,27,5,2
BRDA:232,28,0,2
BRDA:232,28,1,0
BRDA:233,29,0,2
BRDA:233,29,1,0
BRDA:235,30,0,3
BRDA:235,30,1,3
BRDA:235,30,2,0
BRDA:241,31,0,0
BRDA:241,31,1,2
BRDA:242,32,0,0
BRDA:242,32,1,0
BRDA:255,33,0,0
BRDA:255,33,1,2
BRDA:255,34,0,2
BRDA:255,34,1,0
BRDA:263,35,0,3
BRDA:263,35,1,0
BRDA:266,36,0,0
BRDA:266,36,1,3
BRDA:272,37,0,1
BRDA:272,37,1,3
BRDA:272,38,0,4
BRDA:272,38,1,4
BRDA:273,39,0,0
BRDA:273,39,1,3
BRDA:273,40,0,3
BRDA:273,40,1,0
BRDA:278,41,0,2
BRDA:278,41,1,0
BRDA:278,42,0,2
BRDA:278,42,1,2
BRDA:283,43,0,3
BRDA:283,43,1,0
BRDA:284,44,0,3
BRDA:284,44,1,3
BRDA:285,45,0,1
BRDA:285,45,1,2
BRDA:288,46,0,2
BRDA:288,46,1,0
BRDA:305,47,0,2
BRDA:305,47,1,0
BRDA:305,48,0,2
BRDA:305,48,1,2
BRDA:307,49,0,1
BRDA:307,49,1,1
BRDA:307,50,0,2
BRDA:307,50,1,1
BRDA:307,50,2,1
BRDA:322,51,0,1
BRDA:322,51,1,2
BRDA:323,52,0,3
BRDA:323,52,1,0
BRDA:325,53,0,1
BRDA:325,53,1,2
BRDA:325,54,0,3
BRDA:325,54,1,3
BRDA:327,55,0,2
BRDA:327,55,1,0
BRDA:328,56,0,0
BRDA:328,56,1,2
BRDA:330,57,0,3
BRDA:330,57,1,1
BRDA:332,58,0,3
BRDA:332,58,1,0
BRDA:335,59,0,0
BRDA:335,59,1,3
BRDA:342,60,0,3
BRDA:342,60,1,0
BRDA:344,61,0,1
BRDA:344,61,1,2
BRDA:350,62,0,3
BRDA:350,62,1,3
BRDA:360,63,0,2
BRDA:360,63,1,2
BRF:133
BRH:68
end_of_record
TN:
SF:src\modules\swipe\eventQueue.ts
FN:8,safeParse
FN:19,loadQueuedEvents
FN:23,enqueueSwipeEvent
FN:32,removeQueuedEvents
FN:35,(anonymous_4)
FNF:5
FNH:0
FNDA:0,safeParse
FNDA:0,loadQueuedEvents
FNDA:0,enqueueSwipeEvent
FNDA:0,removeQueuedEvents
FNDA:0,(anonymous_4)
DA:4,3
DA:9,0
DA:10,0
DA:11,0
DA:12,0
DA:13,0
DA:15,0
DA:20,0
DA:24,0
DA:25,0
DA:28,0
DA:29,0
DA:33,0
DA:34,0
DA:35,0
DA:36,0
LF:16
LH:1
BRDA:9,0,0,0
BRDA:9,0,1,0
BRDA:12,1,0,0
BRDA:12,1,1,0
BRDA:33,2,0,0
BRDA:33,2,1,0
BRDA:35,3,0,0
BRDA:35,3,1,0
BRF:8
BRH:0
end_of_record
TN:
SF:src\modules\swipe\mediaSwipeApi.ts
FN:131,uuidv4Fallback
FN:134,(anonymous_1)
FN:141,isUuidLike
FN:145,getOrCreateMediaSwipeSessionId
FN:165,resetMediaSwipeSessionId
FN:172,normalizeMediaEventSource
FN:198,deckSeedStorageKey
FN:210,getOrCreateSwipeDeckSeedForMode
FN:241,rotateSwipeDeckSeedForMode
FN:267,timeout
FN:268,(anonymous_10)
FN:269,(anonymous_11)
FN:270,(anonymous_12)
FN:273,(anonymous_13)
FN:280,ensureClientEventId
FN:287,fetchMediaSwipeDeck
FN:301,(anonymous_16)
FN:347,normalizeEventType
FN:351,sendMediaSwipeEventsBatch
FN:358,(anonymous_19)
FN:374,sendMediaSwipeEvent
FN:410,sendOnboardingInitialLikes
FNF:22
FNH:0
FNDA:0,uuidv4Fallback
FNDA:0,(anonymous_1)
FNDA:0,isUuidLike
FNDA:0,getOrCreateMediaSwipeSessionId
FNDA:0,resetMediaSwipeSessionId
FNDA:0,normalizeMediaEventSource
FNDA:0,deckSeedStorageKey
FNDA:0,getOrCreateSwipeDeckSeedForMode
FNDA:0,rotateSwipeDeckSeedForMode
FNDA:0,timeout
FNDA:0,(anonymous_10)
FNDA:0,(anonymous_11)
FNDA:0,(anonymous_12)
FNDA:0,(anonymous_13)
FNDA:0,ensureClientEventId
FNDA:0,fetchMediaSwipeDeck
FNDA:0,(anonymous_16)
FNDA:0,normalizeEventType
FNDA:0,sendMediaSwipeEventsBatch
FNDA:0,(anonymous_19)
FNDA:0,sendMediaSwipeEvent
FNDA:0,sendOnboardingInitialLikes
DA:134,0
DA:135,0
DA:136,0
DA:137,0
DA:142,0
DA:146,0
DA:147,0
DA:148,0
DA:149,0
DA:150,0
DA:153,0
DA:157,0
DA:161,0
DA:162,0
DA:166,0
DA:167,0
DA:168,0
DA:169,0
DA:173,0
DA:174,0
DA:175,0
DA:178,0
DA:181,0
DA:182,0
DA:185,0
DA:186,0
DA:187,0
DA:188,0
DA:189,0
DA:190,0
DA:191,0
DA:193,0
DA:196,3
DA:203,0
DA:215,0
DA:216,0
DA:217,0
DA:218,0
DA:221,0
DA:224,0
DA:225,0
DA:229,0
DA:230,0
DA:234,0
DA:246,0
DA:247,0
DA:249,0
DA:253,0
DA:254,0
DA:258,0
DA:259,0
DA:264,0
DA:268,0
DA:269,0
DA:270,0
DA:271,0
DA:272,0
DA:274,0
DA:275,0
DA:281,0
DA:282,0
DA:283,0
DA:284,0
DA:293,0
DA:301,0
DA:302,0
DA:303,0
DA:304,0
DA:305,0
DA:309,0
DA:310,0
DA:312,0
DA:313,0
DA:314,0
DA:315,0
DA:316,0
DA:321,0
DA:322,0
DA:324,0
DA:327,0
DA:328,0
DA:332,0
DA:333,0
DA:336,0
DA:337,0
DA:338,0
DA:340,0
DA:341,0
DA:344,0
DA:348,0
DA:355,0
DA:358,0
DA:365,0
DA:366,0
DA:367,0
DA:369,0
DA:370,0
DA:371,0
DA:379,0
DA:380,0
DA:381,0
DA:384,0
DA:385,0
DA:392,0
DA:394,0
DA:395,0
DA:397,0
DA:398,0
DA:399,0
DA:414,0
DA:419,0
DA:421,0
DA:422,0
DA:424,0
DA:425,0
DA:426,0
LF:116
LH:1
BRDA:136,0,0,0
BRDA:136,0,1,0
BRDA:146,1,0,0
BRDA:146,1,1,0
BRDA:149,2,0,0
BRDA:149,2,1,0
BRDA:149,3,0,0
BRDA:149,3,1,0
BRDA:150,4,0,0
BRDA:150,4,1,0
BRDA:150,5,0,0
BRDA:150,5,1,0
BRDA:157,6,0,0
BRDA:157,6,1,0
BRDA:157,7,0,0
BRDA:157,7,1,0
BRDA:166,8,0,0
BRDA:166,8,1,0
BRDA:173,9,0,0
BRDA:173,9,1,0
BRDA:175,10,0,0
BRDA:175,10,1,0
BRDA:181,11,0,0
BRDA:181,11,1,0
BRDA:181,12,0,0
BRDA:181,12,1,0
BRDA:181,12,2,0
BRDA:182,13,0,0
BRDA:182,13,1,0
BRDA:182,14,0,0
BRDA:182,14,1,0
BRDA:182,14,2,0
BRDA:185,15,0,0
BRDA:185,15,1,0
BRDA:186,16,0,0
BRDA:186,16,1,0
BRDA:187,17,0,0
BRDA:187,17,1,0
BRDA:188,18,0,0
BRDA:188,18,1,0
BRDA:189,19,0,0
BRDA:189,19,1,0
BRDA:190,20,0,0
BRDA:190,20,1,0
BRDA:191,21,0,0
BRDA:191,21,1,0
BRDA:203,22,0,0
BRDA:203,22,1,0
BRDA:215,23,0,0
BRDA:215,23,1,0
BRDA:217,24,0,0
BRDA:217,24,1,0
BRDA:218,25,0,0
BRDA:218,25,1,0
BRDA:221,26,0,0
BRDA:221,26,1,0
BRDA:221,27,0,0
BRDA:221,27,1,0
BRDA:246,28,0,0
BRDA:246,28,1,0
BRDA:249,29,0,0
BRDA:249,29,1,0
BRDA:249,30,0,0
BRDA:249,30,1,0
BRDA:282,31,0,0
BRDA:282,31,1,0
BRDA:282,32,0,0
BRDA:282,32,1,0
BRDA:282,32,2,0
BRDA:283,33,0,0
BRDA:283,33,1,0
BRDA:283,34,0,0
BRDA:283,34,1,0
BRDA:296,35,0,0
BRDA:296,35,1,0
BRDA:296,36,0,0
BRDA:296,36,1,0
BRDA:303,37,0,0
BRDA:303,37,1,0
BRDA:304,38,0,0
BRDA:304,38,1,0
BRDA:314,39,0,0
BRDA:314,39,1,0
BRDA:314,40,0,0
BRDA:314,40,1,0
BRDA:327,41,0,0
BRDA:327,41,1,0
BRDA:327,42,0,0
BRDA:327,42,1,0
BRDA:332,43,0,0
BRDA:332,43,1,0
BRDA:333,44,0,0
BRDA:333,44,1,0
BRDA:333,44,2,0
BRDA:336,45,0,0
BRDA:336,45,1,0
BRDA:340,46,0,0
BRDA:340,46,1,0
BRDA:340,47,0,0
BRDA:340,47,1,0
BRDA:348,48,0,0
BRDA:348,48,1,0
BRDA:348,49,0,0
BRDA:348,49,1,0
BRDA:357,50,0,0
BRDA:357,50,1,0
BRDA:357,50,2,0
BRDA:358,51,0,0
BRDA:358,51,1,0
BRDA:366,52,0,0
BRDA:366,52,1,0
BRDA:367,53,0,0
BRDA:367,53,1,0
BRDA:370,54,0,0
BRDA:370,54,1,0
BRDA:380,55,0,0
BRDA:380,55,1,0
BRDA:388,56,0,0
BRDA:388,56,1,0
BRDA:388,56,2,0
BRDA:394,57,0,0
BRDA:394,57,1,0
BRDA:395,58,0,0
BRDA:395,58,1,0
BRDA:398,59,0,0
BRDA:398,59,1,0
BRDA:416,60,0,0
BRDA:416,60,1,0
BRDA:421,61,0,0
BRDA:421,61,1,0
BRDA:422,62,0,0
BRDA:422,62,1,0
BRDA:425,63,0,0
BRDA:425,63,1,0
BRF:134
BRH:0
end_of_record
TN:
SF:src\modules\swipe\useMediaSwipeDeck.ts
FN:87,mapKindToMode
FN:94,mapBackendSource
FN:106,mapDirectionToEventType
FN:112,nextClientEventId
FN:117,normalizeCard
FN:131,scheduleAssetPrefetch
FN:140,(anonymous_6)
FN:144,(anonymous_7)
FN:155,useMediaSwipeDeck
FN:168,(anonymous_9)
FN:171,(anonymous_10)
FN:191,(anonymous_11)
FN:193,(anonymous_12)
FN:199,(anonymous_13)
FN:200,(anonymous_14)
FN:219,(anonymous_15)
FN:220,(anonymous_16)
FN:224,(anonymous_17)
FN:243,(anonymous_18)
FN:260,(anonymous_19)
FN:264,(anonymous_20)
FN:307,(anonymous_21)
FN:316,(anonymous_22)
FN:340,(anonymous_23)
FN:353,(anonymous_24)
FN:371,(anonymous_25)
FN:390,(anonymous_26)
FN:417,(anonymous_27)
FN:419,(anonymous_28)
FN:429,(anonymous_29)
FN:430,(anonymous_30)
FN:440,(anonymous_31)
FN:451,(anonymous_32)
FN:472,(anonymous_33)
FN:497,(anonymous_34)
FN:513,(anonymous_35)
FN:531,(anonymous_36)
FN:543,(anonymous_37)
FN:584,(anonymous_38)
FNF:39
FNH:0
FNDA:0,mapKindToMode
FNDA:0,mapBackendSource
FNDA:0,mapDirectionToEventType
FNDA:0,nextClientEventId
FNDA:0,normalizeCard
FNDA:0,scheduleAssetPrefetch
FNDA:0,(anonymous_6)
FNDA:0,(anonymous_7)
FNDA:0,useMediaSwipeDeck
FNDA:0,(anonymous_9)
FNDA:0,(anonymous_10)
FNDA:0,(anonymous_11)
FNDA:0,(anonymous_12)
FNDA:0,(anonymous_13)
FNDA:0,(anonymous_14)
FNDA:0,(anonymous_15)
FNDA:0,(anonymous_16)
FNDA:0,(anonymous_17)
FNDA:0,(anonymous_18)
FNDA:0,(anonymous_19)
FNDA:0,(anonymous_20)
FNDA:0,(anonymous_21)
FNDA:0,(anonymous_22)
FNDA:0,(anonymous_23)
FNDA:0,(anonymous_24)
FNDA:0,(anonymous_25)
FNDA:0,(anonymous_26)
FNDA:0,(anonymous_27)
FNDA:0,(anonymous_28)
FNDA:0,(anonymous_29)
FNDA:0,(anonymous_30)
FNDA:0,(anonymous_31)
FNDA:0,(anonymous_32)
FNDA:0,(anonymous_33)
FNDA:0,(anonymous_34)
FNDA:0,(anonymous_35)
FNDA:0,(anonymous_36)
FNDA:0,(anonymous_37)
FNDA:0,(anonymous_38)
DA:88,0
DA:89,0
DA:90,0
DA:91,0
DA:95,0
DA:96,0
DA:97,0
DA:98,0
DA:99,0
DA:100,0
DA:101,0
DA:102,0
DA:103,0
DA:107,0
DA:108,0
DA:109,0
DA:113,0
DA:114,0
DA:119,0
DA:121,0
DA:125,0
DA:127,0
DA:128,0
DA:132,0
DA:133,0
DA:135,0
DA:136,0
DA:138,0
DA:140,0
DA:142,0
DA:144,0
DA:145,0
DA:146,0
DA:147,0
DA:148,0
DA:149,0
DA:150,0
DA:159,0
DA:160,0
DA:161,0
DA:162,0
DA:163,0
DA:165,0
DA:168,0
DA:169,0
DA:171,0
DA:172,0
DA:173,0
DA:174,0
DA:176,0
DA:177,0
DA:178,0
DA:179,0
DA:180,0
DA:183,0
DA:186,0
DA:189,0
DA:191,0
DA:192,0
DA:193,0
DA:194,0
DA:195,0
DA:199,0
DA:200,0
DA:202,0
DA:203,0
DA:204,0
DA:205,0
DA:208,0
DA:209,0
DA:211,0
DA:217,0
DA:219,0
DA:220,0
DA:223,0
DA:225,0
DA:227,0
DA:228,0
DA:230,0
DA:231,0
DA:235,0
DA:236,0
DA:237,0
DA:238,0
DA:241,0
DA:243,0
DA:244,0
DA:250,0
DA:251,0
DA:254,0
DA:259,0
DA:261,0
DA:262,0
DA:264,0
DA:270,0
DA:271,0
DA:275,0
DA:276,0
DA:277,0
DA:278,0
DA:284,0
DA:285,0
DA:286,0
DA:288,0
DA:291,0
DA:292,0
DA:293,0
DA:306,0
DA:307,0
DA:315,0
DA:316,0
DA:321,0
DA:324,0
DA:325,0
DA:327,0
DA:332,0
DA:338,0
DA:340,0
DA:348,0
DA:353,0
DA:355,0
DA:371,0
DA:373,0
DA:374,0
DA:375,0
DA:376,0
DA:378,0
DA:379,0
DA:390,0
DA:393,0
DA:394,0
DA:396,0
DA:397,0
DA:398,0
DA:399,0
DA:400,0
DA:402,0
DA:403,0
DA:416,0
DA:418,0
DA:419,0
DA:428,0
DA:429,0
DA:432,0
DA:437,0
DA:438,0
DA:441,0
DA:443,0
DA:444,0
DA:445,0
DA:450,0
DA:452,0
DA:454,0
DA:455,0
DA:456,0
DA:458,0
DA:471,0
DA:473,0
DA:474,0
DA:476,0
DA:477,0
DA:478,0
DA:479,0
DA:480,0
DA:482,0
DA:496,0
DA:498,0
DA:499,0
DA:512,0
DA:514,0
DA:515,0
DA:530,0
DA:532,0
DA:537,0
DA:542,0
DA:544,0
DA:549,0
DA:550,0
DA:558,0
DA:585,0
LF:180
LH:0
BRDA:88,0,0,0
BRDA:88,0,1,0
BRDA:88,1,0,0
BRDA:88,1,1,0
BRDA:89,2,0,0
BRDA:89,2,1,0
BRDA:90,3,0,0
BRDA:90,3,1,0
BRDA:95,4,0,0
BRDA:95,4,1,0
BRDA:97,5,0,0
BRDA:97,5,1,0
BRDA:98,6,0,0
BRDA:98,6,1,0
BRDA:99,7,0,0
BRDA:99,7,1,0
BRDA:100,8,0,0
BRDA:100,8,1,0
BRDA:101,9,0,0
BRDA:101,9,1,0
BRDA:102,10,0,0
BRDA:102,10,1,0
BRDA:107,11,0,0
BRDA:107,11,1,0
BRDA:108,12,0,0
BRDA:108,12,1,0
BRDA:113,13,0,0
BRDA:113,13,1,0
BRDA:113,14,0,0
BRDA:113,14,1,0
BRDA:119,15,0,0
BRDA:119,15,1,0
BRDA:121,16,0,0
BRDA:121,16,1,0
BRDA:121,16,2,0
BRDA:123,17,0,0
BRDA:123,17,1,0
BRDA:123,18,0,0
BRDA:123,18,1,0
BRDA:125,19,0,0
BRDA:125,19,1,0
BRDA:127,20,0,0
BRDA:127,20,1,0
BRDA:127,21,0,0
BRDA:127,21,1,0
BRDA:132,22,0,0
BRDA:132,22,1,0
BRDA:133,23,0,0
BRDA:133,23,1,0
BRDA:136,24,0,0
BRDA:136,24,1,0
BRDA:140,25,0,0
BRDA:140,25,1,0
BRDA:146,26,0,0
BRDA:146,26,1,0
BRDA:159,27,0,0
BRDA:159,27,1,0
BRDA:160,28,0,0
BRDA:160,28,1,0
BRDA:161,29,0,0
BRDA:161,29,1,0
BRDA:162,30,0,0
BRDA:162,30,1,0
BRDA:163,31,0,0
BRDA:163,31,1,0
BRDA:172,32,0,0
BRDA:172,32,1,0
BRDA:174,33,0,0
BRDA:174,33,1,0
BRDA:180,34,0,0
BRDA:180,34,1,0
BRDA:180,35,0,0
BRDA:180,35,1,0
BRDA:186,36,0,0
BRDA:186,36,1,0
BRDA:220,37,0,0
BRDA:220,37,1,0
BRDA:225,38,0,0
BRDA:225,38,1,0
BRDA:231,39,0,0
BRDA:231,39,1,0
BRDA:237,40,0,0
BRDA:237,40,1,0
BRDA:241,41,0,0
BRDA:241,41,1,0
BRDA:260,42,0,0
BRDA:261,43,0,0
BRDA:261,43,1,0
BRDA:266,44,0,0
BRDA:266,44,1,0
BRDA:271,45,0,0
BRDA:271,45,1,0
BRDA:275,46,0,0
BRDA:275,46,1,0
BRDA:276,47,0,0
BRDA:276,47,1,0
BRDA:288,48,0,0
BRDA:288,48,1,0
BRDA:297,49,0,0
BRDA:297,49,1,0
BRDA:300,50,0,0
BRDA:300,50,1,0
BRDA:301,51,0,0
BRDA:301,51,1,0
BRDA:307,52,0,0
BRDA:307,52,1,0
BRDA:312,53,0,0
BRDA:312,53,1,0
BRDA:315,54,0,0
BRDA:315,54,1,0
BRDA:318,55,0,0
BRDA:318,55,1,0
BRDA:325,56,0,0
BRDA:325,56,1,0
BRDA:338,57,0,0
BRDA:338,57,1,0
BRDA:342,58,0,0
BRDA:342,58,1,0
BRDA:348,59,0,0
BRDA:348,59,1,0
BRDA:350,60,0,0
BRDA:350,60,1,0
BRDA:364,61,0,0
BRDA:364,61,1,0
BRDA:386,62,0,0
BRDA:386,62,1,0
BRDA:393,63,0,0
BRDA:393,63,1,0
BRDA:394,64,0,0
BRDA:394,64,1,0
BRDA:410,65,0,0
BRDA:410,65,1,0
BRDA:418,66,0,0
BRDA:418,66,1,0
BRDA:432,67,0,0
BRDA:432,67,1,0
BRDA:434,68,0,0
BRDA:434,68,1,0
BRDA:443,69,0,0
BRDA:443,69,1,0
BRDA:452,70,0,0
BRDA:452,70,1,0
BRDA:455,71,0,0
BRDA:455,71,1,0
BRDA:461,72,0,0
BRDA:461,72,1,0
BRDA:464,73,0,0
BRDA:464,73,1,0
BRDA:473,74,0,0
BRDA:473,74,1,0
BRDA:474,75,0,0
BRDA:474,75,1,0
BRDA:474,76,0,0
BRDA:474,76,1,0
BRDA:478,77,0,0
BRDA:478,77,1,0
BRDA:479,78,0,0
BRDA:479,78,1,0
BRDA:485,79,0,0
BRDA:485,79,1,0
BRDA:489,80,0,0
BRDA:489,80,1,0
BRDA:505,81,0,0
BRDA:505,81,1,0
BRDA:521,82,0,0
BRDA:521,82,1,0
BRDA:534,83,0,0
BRDA:534,83,1,0
BRDA:535,84,0,0
BRDA:535,84,1,0
BRDA:546,85,0,0
BRDA:546,85,1,0
BRDA:547,86,0,0
BRDA:547,86,1,0
BRDA:568,87,0,0
BRDA:568,87,1,0
BRDA:583,88,0,0
BRDA:583,88,1,0
BRDA:585,89,0,0
BRDA:585,89,1,0
BRDA:587,90,0,0
BRDA:587,90,1,0
BRF:182
BRH:0
end_of_record
TN:
SF:src\modules\swipe\useSwipeDeck.ts
FN:87,(anonymous_0)
FN:92,loadInitialSourceWeights
FN:138,mapKindToMode
FN:147,mapBackendSource
FN:159,mapKindToTitleType
FN:165,mapDeckCardToSwipeCardData
FN:219,fetchSwipeBatch
FN:240,(anonymous_7)
FN:243,prefillSwipeDeckCache
FN:273,buildInterleavedDeck
FN:276,(anonymous_10)
FN:294,trimDeck
FN:307,useSwipeDeck
FN:334,(anonymous_13)
FN:335,(anonymous_14)
FN:343,(anonymous_15)
FN:344,(anonymous_16)
FN:353,(anonymous_17)
FN:355,(anonymous_18)
FN:360,(anonymous_19)
FN:366,(anonymous_20)
FN:367,(anonymous_21)
FN:397,(anonymous_22)
FN:403,(anonymous_23)
FN:406,(anonymous_24)
FNF:25
FNH:4
FNDA:0,(anonymous_0)
FNDA:2,loadInitialSourceWeights
FNDA:0,mapKindToMode
FNDA:0,mapBackendSource
FNDA:0,mapKindToTitleType
FNDA:0,mapDeckCardToSwipeCardData
FNDA:0,fetchSwipeBatch
FNDA:0,(anonymous_7)
FNDA:0,prefillSwipeDeckCache
FNDA:1,buildInterleavedDeck
FNDA:3,(anonymous_10)
FNDA:2,trimDeck
FNDA:0,useSwipeDeck
FNDA:0,(anonymous_13)
FNDA:0,(anonymous_14)
FNDA:0,(anonymous_15)
FNDA:0,(anonymous_16)
FNDA:0,(anonymous_17)
FNDA:0,(anonymous_18)
FNDA:0,(anonymous_19)
FNDA:0,(anonymous_20)
FNDA:0,(anonymous_21)
FNDA:0,(anonymous_22)
FNDA:0,(anonymous_23)
FNDA:0,(anonymous_24)
DA:87,3
DA:88,0
DA:90,3
DA:93,2
DA:94,0
DA:102,2
DA:103,2
DA:104,2
DA:105,1
DA:113,1
DA:114,1
DA:121,0
DA:141,0
DA:142,0
DA:143,0
DA:144,0
DA:148,0
DA:149,0
DA:150,0
DA:151,0
DA:152,0
DA:153,0
DA:154,0
DA:155,0
DA:156,0
DA:160,0
DA:161,0
DA:162,0
DA:171,0
DA:175,0
DA:179,0
DA:226,0
DA:227,0
DA:229,0
DA:237,0
DA:238,0
DA:240,0
DA:253,0
DA:255,0
DA:256,0
DA:257,0
DA:260,0
DA:265,0
DA:274,1
DA:275,1
DA:276,3
DA:278,1
DA:279,2
DA:280,2
DA:281,4
DA:282,4
DA:283,4
DA:284,4
DA:285,4
DA:288,2
DA:291,1
DA:298,2
DA:299,1
DA:300,1
DA:311,0
DA:327,0
DA:332,0
DA:334,0
DA:335,0
DA:336,0
DA:340,0
DA:342,0
DA:344,0
DA:345,0
DA:346,0
DA:352,0
DA:354,0
DA:355,0
DA:360,0
DA:361,0
DA:362,0
DA:365,0
DA:367,0
DA:368,0
DA:370,0
DA:373,0
DA:374,0
DA:375,0
DA:385,0
DA:386,0
DA:397,0
DA:402,0
DA:404,0
DA:406,0
DA:407,0
DA:409,0
DA:410,0
DA:411,0
DA:421,0
DA:422,0
DA:436,0
LF:96
LH:25
BRDA:93,0,0,0
BRDA:93,0,1,2
BRDA:104,1,0,1
BRDA:104,1,1,1
BRDA:115,2,0,1
BRDA:115,2,1,0
BRDA:116,3,0,0
BRDA:116,3,1,1
BRDA:117,4,0,1
BRDA:117,4,1,0
BRDA:118,5,0,0
BRDA:118,5,1,1
BRDA:141,6,0,0
BRDA:141,6,1,0
BRDA:141,7,0,0
BRDA:141,7,1,0
BRDA:142,8,0,0
BRDA:142,8,1,0
BRDA:143,9,0,0
BRDA:143,9,1,0
BRDA:148,10,0,0
BRDA:148,10,1,0
BRDA:150,11,0,0
BRDA:150,11,1,0
BRDA:151,12,0,0
BRDA:151,12,1,0
BRDA:152,13,0,0
BRDA:152,13,1,0
BRDA:153,14,0,0
BRDA:153,14,1,0
BRDA:154,15,0,0
BRDA:154,15,1,0
BRDA:155,16,0,0
BRDA:155,16,1,0
BRDA:160,17,0,0
BRDA:160,17,1,0
BRDA:161,18,0,0
BRDA:161,18,1,0
BRDA:171,19,0,0
BRDA:171,19,1,0
BRDA:175,20,0,0
BRDA:175,20,1,0
BRDA:180,21,0,0
BRDA:180,21,1,0
BRDA:181,22,0,0
BRDA:181,22,1,0
BRDA:182,23,0,0
BRDA:182,23,1,0
BRDA:183,24,0,0
BRDA:183,24,1,0
BRDA:184,25,0,0
BRDA:184,25,1,0
BRDA:185,26,0,0
BRDA:185,26,1,0
BRDA:187,27,0,0
BRDA:187,27,1,0
BRDA:188,28,0,0
BRDA:188,28,1,0
BRDA:190,29,0,0
BRDA:190,29,1,0
BRDA:191,30,0,0
BRDA:191,30,1,0
BRDA:192,31,0,0
BRDA:192,31,1,0
BRDA:193,32,0,0
BRDA:193,32,1,0
BRDA:194,33,0,0
BRDA:194,33,1,0
BRDA:195,34,0,0
BRDA:195,34,1,0
BRDA:196,35,0,0
BRDA:196,35,1,0
BRDA:197,36,0,0
BRDA:197,36,1,0
BRDA:199,37,0,0
BRDA:199,37,1,0
BRDA:200,38,0,0
BRDA:200,38,1,0
BRDA:201,39,0,0
BRDA:201,39,1,0
BRDA:202,40,0,0
BRDA:202,40,1,0
BRDA:203,41,0,0
BRDA:203,41,1,0
BRDA:207,42,0,0
BRDA:207,42,1,0
BRDA:211,43,0,0
BRDA:211,43,1,0
BRDA:213,44,0,0
BRDA:213,44,1,0
BRDA:215,45,0,0
BRDA:215,45,1,0
BRDA:233,46,0,0
BRDA:233,46,1,0
BRDA:234,47,0,0
BRDA:234,47,1,0
BRDA:237,48,0,0
BRDA:237,48,1,0
BRDA:238,49,0,0
BRDA:238,49,1,0
BRDA:253,50,0,0
BRDA:253,50,1,0
BRDA:256,51,0,0
BRDA:256,51,1,0
BRDA:256,52,0,0
BRDA:256,52,1,0
BRDA:256,52,2,0
BRDA:261,53,0,0
BRDA:261,53,1,0
BRDA:262,54,0,0
BRDA:262,54,1,0
BRDA:266,55,0,0
BRDA:266,55,1,0
BRDA:268,56,0,0
BRDA:268,56,1,0
BRDA:274,57,0,0
BRDA:274,57,1,1
BRDA:282,58,0,4
BRDA:282,58,1,0
BRDA:285,59,0,1
BRDA:285,59,1,3
BRDA:288,60,0,0
BRDA:288,60,1,2
BRDA:298,61,0,1
BRDA:298,61,1,1
BRDA:311,62,0,0
BRDA:311,62,1,0
BRDA:329,63,0,0
BRDA:329,63,1,0
BRDA:336,64,0,0
BRDA:336,64,1,0
BRDA:340,65,0,0
BRDA:340,65,1,0
BRDA:345,66,0,0
BRDA:345,66,1,0
BRDA:368,67,0,0
BRDA:368,67,1,0
BRDA:373,68,0,0
BRDA:373,68,1,0
BRDA:373,68,2,0
BRDA:374,69,0,0
BRDA:374,69,1,0
BRDA:377,70,0,0
BRDA:377,70,1,0
BRDA:379,71,0,0
BRDA:379,71,1,0
BRDA:380,72,0,0
BRDA:380,72,1,0
BRDA:385,73,0,0
BRDA:385,73,1,0
BRDA:388,74,0,0
BRDA:388,74,1,0
BRDA:390,75,0,0
BRDA:390,75,1,0
BRDA:391,76,0,0
BRDA:391,76,1,0
BRDA:407,77,0,0
BRDA:407,77,1,0
BRDA:409,78,0,0
BRDA:409,78,1,0
BRDA:409,78,2,0
BRDA:410,79,0,0
BRDA:410,79,1,0
BRDA:413,80,0,0
BRDA:413,80,1,0
BRDA:415,81,0,0
BRDA:415,81,1,0
BRDA:416,82,0,0
BRDA:416,82,1,0
BRDA:421,83,0,0
BRDA:421,83,1,0
BRDA:424,84,0,0
BRDA:424,84,1,0
BRDA:426,85,0,0
BRDA:426,85,1,0
BRDA:427,86,0,0
BRDA:427,86,1,0
BRF:177
BRH:14
end_of_record
TN:
SF:src\modules\title\virtualTitleId.ts
FN:8,(anonymous_0)
FN:13,(anonymous_1)
FN:24,(anonymous_2)
FNF:3
FNH:3
FNDA:2,(anonymous_0)
FNDA:1,(anonymous_1)
FNDA:1,(anonymous_2)
DA:4,1
DA:8,1
DA:9,2
DA:10,2
DA:13,1
DA:14,1
DA:15,1
DA:16,1
DA:18,1
DA:19,1
DA:21,1
DA:24,1
DA:28,1
DA:29,1
DA:31,1
DA:32,1
DA:34,1
DA:35,1
DA:36,1
LF:19
LH:19
BRDA:9,0,0,0
BRDA:9,0,1,2
BRDA:14,1,0,0
BRDA:14,1,1,1
BRDA:15,2,0,0
BRDA:15,2,1,1
BRDA:16,3,0,0
BRDA:16,3,1,1
BRDA:16,4,0,1
BRDA:16,4,1,0
BRDA:19,5,0,0
BRDA:19,5,1,1
BRDA:21,6,0,0
BRDA:21,6,1,1
BRDA:28,7,0,0
BRDA:28,7,1,1
BRDA:29,8,0,0
BRDA:29,8,1,1
BRDA:32,9,0,0
BRDA:32,9,1,1
BRDA:35,10,0,0
BRDA:35,10,1,1
BRDA:36,11,0,1
BRDA:36,11,1,0
BRF:24
BRH:12
end_of_record
TN:
SF:src\utils\format.ts
FN:1,(anonymous_0)
FN:4,(anonymous_1)
FN:9,(anonymous_2)
FN:18,(anonymous_3)
FN:27,(anonymous_4)
FN:36,(anonymous_5)
FNF:6
FNH:0
FNDA:0,(anonymous_0)
FNDA:0,(anonymous_1)
FNDA:0,(anonymous_2)
FNDA:0,(anonymous_3)
FNDA:0,(anonymous_4)
FNDA:0,(anonymous_5)
DA:1,2
DA:2,0
DA:4,2
DA:5,0
DA:6,0
DA:9,2
DA:13,0
DA:14,0
DA:15,0
DA:18,2
DA:22,0
DA:23,0
DA:24,0
DA:27,2
DA:31,0
DA:32,0
DA:33,0
DA:36,2
DA:37,0
LF:19
LH:6
BRDA:2,0,0,0
BRDA:2,0,1,0
BRDA:2,1,0,0
BRDA:2,1,1,0
BRDA:5,2,0,0
BRDA:5,2,1,0
BRDA:6,3,0,0
BRDA:6,3,1,0
BRDA:11,4,0,0
BRDA:14,5,0,0
BRDA:14,5,1,0
BRDA:20,6,0,0
BRDA:23,7,0,0
BRDA:23,7,1,0
BRDA:29,8,0,0
BRDA:32,9,0,0
BRDA:32,9,1,0
BRF:17
BRH:0
end_of_record
